rollTimeSum:26172 awardDistance:["23903"]
rollTimeSum:435542 awardDistance:["372973"]
rollTimeSum:671400 awardDistance:["214810"]
rollTimeSum:894186 awardDistance:["202935"]
rollTimeSum:2936470 awardDistance:["1859530"]
rollTimeSum:3640059 awardDistance:["640994"]
rollTimeSum:7190731 awardDistance:["3232822"]
rollTimeSum:7469973 awardDistance:["254309"]
rollTimeSum:8612158 awardDistance:["1039811"]
rollTimeSum:9163984 awardDistance:["502383"]
rollTimeSum:9190640 awardDistance:["24269"]
rollTimeSum:i1053310 awardDistance:["1696128"]
rollTimeSum:i2008962 awardDistance:["870298"]
rollTimeSum:i2239024 awardDistance:["209211"]
rollTimeSum:i2397664 awardDistance:["144597"]
rollTimeSum:i5528801 awardDistance:["2850718"]
rollTimeSum:i6060509 awardDistance:["484436"]
rollTimeSum:i6230654 awardDistance:["154893"]
rollTimeSum:i7264824 awardDistance:["941565"]
rollTimeSum:i7623683 awardDistance:["326884"]
rollTimeSum:i8266457 awardDistance:["585044"]
rollTimeSum:i9575126 awardDistance:["1191285"]
rollTimeSum:ii243982 awardDistance:["609503"]
rollTimeSum:ii1731975 awardDistance:["1354950"]
rollTimeSum:ii1737911 awardDistance:["5400"]
rollTimeSum:ii2860787 awardDistance:["1022250"]
rollTimeSum:ii3036333 awardDistance:["159906"]
rollTimeSum:ii3172893 awardDistance:["124298"]
rollTimeSum:ii3472046 awardDistance:["272619"]
rollTimeSum:ii3620833 awardDistance:["135524"]
rollTimeSum:ii3890868 awardDistance:["245589"]
rollTimeSum:ii4119043 awardDistance:["208018"]
rollTimeSum:ii4459761 awardDistance:["310466"]
rollTimeSum:ii4609545 awardDistance:["136259"]
rollTimeSum:ii8171526 awardDistance:["3243215"]
rollTimeSum:ii8922950 awardDistance:["684404"]
rollTimeSum:iii725763 awardDistance:["1641554"]
rollTimeSum:iii1237637 awardDistance:["466120"]
rollTimeSum:iii1602153 awardDistance:["331728"]
rollTimeSum:iii2202795 awardDistance:["547023"]
rollTimeSum:iii3053023 awardDistance:["774267"]
rollTimeSum:iii3775933 awardDistance:["658098"]
rollTimeSum:iii4022473 awardDistance:["224341"]
rollTimeSum:iii5046708 awardDistance:["932798"]
rollTimeSum:iii5366485 awardDistance:["291330"]
rollTimeSum:iii5793869 awardDistance:["388837"]
rollTimeSum:iii6411693 awardDistance:["562583"]
rollTimeSum:iii6750091 awardDistance:["308286"]
rollTimeSum:iii7612931 awardDistance:["785866"]
rollTimeSum:iii8282908 awardDistance:["609928"]
rollTimeSum:iii9510326 awardDistance:["1118054"]
rollTimeSum:iiii197773 awardDistance:["625726"]
rollTimeSum:iiii1611598 awardDistance:["1287968"]
rollTimeSum:iiii1719622 awardDistance:["98460"]
rollTimeSum:iiii2228801 awardDistance:["463815"]
rollTimeSum:iiii2243904 awardDistance:["13732"]
rollTimeSum:iiii2279544 awardDistance:["32436"]
rollTimeSum:iiii2700839 awardDistance:["383940"]
rollTimeSum:iiii3157481 awardDistance:["415723"]
rollTimeSum:iiii3257138 awardDistance:["90900"]
rollTimeSum:iiii3704840 awardDistance:["407632"]
rollTimeSum:iiii7123655 awardDistance:["3112893"]
rollTimeSum:iiii8360213 awardDistance:["1125721"]
rollTimeSum:iiiii852139 awardDistance:["2269357"]
rollTimeSum:iiiii1082954 awardDistance:["210429"]
rollTimeSum:iiiii1542226 awardDistance:["418096"]
rollTimeSum:iiiii1593836 awardDistance:["46948"]
rollTimeSum:iiiii1635549 awardDistance:["37978"]
rollTimeSum:iiiii1760764 awardDistance:["113912"]
rollTimeSum:iiiii2332112 awardDistance:["520159"]
rollTimeSum:iiiii2742283 awardDistance:["374040"]
rollTimeSum:iiiii2746111 awardDistance:["3489"]
rollTimeSum:iiiii3842899 awardDistance:["998747"]
rollTimeSum:iiiii5286234 awardDistance:["1314493"]
rollTimeSum:iiiii6185735 awardDistance:["819536"]
rollTimeSum:iiiii7411410 awardDistance:["1115879"]
rollTimeSum:iiiii8461759 awardDistance:["956398"]
rollTimeSum:iiiii9001204 awardDistance:["491178"]
rollTimeSum:iiiii9498205 awardDistance:["452654"]
rollTimeSum:iiiiii930434 awardDistance:["1304117"]
rollTimeSum:iiiiii2032478 awardDistance:["1003171"]
rollTimeSum:iiiiii2167925 awardDistance:["123106"]
rollTimeSum:iiiiii2992371 awardDistance:["750765"]
rollTimeSum:iiiiii3699955 awardDistance:["644277"]
rollTimeSum:iiiiii4410822 awardDistance:["647149"]
rollTimeSum:iiiiii5144912 awardDistance:["668567"]
rollTimeSum:iiiiii5338596 awardDistance:["176398"]
rollTimeSum:iiiiii6093573 awardDistance:["687459"]
rollTimeSum:iiiiii6953348 awardDistance:["782959"]
rollTimeSum:iiiiii8153408 awardDistance:["1092809"]
rollTimeSum:iiiiii8694119 awardDistance:["492457"]
rollTimeSum:iiiiii9172360 awardDistance:["435697"]
rollTimeSum:iiiiii9359473 awardDistance:["170017"]
rollTimeSum:iiiiiii1579179 awardDistance:["2021391"]
rollTimeSum:iiiiiii2284514 awardDistance:["642364"]
rollTimeSum:iiiiiii2605756 awardDistance:["292458"]
rollTimeSum:iiiiiii3864210 awardDistance:["1145961"]
rollTimeSum:iiiiiii4963982 awardDistance:["1001567"]
rollTimeSum:iiiiiii5357067 awardDistance:["358259"]
rollTimeSum:iiiiiii5657998 awardDistance:["274085"]
rollTimeSum:iiiiiii6416980 awardDistance:["690792"]
rollTimeSum:iiiiiii6909286 awardDistance:["448154"]
rollTimeSum:iiiiiii7615560 awardDistance:["643120"]
rollTimeSum:iiiiiii9599246 awardDistance:["1806252"]
rollTimeSum:iiiiiii9744989 awardDistance:["132848"]
rollTimeSum:iiiiiiii720789 awardDistance:["888918"]
rollTimeSum:iiiiiiii4291626 awardDistance:["3251451"]
rollTimeSum:iiiiiiii4785174 awardDistance:["449302"]
rollTimeSum:iiiiiiii6188725 awardDistance:["1278679"]
rollTimeSum:iiiiiiii7347486 awardDistance:["1054956"]
rollTimeSum:iiiiiiii7621543 awardDistance:["249518"]
rollTimeSum:iiiiiiii9823777 awardDistance:["2004554"]
rollTimeSum:iiiiiiiii322762 awardDistance:["454236"]
rollTimeSum:iiiiiiiii607296 awardDistance:["259022"]
rollTimeSum:iiiiiiiii2513212 awardDistance:["1735381"]
rollTimeSum:iiiiiiiii2681075 awardDistance:["152775"]
rollTimeSum:iiiiiiiii2729305 awardDistance:["43924"]
rollTimeSum:iiiiiiiii2884256 awardDistance:["141079"]
rollTimeSum:iiiiiiiii3846825 awardDistance:["876482"]
rollTimeSum:iiiiiiiii3910200 awardDistance:["57866"]
rollTimeSum:iiiiiiiii4127820 awardDistance:["198241"]
rollTimeSum:iiiiiiiii4377209 awardDistance:["227016"]
rollTimeSum:iiiiiiiii5103350 awardDistance:["660717"]
rollTimeSum:iiiiiiiii5806939 awardDistance:["640994"]
rollTimeSum:iiiiiiiii9357611 awardDistance:["3232822"]
rollTimeSum:iiiiiiiii9636853 awardDistance:["254309"]
rollTimeSum:iiiiiiiiii779038 awardDistance:["1039811"]
rollTimeSum:iiiiiiiiii1330864 awardDistance:["502383"]
rollTimeSum:iiiiiiiiii1357520 awardDistance:["24269"]
rollTimeSum:iiiiiiiiii3220190 awardDistance:["1696128"]
rollTimeSum:iiiiiiiiii4175842 awardDistance:["870298"]
rollTimeSum:iiiiiiiiii4405904 awardDistance:["209211"]
rollTimeSum:iiiiiiiiii4564544 awardDistance:["144597"]
rollTimeSum:iiiiiiiiii7695681 awardDistance:["2850718"]
rollTimeSum:iiiiiiiiii8227389 awardDistance:["484436"]
rollTimeSum:iiiiiiiiii8397534 awardDistance:["154893"]
rollTimeSum:iiiiiiiiii9431704 awardDistance:["941565"]
rollTimeSum:iiiiiiiiii9790563 awardDistance:["326884"]
rollTimeSum:vi433337 awardDistance:["585044"]
rollTimeSum:vi1742006 awardDistance:["1191285"]
rollTimeSum:vi2410862 awardDistance:["609503"]
rollTimeSum:vi3898855 awardDistance:["1354950"]
rollTimeSum:vi3904791 awardDistance:["5400"]
rollTimeSum:vi5027667 awardDistance:["1022250"]
rollTimeSum:vi5203213 awardDistance:["159906"]
rollTimeSum:vi5339773 awardDistance:["124298"]
rollTimeSum:vi5638926 awardDistance:["272619"]
rollTimeSum:vi5787713 awardDistance:["135524"]
rollTimeSum:vi6057748 awardDistance:["245589"]
rollTimeSum:vi6285923 awardDistance:["208018"]
rollTimeSum:vi6626641 awardDistance:["310466"]
rollTimeSum:vi6776425 awardDistance:["136259"]
rollTimeSum:vii338406 awardDistance:["3243215"]
rollTimeSum:vii1089830 awardDistance:["684404"]
rollTimeSum:vii2892643 awardDistance:["1641554"]
rollTimeSum:vii3404517 awardDistance:["466120"]
rollTimeSum:vii3769033 awardDistance:["331728"]
rollTimeSum:vii4369675 awardDistance:["547023"]
rollTimeSum:vii5219903 awardDistance:["774267"]
rollTimeSum:vii5942813 awardDistance:["658098"]
rollTimeSum:vii6189353 awardDistance:["224341"]
rollTimeSum:vii7213588 awardDistance:["932798"]
rollTimeSum:vii7533365 awardDistance:["291330"]
rollTimeSum:vii7960749 awardDistance:["388837"]
rollTimeSum:vii8578573 awardDistance:["562583"]
rollTimeSum:vii8916971 awardDistance:["308286"]
rollTimeSum:vii9779811 awardDistance:["785866"]
rollTimeSum:viii449788 awardDistance:["609928"]
rollTimeSum:viii1677206 awardDistance:["1118054"]
rollTimeSum:viii2364653 awardDistance:["625726"]
rollTimeSum:viii3778478 awardDistance:["1287968"]
rollTimeSum:viii3886502 awardDistance:["98460"]
rollTimeSum:viii4395681 awardDistance:["463815"]
rollTimeSum:viii4410784 awardDistance:["13732"]
rollTimeSum:viii4446424 awardDistance:["32436"]
rollTimeSum:viii4867719 awardDistance:["383940"]
rollTimeSum:viii5324361 awardDistance:["415723"]
rollTimeSum:viii5424018 awardDistance:["90900"]
rollTimeSum:viii5871720 awardDistance:["407632"]
rollTimeSum:viii9290535 awardDistance:["3112893"]
rollTimeSum:viiii527093 awardDistance:["1125721"]
rollTimeSum:viiii3019019 awardDistance:["2269357"]
rollTimeSum:viiii3249834 awardDistance:["210429"]
rollTimeSum:viiii3709106 awardDistance:["418096"]
rollTimeSum:viiii3760716 awardDistance:["46948"]
rollTimeSum:viiii3802429 awardDistance:["37978"]
rollTimeSum:viiii3927644 awardDistance:["113912"]
rollTimeSum:viiii4498992 awardDistance:["520159"]
rollTimeSum:viiii4909163 awardDistance:["374040"]
rollTimeSum:viiii4912991 awardDistance:["3489"]
rollTimeSum:viiii6009779 awardDistance:["998747"]
rollTimeSum:viiii7453114 awardDistance:["1314493"]
rollTimeSum:viiii8352615 awardDistance:["819536"]
rollTimeSum:viiii9578290 awardDistance:["1115879"]
rollTimeSum:viiiii628639 awardDistance:["956398"]
rollTimeSum:viiiii1168084 awardDistance:["491178"]
rollTimeSum:viiiii1665085 awardDistance:["452654"]
rollTimeSum:viiiii3097314 awardDistance:["1304117"]
rollTimeSum:viiiii4199358 awardDistance:["1003171"]
rollTimeSum:viiiii4334805 awardDistance:["123106"]
rollTimeSum:viiiii5159251 awardDistance:["750765"]
rollTimeSum:viiiii5866835 awardDistance:["644277"]
rollTimeSum:viiiii6577702 awardDistance:["647149"]
rollTimeSum:viiiii7311792 awardDistance:["668567"]
rollTimeSum:viiiii7505476 awardDistance:["176398"]
rollTimeSum:viiiii8260453 awardDistance:["687459"]
rollTimeSum:viiiii9120228 awardDistance:["782959"]
rollTimeSum:viiiiii320288 awardDistance:["1092809"]
rollTimeSum:viiiiii860999 awardDistance:["492457"]
rollTimeSum:viiiiii1339240 awardDistance:["435697"]
rollTimeSum:viiiiii1526353 awardDistance:["170017"]
rollTimeSum:viiiiii3746059 awardDistance:["2021391"]
rollTimeSum:viiiiii4451394 awardDistance:["642364"]
rollTimeSum:viiiiii4772636 awardDistance:["292458"]
rollTimeSum:viiiiii6031090 awardDistance:["1145961"]
rollTimeSum:viiiiii7130862 awardDistance:["1001567"]
rollTimeSum:viiiiii7523947 awardDistance:["358259"]
rollTimeSum:viiiiii7824878 awardDistance:["274085"]
rollTimeSum:viiiiii8583860 awardDistance:["690792"]
rollTimeSum:viiiiii9076166 awardDistance:["448154"]
rollTimeSum:viiiiii9782440 awardDistance:["643120"]
rollTimeSum:viiiiiii1766126 awardDistance:["1806252"]
rollTimeSum:viiiiiii1911869 awardDistance:["132848"]
rollTimeSum:viiiiiii2887669 awardDistance:["888918"]
rollTimeSum:viiiiiii6458506 awardDistance:["3251451"]
rollTimeSum:viiiiiii6952054 awardDistance:["449302"]
rollTimeSum:viiiiiii8355605 awardDistance:["1278679"]
rollTimeSum:viiiiiii9514366 awardDistance:["1054956"]
rollTimeSum:viiiiiii9788423 awardDistance:["249518"]
rollTimeSum:viiiiiiii1990657 awardDistance:["2004554"]
rollTimeSum:viiiiiiii2489642 awardDistance:["454236"]
rollTimeSum:viiiiiiii2774176 awardDistance:["259022"]
rollTimeSum:viiiiiiii4680092 awardDistance:["1735381"]
rollTimeSum:viiiiiiii4847955 awardDistance:["152775"]
rollTimeSum:viiiiiiii4896185 awardDistance:["43924"]
rollTimeSum:viiiiiiii5051136 awardDistance:["141079"]
rollTimeSum:viiiiiiii6013705 awardDistance:["876482"]
rollTimeSum:viiiiiiii6077080 awardDistance:["57866"]
rollTimeSum:viiiiiiii6294700 awardDistance:["198241"]
rollTimeSum:viiiiiiii6544089 awardDistance:["227016"]
rollTimeSum:viiiiiiii7270230 awardDistance:["660717"]
rollTimeSum:viiiiiiii7973819 awardDistance:["640994"]
rollTimeSum:viiiiiiiii1524491 awardDistance:["3232822"]
rollTimeSum:viiiiiiiii1803733 awardDistance:["254309"]
rollTimeSum:viiiiiiiii2945918 awardDistance:["1039811"]
rollTimeSum:viiiiiiiii3497744 awardDistance:["502383"]
rollTimeSum:viiiiiiiii3524400 awardDistance:["24269"]
rollTimeSum:viiiiiiiii5387070 awardDistance:["1696128"]
rollTimeSum:viiiiiiiii6342722 awardDistance:["870298"]
rollTimeSum:viiiiiiiii6572784 awardDistance:["209211"]
rollTimeSum:viiiiiiiii6731424 awardDistance:["144597"]
rollTimeSum:viiiiiiiii9862561 awardDistance:["2850718"]
rollTimeSum:vv394269 awardDistance:["484436"]
rollTimeSum:vv564414 awardDistance:["154893"]
rollTimeSum:vv1598584 awardDistance:["941565"]
rollTimeSum:vv1957443 awardDistance:["326884"]
rollTimeSum:vv2600217 awardDistance:["585044"]
rollTimeSum:vv3908886 awardDistance:["1191285"]
rollTimeSum:vv4577742 awardDistance:["609503"]
rollTimeSum:vv6065735 awardDistance:["1354950"]
rollTimeSum:vv6071671 awardDistance:["5400"]
rollTimeSum:vv7194547 awardDistance:["1022250"]
rollTimeSum:vv7370093 awardDistance:["159906"]
rollTimeSum:vv7506653 awardDistance:["124298"]
rollTimeSum:vv7805806 awardDistance:["272619"]
rollTimeSum:vv7954593 awardDistance:["135524"]
rollTimeSum:vv8224628 awardDistance:["245589"]
rollTimeSum:vv8452803 awardDistance:["208018"]
rollTimeSum:vv8793521 awardDistance:["310466"]
rollTimeSum:vv8943305 awardDistance:["136259"]
rollTimeSum:vvi2505286 awardDistance:["3243215"]
rollTimeSum:vvi3256710 awardDistance:["684404"]
rollTimeSum:vvi5059523 awardDistance:["1641554"]
rollTimeSum:vvi5571397 awardDistance:["466120"]
rollTimeSum:vvi5935913 awardDistance:["331728"]
rollTimeSum:vvi6536555 awardDistance:["547023"]
rollTimeSum:vvi7386783 awardDistance:["774267"]
rollTimeSum:vvi8109693 awardDistance:["658098"]
rollTimeSum:vvi8356233 awardDistance:["224341"]
rollTimeSum:vvi9380468 awardDistance:["932798"]
rollTimeSum:vvi9700245 awardDistance:["291330"]
rollTimeSum:vvii127629 awardDistance:["388837"]
rollTimeSum:vvii745453 awardDistance:["562583"]
rollTimeSum:vvii1083851 awardDistance:["308286"]
rollTimeSum:vvii1946691 awardDistance:["785866"]
rollTimeSum:vvii2616668 awardDistance:["609928"]
rollTimeSum:vvii3844086 awardDistance:["1118054"]
rollTimeSum:vvii4531533 awardDistance:["625726"]
rollTimeSum:vvii5945358 awardDistance:["1287968"]
rollTimeSum:vvii6053382 awardDistance:["98460"]
rollTimeSum:vvii6562561 awardDistance:["463815"]
rollTimeSum:vvii6577664 awardDistance:["13732"]
rollTimeSum:vvii6613304 awardDistance:["32436"]
rollTimeSum:vvii7034599 awardDistance:["383940"]
rollTimeSum:vvii7491241 awardDistance:["415723"]
rollTimeSum:vvii7590898 awardDistance:["90900"]
rollTimeSum:vvii8038600 awardDistance:["407632"]
rollTimeSum:vviii1457415 awardDistance:["3112893"]
rollTimeSum:vviii2693973 awardDistance:["1125721"]
rollTimeSum:vviii5185899 awardDistance:["2269357"]
rollTimeSum:vviii5416714 awardDistance:["210429"]
rollTimeSum:vviii5875986 awardDistance:["418096"]
rollTimeSum:vviii5927596 awardDistance:["46948"]
rollTimeSum:vviii5969309 awardDistance:["37978"]
rollTimeSum:vviii6094524 awardDistance:["113912"]
rollTimeSum:vviii6665872 awardDistance:["520159"]
rollTimeSum:vviii7076043 awardDistance:["374040"]
rollTimeSum:vviii7079871 awardDistance:["3489"]
rollTimeSum:vviii8176659 awardDistance:["998747"]
rollTimeSum:vviii9619994 awardDistance:["1314493"]
rollTimeSum:vviiii519495 awardDistance:["819536"]
rollTimeSum:vviiii1745170 awardDistance:["1115879"]
rollTimeSum:vviiii2795519 awardDistance:["956398"]
rollTimeSum:vviiii3334964 awardDistance:["491178"]
rollTimeSum:vviiii3831965 awardDistance:["452654"]
rollTimeSum:vviiii5264194 awardDistance:["1304117"]
rollTimeSum:vviiii6366238 awardDistance:["1003171"]
rollTimeSum:vviiii6501685 awardDistance:["123106"]
rollTimeSum:vviiii7326131 awardDistance:["750765"]
rollTimeSum:vviiii8033715 awardDistance:["644277"]
rollTimeSum:vviiii8744582 awardDistance:["647149"]
rollTimeSum:vviiii9478672 awardDistance:["668567"]
rollTimeSum:vviiii9672356 awardDistance:["176398"]
rollTimeSum:vviiiii427333 awardDistance:["687459"]
rollTimeSum:vviiiii1287108 awardDistance:["782959"]
rollTimeSum:vviiiii2487168 awardDistance:["1092809"]
rollTimeSum:vviiiii3027879 awardDistance:["492457"]
rollTimeSum:vviiiii3506120 awardDistance:["435697"]
rollTimeSum:vviiiii3693233 awardDistance:["170017"]
rollTimeSum:vviiiii5912939 awardDistance:["2021391"]
rollTimeSum:vviiiii6618274 awardDistance:["642364"]
rollTimeSum:vviiiii6939516 awardDistance:["292458"]
rollTimeSum:vviiiii8197970 awardDistance:["1145961"]
rollTimeSum:vviiiii9297742 awardDistance:["1001567"]
rollTimeSum:vviiiii9690827 awardDistance:["358259"]
rollTimeSum:vviiiii9991758 awardDistance:["274085"]
rollTimeSum:vviiiiii750740 awardDistance:["690792"]
rollTimeSum:vviiiiii1243046 awardDistance:["448154"]
rollTimeSum:vviiiiii1949320 awardDistance:["643120"]
rollTimeSum:vviiiiii3933006 awardDistance:["1806252"]
rollTimeSum:vviiiiii4078749 awardDistance:["132848"]
rollTimeSum:vviiiiii5054549 awardDistance:["888918"]
rollTimeSum:vviiiiii8625386 awardDistance:["3251451"]
rollTimeSum:vviiiiii9118934 awardDistance:["449302"]
rollTimeSum:vviiiiiii522485 awardDistance:["1278679"]
rollTimeSum:vviiiiiii1681246 awardDistance:["1054956"]
rollTimeSum:vviiiiiii1955303 awardDistance:["249518"]
rollTimeSum:vviiiiiii4157537 awardDistance:["2004554"]
rollTimeSum:vviiiiiii4656522 awardDistance:["454236"]
rollTimeSum:vviiiiiii4941056 awardDistance:["259022"]
rollTimeSum:vviiiiiii6846972 awardDistance:["1735381"]
rollTimeSum:vviiiiiii7014835 awardDistance:["152775"]
rollTimeSum:vviiiiiii7063065 awardDistance:["43924"]
rollTimeSum:vviiiiiii7218016 awardDistance:["141079"]
rollTimeSum:vviiiiiii8180585 awardDistance:["876482"]
rollTimeSum:vviiiiiii8243960 awardDistance:["57866"]
rollTimeSum:vviiiiiii8461580 awardDistance:["198241"]
rollTimeSum:vviiiiiii8710969 awardDistance:["227016"]
rollTimeSum:vviiiiiii9437110 awardDistance:["660717"]
rollTimeSum:vviiiiiiii140699 awardDistance:["640994"]
rollTimeSum:vviiiiiiii3691371 awardDistance:["3232822"]
rollTimeSum:vviiiiiiii3970613 awardDistance:["254309"]
rollTimeSum:vviiiiiiii5112798 awardDistance:["1039811"]
rollTimeSum:vviiiiiiii5664624 awardDistance:["502383"]
rollTimeSum:vviiiiiiii5691280 awardDistance:["24269"]
rollTimeSum:vviiiiiiii7553950 awardDistance:["1696128"]
rollTimeSum:vviiiiiiii8509602 awardDistance:["870298"]
rollTimeSum:vviiiiiiii8739664 awardDistance:["209211"]
rollTimeSum:vviiiiiiii8898304 awardDistance:["144597"]
rollTimeSum:vviiiiiiiii2029441 awardDistance:["2850718"]
rollTimeSum:vviiiiiiiii2561149 awardDistance:["484436"]
rollTimeSum:vviiiiiiiii2731294 awardDistance:["154893"]
rollTimeSum:vviiiiiiiii3765464 awardDistance:["941565"]
rollTimeSum:vviiiiiiiii4124323 awardDistance:["326884"]
rollTimeSum:vviiiiiiiii4767097 awardDistance:["585044"]
rollTimeSum:vviiiiiiiii6075766 awardDistance:["1191285"]
rollTimeSum:vviiiiiiiii6744622 awardDistance:["609503"]
rollTimeSum:vviiiiiiiii8232615 awardDistance:["1354950"]
rollTimeSum:vviiiiiiiii8238551 awardDistance:["5400"]
rollTimeSum:vviiiiiiiii9361427 awardDistance:["1022250"]
rollTimeSum:vviiiiiiiii9536973 awardDistance:["159906"]
rollTimeSum:vviiiiiiiii9673533 awardDistance:["124298"]
rollTimeSum:vviiiiiiiii9972686 awardDistance:["272619"]
rollTimeSum:vvv121473 awardDistance:["135524"]
rollTimeSum:vvv391508 awardDistance:["245589"]
rollTimeSum:vvv619683 awardDistance:["208018"]
rollTimeSum:vvv960401 awardDistance:["310466"]
rollTimeSum:vvv1110185 awardDistance:["136259"]
rollTimeSum:vvv4672166 awardDistance:["3243215"]
rollTimeSum:vvv5423590 awardDistance:["684404"]
rollTimeSum:vvv7226403 awardDistance:["1641554"]
rollTimeSum:vvv7738277 awardDistance:["466120"]
rollTimeSum:vvv8102793 awardDistance:["331728"]
rollTimeSum:vvv8703435 awardDistance:["547023"]
rollTimeSum:vvv9553663 awardDistance:["774267"]
rollTimeSum:vvvi276573 awardDistance:["658098"]
rollTimeSum:vvvi523113 awardDistance:["224341"]
rollTimeSum:vvvi1547348 awardDistance:["932798"]
rollTimeSum:vvvi1867125 awardDistance:["291330"]
rollTimeSum:vvvi2294509 awardDistance:["388837"]
rollTimeSum:vvvi2912333 awardDistance:["562583"]
rollTimeSum:vvvi3250731 awardDistance:["308286"]
rollTimeSum:vvvi4113571 awardDistance:["785866"]
rollTimeSum:vvvi4783548 awardDistance:["609928"]
rollTimeSum:vvvi6010966 awardDistance:["1118054"]
rollTimeSum:vvvi6698413 awardDistance:["625726"]
rollTimeSum:vvvi8112238 awardDistance:["1287968"]
rollTimeSum:vvvi8220262 awardDistance:["98460"]
rollTimeSum:vvvi8729441 awardDistance:["463815"]
rollTimeSum:vvvi8744544 awardDistance:["13732"]
rollTimeSum:vvvi8780184 awardDistance:["32436"]
rollTimeSum:vvvi9201479 awardDistance:["383940"]
rollTimeSum:vvvi9658121 awardDistance:["415723"]
rollTimeSum:vvvi9757778 awardDistance:["90900"]
rollTimeSum:vvvii205480 awardDistance:["407632"]
rollTimeSum:vvvii3624295 awardDistance:["3112893"]
rollTimeSum:vvvii4860853 awardDistance:["1125721"]
rollTimeSum:vvvii7352779 awardDistance:["2269357"]
rollTimeSum:vvvii7583594 awardDistance:["210429"]
rollTimeSum:vvvii8042866 awardDistance:["418096"]
rollTimeSum:vvvii8094476 awardDistance:["46948"]
rollTimeSum:vvvii8136189 awardDistance:["37978"]
rollTimeSum:vvvii8261404 awardDistance:["113912"]
rollTimeSum:vvvii8832752 awardDistance:["520159"]
rollTimeSum:vvvii9242923 awardDistance:["374040"]
rollTimeSum:vvvii9246751 awardDistance:["3489"]
rollTimeSum:vvviii343539 awardDistance:["998747"]
rollTimeSum:vvviii1786874 awardDistance:["1314493"]
rollTimeSum:vvviii2686375 awardDistance:["819536"]
rollTimeSum:vvviii3912050 awardDistance:["1115879"]
rollTimeSum:vvviii4962399 awardDistance:["956398"]
rollTimeSum:vvviii5501844 awardDistance:["491178"]
rollTimeSum:vvviii5998845 awardDistance:["452654"]
rollTimeSum:vvviii7431074 awardDistance:["1304117"]
rollTimeSum:vvviii8533118 awardDistance:["1003171"]
rollTimeSum:vvviii8668565 awardDistance:["123106"]
rollTimeSum:vvviii9493011 awardDistance:["750765"]
rollTimeSum:vvviiii200595 awardDistance:["644277"]
rollTimeSum:vvviiii911462 awardDistance:["647149"]
rollTimeSum:vvviiii1645552 awardDistance:["668567"]
rollTimeSum:vvviiii1839236 awardDistance:["176398"]
rollTimeSum:vvviiii2594213 awardDistance:["687459"]
rollTimeSum:vvviiii3453988 awardDistance:["782959"]
rollTimeSum:vvviiii4654048 awardDistance:["1092809"]
rollTimeSum:vvviiii5194759 awardDistance:["492457"]
rollTimeSum:vvviiii5673000 awardDistance:["435697"]
rollTimeSum:vvviiii5860113 awardDistance:["170017"]
rollTimeSum:vvviiii8079819 awardDistance:["2021391"]
rollTimeSum:vvviiii8785154 awardDistance:["642364"]
rollTimeSum:vvviiii9106396 awardDistance:["292458"]
rollTimeSum:vvviiiii364850 awardDistance:["1145961"]
rollTimeSum:vvviiiii1464622 awardDistance:["1001567"]
rollTimeSum:vvviiiii1857707 awardDistance:["358259"]
rollTimeSum:vvviiiii2158638 awardDistance:["274085"]
rollTimeSum:vvviiiii2917620 awardDistance:["690792"]
rollTimeSum:vvviiiii3409926 awardDistance:["448154"]
rollTimeSum:vvviiiii4116200 awardDistance:["643120"]
rollTimeSum:vvviiiii6099886 awardDistance:["1806252"]
rollTimeSum:vvviiiii6245629 awardDistance:["132848"]
rollTimeSum:vvviiiii7221429 awardDistance:["888918"]
rollTimeSum:vvviiiiii792266 awardDistance:["3251451"]
rollTimeSum:vvviiiiii1285814 awardDistance:["449302"]
rollTimeSum:vvviiiiii2689365 awardDistance:["1278679"]
rollTimeSum:vvviiiiii3848126 awardDistance:["1054956"]
rollTimeSum:vvviiiiii4122183 awardDistance:["249518"]
rollTimeSum:vvviiiiii6324417 awardDistance:["2004554"]
rollTimeSum:vvviiiiii6823402 awardDistance:["454236"]
rollTimeSum:vvviiiiii7107936 awardDistance:["259022"]
rollTimeSum:vvviiiiii9013852 awardDistance:["1735381"]
rollTimeSum:vvviiiiii9181715 awardDistance:["152775"]
rollTimeSum:vvviiiiii9229945 awardDistance:["43924"]
rollTimeSum:vvviiiiii9384896 awardDistance:["141079"]
rollTimeSum:vvviiiiiii347465 awardDistance:["876482"]
rollTimeSum:vvviiiiiii410840 awardDistance:["57866"]
rollTimeSum:vvviiiiiii628460 awardDistance:["198241"]
rollTimeSum:vvviiiiiii877849 awardDistance:["227016"]
rollTimeSum:vvviiiiiii1603990 awardDistance:["660717"]
rollTimeSum:vvviiiiiii2307579 awardDistance:["640994"]
rollTimeSum:vvviiiiiii5858251 awardDistance:["3232822"]
rollTimeSum:vvviiiiiii6137493 awardDistance:["254309"]
rollTimeSum:vvviiiiiii7279678 awardDistance:["1039811"]
rollTimeSum:vvviiiiiii7831504 awardDistance:["502383"]
rollTimeSum:vvviiiiiii7858160 awardDistance:["24269"]
rollTimeSum:vvviiiiiii9720830 awardDistance:["1696128"]
rollTimeSum:vvviiiiiiii676482 awardDistance:["870298"]
rollTimeSum:vvviiiiiiii906544 awardDistance:["209211"]
rollTimeSum:vvviiiiiiii1065184 awardDistance:["144597"]
rollTimeSum:vvviiiiiiii4196321 awardDistance:["2850718"]
rollTimeSum:vvviiiiiiii4728029 awardDistance:["484436"]
rollTimeSum:vvviiiiiiii4898174 awardDistance:["154893"]
rollTimeSum:vvviiiiiiii5932344 awardDistance:["941565"]
rollTimeSum:vvviiiiiiii6291203 awardDistance:["326884"]
rollTimeSum:vvviiiiiiii6933977 awardDistance:["585044"]
rollTimeSum:vvviiiiiiii8242646 awardDistance:["1191285"]
rollTimeSum:vvviiiiiiii8911502 awardDistance:["609503"]
rollTimeSum:vvviiiiiiiii399495 awardDistance:["1354950"]
rollTimeSum:vvviiiiiiiii405431 awardDistance:["5400"]
rollTimeSum:vvviiiiiiiii1528307 awardDistance:["1022250"]
rollTimeSum:vvviiiiiiiii1703853 awardDistance:["159906"]
rollTimeSum:vvviiiiiiiii1840413 awardDistance:["124298"]
rollTimeSum:vvviiiiiiiii2139566 awardDistance:["272619"]
rollTimeSum:vvviiiiiiiii2288353 awardDistance:["135524"]
rollTimeSum:vvviiiiiiiii2558388 awardDistance:["245589"]
rollTimeSum:vvviiiiiiiii2786563 awardDistance:["208018"]
rollTimeSum:vvviiiiiiiii3127281 awardDistance:["310466"]
rollTimeSum:vvviiiiiiiii3277065 awardDistance:["136259"]
rollTimeSum:vvviiiiiiiii6839046 awardDistance:["3243215"]
rollTimeSum:vvviiiiiiiii7590470 awardDistance:["684404"]
rollTimeSum:vvviiiiiiiii9393283 awardDistance:["1641554"]
rollTimeSum:vvviiiiiiiii9905157 awardDistance:["466120"]
rollTimeSum:vvvv269673 awardDistance:["331728"]
rollTimeSum:vvvv870315 awardDistance:["547023"]
rollTimeSum:vvvv1720543 awardDistance:["774267"]
rollTimeSum:vvvv2443453 awardDistance:["658098"]
rollTimeSum:vvvv2689993 awardDistance:["224341"]
rollTimeSum:vvvv3714228 awardDistance:["932798"]
rollTimeSum:vvvv4034005 awardDistance:["291330"]
rollTimeSum:vvvv4461389 awardDistance:["388837"]
rollTimeSum:vvvv5079213 awardDistance:["562583"]
rollTimeSum:vvvv5417611 awardDistance:["308286"]
rollTimeSum:vvvv6280451 awardDistance:["785866"]
rollTimeSum:vvvv6950428 awardDistance:["609928"]
rollTimeSum:vvvv8177846 awardDistance:["1118054"]
rollTimeSum:vvvv8865293 awardDistance:["625726"]
rollTimeSum:vvvvi279118 awardDistance:["1287968"]
rollTimeSum:vvvvi387142 awardDistance:["98460"]
rollTimeSum:vvvvi896321 awardDistance:["463815"]
rollTimeSum:vvvvi911424 awardDistance:["13732"]
rollTimeSum:vvvvi947064 awardDistance:["32436"]
rollTimeSum:vvvvi1368359 awardDistance:["383940"]
rollTimeSum:vvvvi1825001 awardDistance:["415723"]
rollTimeSum:vvvvi1924658 awardDistance:["90900"]
rollTimeSum:vvvvi2372360 awardDistance:["407632"]
rollTimeSum:vvvvi5791175 awardDistance:["3112893"]
rollTimeSum:vvvvi7027733 awardDistance:["1125721"]
rollTimeSum:vvvvi9519659 awardDistance:["2269357"]
rollTimeSum:vvvvi9750474 awardDistance:["210429"]
rollTimeSum:vvvvii209746 awardDistance:["418096"]
rollTimeSum:vvvvii261356 awardDistance:["46948"]
rollTimeSum:vvvvii303069 awardDistance:["37978"]
rollTimeSum:vvvvii428284 awardDistance:["113912"]
rollTimeSum:vvvvii999632 awardDistance:["520159"]
rollTimeSum:vvvvii1409803 awardDistance:["374040"]
rollTimeSum:vvvvii1413631 awardDistance:["3489"]
rollTimeSum:vvvvii2510419 awardDistance:["998747"]
rollTimeSum:vvvvii3953754 awardDistance:["1314493"]
rollTimeSum:vvvvii4853255 awardDistance:["819536"]
rollTimeSum:vvvvii6078930 awardDistance:["1115879"]
rollTimeSum:vvvvii7129279 awardDistance:["956398"]
rollTimeSum:vvvvii7668724 awardDistance:["491178"]
rollTimeSum:vvvvii8165725 awardDistance:["452654"]
rollTimeSum:vvvvii9597954 awardDistance:["1304117"]
rollTimeSum:vvvviii699998 awardDistance:["1003171"]
rollTimeSum:vvvviii835445 awardDistance:["123106"]
rollTimeSum:vvvviii1659891 awardDistance:["750765"]
rollTimeSum:vvvviii2367475 awardDistance:["644277"]
rollTimeSum:vvvviii3078342 awardDistance:["647149"]
rollTimeSum:vvvviii3812432 awardDistance:["668567"]
rollTimeSum:vvvviii4006116 awardDistance:["176398"]
rollTimeSum:vvvviii4761093 awardDistance:["687459"]
rollTimeSum:vvvviii5620868 awardDistance:["782959"]
rollTimeSum:vvvviii6820928 awardDistance:["1092809"]
rollTimeSum:vvvviii7361639 awardDistance:["492457"]
rollTimeSum:vvvviii7839880 awardDistance:["435697"]
rollTimeSum:vvvviii8026993 awardDistance:["170017"]
rollTimeSum:vvvviiii246699 awardDistance:["2021391"]
rollTimeSum:vvvviiii952034 awardDistance:["642364"]
rollTimeSum:vvvviiii1273276 awardDistance:["292458"]
rollTimeSum:vvvviiii2531730 awardDistance:["1145961"]
rollTimeSum:vvvviiii3631502 awardDistance:["1001567"]
rollTimeSum:vvvviiii4024587 awardDistance:["358259"]
rollTimeSum:vvvviiii4325518 awardDistance:["274085"]
rollTimeSum:vvvviiii5084500 awardDistance:["690792"]
rollTimeSum:vvvviiii5576806 awardDistance:["448154"]
rollTimeSum:vvvviiii6283080 awardDistance:["643120"]
rollTimeSum:vvvviiii8266766 awardDistance:["1806252"]
rollTimeSum:vvvviiii8412509 awardDistance:["132848"]
rollTimeSum:vvvviiii9388309 awardDistance:["888918"]
rollTimeSum:vvvviiiii2959146 awardDistance:["3251451"]
rollTimeSum:vvvviiiii3452694 awardDistance:["449302"]
rollTimeSum:vvvviiiii4856245 awardDistance:["1278679"]
rollTimeSum:vvvviiiii6015006 awardDistance:["1054956"]
rollTimeSum:vvvviiiii6289063 awardDistance:["249518"]
rollTimeSum:vvvviiiii8491297 awardDistance:["2004554"]
rollTimeSum:vvvviiiii8990282 awardDistance:["454236"]
rollTimeSum:vvvviiiii9274816 awardDistance:["259022"]
rollTimeSum:vvvviiiiii1180732 awardDistance:["1735381"]
rollTimeSum:vvvviiiiii1348595 awardDistance:["152775"]
rollTimeSum:vvvviiiiii1396825 awardDistance:["43924"]
rollTimeSum:vvvviiiiii1551776 awardDistance:["141079"]
rollTimeSum:vvvviiiiii2514345 awardDistance:["876482"]
rollTimeSum:vvvviiiiii2577720 awardDistance:["57866"]
rollTimeSum:vvvviiiiii2795340 awardDistance:["198241"]
rollTimeSum:vvvviiiiii3044729 awardDistance:["227016"]
rollTimeSum:vvvviiiiii3770870 awardDistance:["660717"]
rollTimeSum:vvvviiiiii4474459 awardDistance:["640994"]
rollTimeSum:vvvviiiiii8025131 awardDistance:["3232822"]
rollTimeSum:vvvviiiiii8304373 awardDistance:["254309"]
rollTimeSum:vvvviiiiii9446558 awardDistance:["1039811"]
rollTimeSum:vvvviiiiii9998384 awardDistance:["502383"]
rollTimeSum:vvvviiiiiii25040 awardDistance:["24269"]
rollTimeSum:vvvviiiiiii1887710 awardDistance:["1696128"]
rollTimeSum:vvvviiiiiii2843362 awardDistance:["870298"]
rollTimeSum:vvvviiiiiii3073424 awardDistance:["209211"]
rollTimeSum:vvvviiiiiii3232064 awardDistance:["144597"]
rollTimeSum:vvvviiiiiii6363201 awardDistance:["2850718"]
rollTimeSum:vvvviiiiiii6894909 awardDistance:["484436"]
rollTimeSum:vvvviiiiiii7065054 awardDistance:["154893"]
rollTimeSum:vvvviiiiiii8099224 awardDistance:["941565"]
rollTimeSum:vvvviiiiiii8458083 awardDistance:["326884"]
rollTimeSum:vvvviiiiiii9100857 awardDistance:["585044"]
rollTimeSum:vvvviiiiiiii409526 awardDistance:["1191285"]
rollTimeSum:vvvviiiiiiii1078382 awardDistance:["609503"]
rollTimeSum:vvvviiiiiiii2566375 awardDistance:["1354950"]
rollTimeSum:vvvviiiiiiii2572311 awardDistance:["5400"]
rollTimeSum:vvvviiiiiiii3695187 awardDistance:["1022250"]
rollTimeSum:vvvviiiiiiii3870733 awardDistance:["159906"]
rollTimeSum:vvvviiiiiiii4007293 awardDistance:["124298"]
rollTimeSum:vvvviiiiiiii4306446 awardDistance:["272619"]
rollTimeSum:vvvviiiiiiii4455233 awardDistance:["135524"]
rollTimeSum:vvvviiiiiiii4725268 awardDistance:["245589"]
rollTimeSum:vvvviiiiiiii4953443 awardDistance:["208018"]
rollTimeSum:vvvviiiiiiii5294161 awardDistance:["310466"]
rollTimeSum:vvvviiiiiiii5443945 awardDistance:["136259"]
rollTimeSum:vvvviiiiiiii9005926 awardDistance:["3243215"]
rollTimeSum:vvvviiiiiiii9757350 awardDistance:["684404"]
rollTimeSum:vvvviiiiiiiii1560163 awardDistance:["1641554"]
rollTimeSum:vvvviiiiiiiii2072037 awardDistance:["466120"]
rollTimeSum:vvvviiiiiiiii2436553 awardDistance:["331728"]
rollTimeSum:vvvviiiiiiiii3037195 awardDistance:["547023"]
rollTimeSum:vvvviiiiiiiii3887423 awardDistance:["774267"]
rollTimeSum:vvvviiiiiiiii4610333 awardDistance:["658098"]
rollTimeSum:vvvviiiiiiiii4856873 awardDistance:["224341"]
rollTimeSum:vvvviiiiiiiii5881108 awardDistance:["932798"]
rollTimeSum:vvvviiiiiiiii6200885 awardDistance:["291330"]
rollTimeSum:vvvviiiiiiiii6628269 awardDistance:["388837"]
rollTimeSum:vvvviiiiiiiii7246093 awardDistance:["562583"]
rollTimeSum:vvvviiiiiiiii7584491 awardDistance:["308286"]
rollTimeSum:vvvviiiiiiiii8447331 awardDistance:["785866"]
rollTimeSum:vvvviiiiiiiii9117308 awardDistance:["609928"]
rollTimeSum:vvvvv344726 awardDistance:["1118054"]
rollTimeSum:vvvvv1032173 awardDistance:["625726"]
rollTimeSum:vvvvv2445998 awardDistance:["1287968"]
rollTimeSum:vvvvv2554022 awardDistance:["98460"]
rollTimeSum:vvvvv3063201 awardDistance:["463815"]
rollTimeSum:vvvvv3078304 awardDistance:["13732"]
rollTimeSum:vvvvv3113944 awardDistance:["32436"]
rollTimeSum:vvvvv3535239 awardDistance:["383940"]
rollTimeSum:vvvvv3991881 awardDistance:["415723"]
rollTimeSum:vvvvv4091538 awardDistance:["90900"]
rollTimeSum:vvvvv4539240 awardDistance:["407632"]
rollTimeSum:vvvvv7958055 awardDistance:["3112893"]
rollTimeSum:vvvvv9194613 awardDistance:["1125721"]
rollTimeSum:vvvvvi1686539 awardDistance:["2269357"]
rollTimeSum:vvvvvi1917354 awardDistance:["210429"]
rollTimeSum:vvvvvi2376626 awardDistance:["418096"]
rollTimeSum:vvvvvi2428236 awardDistance:["46948"]
rollTimeSum:vvvvvi2469949 awardDistance:["37978"]
rollTimeSum:vvvvvi2595164 awardDistance:["113912"]
rollTimeSum:vvvvvi3166512 awardDistance:["520159"]
rollTimeSum:vvvvvi3576683 awardDistance:["374040"]
rollTimeSum:vvvvvi3580511 awardDistance:["3489"]
rollTimeSum:vvvvvi4677299 awardDistance:["998747"]
rollTimeSum:vvvvvi6120634 awardDistance:["1314493"]
rollTimeSum:vvvvvi7020135 awardDistance:["819536"]
rollTimeSum:vvvvvi8245810 awardDistance:["1115879"]
rollTimeSum:vvvvvi9296159 awardDistance:["956398"]
rollTimeSum:vvvvvi9835604 awardDistance:["491178"]
rollTimeSum:vvvvvii332605 awardDistance:["452654"]
rollTimeSum:vvvvvii1764834 awardDistance:["1304117"]
rollTimeSum:vvvvvii2866878 awardDistance:["1003171"]
rollTimeSum:vvvvvii3002325 awardDistance:["123106"]
rollTimeSum:vvvvvii3826771 awardDistance:["750765"]
rollTimeSum:vvvvvii4534355 awardDistance:["644277"]
rollTimeSum:vvvvvii5245222 awardDistance:["647149"]
rollTimeSum:vvvvvii5979312 awardDistance:["668567"]
rollTimeSum:vvvvvii6172996 awardDistance:["176398"]
rollTimeSum:vvvvvii6927973 awardDistance:["687459"]
rollTimeSum:vvvvvii7787748 awardDistance:["782959"]
rollTimeSum:vvvvvii8987808 awardDistance:["1092809"]
rollTimeSum:vvvvvii9528519 awardDistance:["492457"]
rollTimeSum:vvvvviii6760 awardDistance:["435697"]
rollTimeSum:vvvvviii193873 awardDistance:["170017"]
rollTimeSum:vvvvviii2413579 awardDistance:["2021391"]
rollTimeSum:vvvvviii3118914 awardDistance:["642364"]
rollTimeSum:vvvvviii3440156 awardDistance:["292458"]
rollTimeSum:vvvvviii4698610 awardDistance:["1145961"]
rollTimeSum:vvvvviii5798382 awardDistance:["1001567"]
rollTimeSum:vvvvviii6191467 awardDistance:["358259"]
rollTimeSum:vvvvviii6492398 awardDistance:["274085"]
rollTimeSum:vvvvviii7251380 awardDistance:["690792"]
rollTimeSum:vvvvviii7743686 awardDistance:["448154"]
rollTimeSum:vvvvviii8449960 awardDistance:["643120"]
rollTimeSum:vvvvviiii433646 awardDistance:["1806252"]
rollTimeSum:vvvvviiii579389 awardDistance:["132848"]
rollTimeSum:vvvvviiii1555189 awardDistance:["888918"]
rollTimeSum:vvvvviiii5126026 awardDistance:["3251451"]
rollTimeSum:vvvvviiii5619574 awardDistance:["449302"]
rollTimeSum:vvvvviiii7023125 awardDistance:["1278679"]
rollTimeSum:vvvvviiii8181886 awardDistance:["1054956"]
rollTimeSum:vvvvviiii8455943 awardDistance:["249518"]
rollTimeSum:vvvvviiiii658177 awardDistance:["2004554"]
rollTimeSum:vvvvviiiii1157162 awardDistance:["454236"]
rollTimeSum:vvvvviiiii1441696 awardDistance:["259022"]
rollTimeSum:vvvvviiiii3347612 awardDistance:["1735381"]
rollTimeSum:vvvvviiiii3515475 awardDistance:["152775"]
rollTimeSum:vvvvviiiii3563705 awardDistance:["43924"]
rollTimeSum:vvvvviiiii3718656 awardDistance:["141079"]
rollTimeSum:vvvvviiiii4681225 awardDistance:["876482"]
rollTimeSum:vvvvviiiii4744600 awardDistance:["57866"]
rollTimeSum:vvvvviiiii4962220 awardDistance:["198241"]
rollTimeSum:vvvvviiiii5211609 awardDistance:["227016"]
rollTimeSum:vvvvviiiii5937750 awardDistance:["660717"]
rollTimeSum:vvvvviiiii6641339 awardDistance:["640994"]
rollTimeSum:vvvvviiiiii192011 awardDistance:["3232822"]
rollTimeSum:vvvvviiiiii471253 awardDistance:["254309"]
rollTimeSum:vvvvviiiiii1613438 awardDistance:["1039811"]
rollTimeSum:vvvvviiiiii2165264 awardDistance:["502383"]
rollTimeSum:vvvvviiiiii2191920 awardDistance:["24269"]
rollTimeSum:vvvvviiiiii4054590 awardDistance:["1696128"]
rollTimeSum:vvvvviiiiii5010242 awardDistance:["870298"]
rollTimeSum:vvvvviiiiii5240304 awardDistance:["209211"]
rollTimeSum:vvvvviiiiii5398944 awardDistance:["144597"]
rollTimeSum:vvvvviiiiii8530081 awardDistance:["2850718"]
rollTimeSum:vvvvviiiiii9061789 awardDistance:["484436"]
rollTimeSum:vvvvviiiiii9231934 awardDistance:["154893"]
rollTimeSum:vvvvviiiiiii266104 awardDistance:["941565"]
rollTimeSum:vvvvviiiiiii624963 awardDistance:["326884"]
rollTimeSum:vvvvviiiiiii1267737 awardDistance:["585044"]
rollTimeSum:vvvvviiiiiii2576406 awardDistance:["1191285"]
rollTimeSum:vvvvviiiiiii3245262 awardDistance:["609503"]
rollTimeSum:vvvvviiiiiii4733255 awardDistance:["1354950"]
rollTimeSum:vvvvviiiiiii4739191 awardDistance:["5400"]
rollTimeSum:vvvvviiiiiii5862067 awardDistance:["1022250"]
rollTimeSum:vvvvviiiiiii6037613 awardDistance:["159906"]
rollTimeSum:vvvvviiiiiii6174173 awardDistance:["124298"]
rollTimeSum:vvvvviiiiiii6473326 awardDistance:["272619"]
rollTimeSum:vvvvviiiiiii6622113 awardDistance:["135524"]
rollTimeSum:vvvvviiiiiii6892148 awardDistance:["245589"]
rollTimeSum:vvvvviiiiiii7120323 awardDistance:["208018"]
rollTimeSum:vvvvviiiiiii7461041 awardDistance:["310466"]
rollTimeSum:vvvvviiiiiii7610825 awardDistance:["136259"]
rollTimeSum:vvvvviiiiiiii1172806 awardDistance:["3243215"]
rollTimeSum:vvvvviiiiiiii1924230 awardDistance:["684404"]
rollTimeSum:vvvvviiiiiiii3727043 awardDistance:["1641554"]
rollTimeSum:vvvvviiiiiiii4238917 awardDistance:["466120"]
rollTimeSum:vvvvviiiiiiii4603433 awardDistance:["331728"]
rollTimeSum:vvvvviiiiiiii5204075 awardDistance:["547023"]
rollTimeSum:vvvvviiiiiiii6054303 awardDistance:["774267"]
rollTimeSum:vvvvviiiiiiii6777213 awardDistance:["658098"]
rollTimeSum:vvvvviiiiiiii7023753 awardDistance:["224341"]
rollTimeSum:vvvvviiiiiiii8047988 awardDistance:["932798"]
rollTimeSum:vvvvviiiiiiii8367765 awardDistance:["291330"]
rollTimeSum:vvvvviiiiiiii8795149 awardDistance:["388837"]
rollTimeSum:vvvvviiiiiiii9412973 awardDistance:["562583"]
rollTimeSum:vvvvviiiiiiii9751371 awardDistance:["308286"]
rollTimeSum:vvvvviiiiiiiii614211 awardDistance:["785866"]
rollTimeSum:vvvvviiiiiiiii1284188 awardDistance:["609928"]
rollTimeSum:vvvvviiiiiiiii2511606 awardDistance:["1118054"]
rollTimeSum:vvvvviiiiiiiii3199053 awardDistance:["625726"]
rollTimeSum:vvvvviiiiiiiii4612878 awardDistance:["1287968"]
rollTimeSum:vvvvviiiiiiiii4720902 awardDistance:["98460"]
rollTimeSum:vvvvviiiiiiiii5230081 awardDistance:["463815"]
rollTimeSum:vvvvviiiiiiiii5245184 awardDistance:["13732"]
rollTimeSum:vvvvviiiiiiiii5280824 awardDistance:["32436"]
rollTimeSum:vvvvviiiiiiiii5702119 awardDistance:["383940"]
rollTimeSum:vvvvviiiiiiiii6158761 awardDistance:["415723"]
rollTimeSum:vvvvviiiiiiiii6258418 awardDistance:["90900"]
rollTimeSum:vvvvviiiiiiiii6706120 awardDistance:["407632"]
rollTimeSum:vvvvvv124935 awardDistance:["3112893"]
rollTimeSum:vvvvvv1361493 awardDistance:["1125721"]
rollTimeSum:vvvvvv3853419 awardDistance:["2269357"]
rollTimeSum:vvvvvv4084234 awardDistance:["210429"]
rollTimeSum:vvvvvv4543506 awardDistance:["418096"]
rollTimeSum:vvvvvv4595116 awardDistance:["46948"]
rollTimeSum:vvvvvv4636829 awardDistance:["37978"]
rollTimeSum:vvvvvv4762044 awardDistance:["113912"]
rollTimeSum:vvvvvv5333392 awardDistance:["520159"]
rollTimeSum:vvvvvv5743563 awardDistance:["374040"]
rollTimeSum:vvvvvv5747391 awardDistance:["3489"]
rollTimeSum:vvvvvv6844179 awardDistance:["998747"]
rollTimeSum:vvvvvv8287514 awardDistance:["1314493"]
rollTimeSum:vvvvvv9187015 awardDistance:["819536"]
rollTimeSum:vvvvvvi412690 awardDistance:["1115879"]
rollTimeSum:vvvvvvi1463039 awardDistance:["956398"]
rollTimeSum:vvvvvvi2002484 awardDistance:["491178"]
rollTimeSum:vvvvvvi2499485 awardDistance:["452654"]
rollTimeSum:vvvvvvi3931714 awardDistance:["1304117"]
rollTimeSum:vvvvvvi5033758 awardDistance:["1003171"]
rollTimeSum:vvvvvvi5169205 awardDistance:["123106"]
rollTimeSum:vvvvvvi5993651 awardDistance:["750765"]
rollTimeSum:vvvvvvi6701235 awardDistance:["644277"]
rollTimeSum:vvvvvvi7412102 awardDistance:["647149"]
rollTimeSum:vvvvvvi8146192 awardDistance:["668567"]
rollTimeSum:vvvvvvi8339876 awardDistance:["176398"]
rollTimeSum:vvvvvvi9094853 awardDistance:["687459"]
rollTimeSum:vvvvvvi9954628 awardDistance:["782959"]
rollTimeSum:vvvvvvii1154688 awardDistance:["1092809"]
rollTimeSum:vvvvvvii1695399 awardDistance:["492457"]
rollTimeSum:vvvvvvii2173640 awardDistance:["435697"]
rollTimeSum:vvvvvvii2360753 awardDistance:["170017"]
rollTimeSum:vvvvvvii4580459 awardDistance:["2021391"]
rollTimeSum:vvvvvvii5285794 awardDistance:["642364"]
rollTimeSum:vvvvvvii5607036 awardDistance:["292458"]
rollTimeSum:vvvvvvii6865490 awardDistance:["1145961"]
rollTimeSum:vvvvvvii7965262 awardDistance:["1001567"]
rollTimeSum:vvvvvvii8358347 awardDistance:["358259"]
rollTimeSum:vvvvvvii8659278 awardDistance:["274085"]
rollTimeSum:vvvvvvii9418260 awardDistance:["690792"]
rollTimeSum:vvvvvvii9910566 awardDistance:["448154"]
rollTimeSum:vvvvvviii616840 awardDistance:["643120"]
rollTimeSum:vvvvvviii2600526 awardDistance:["1806252"]
rollTimeSum:vvvvvviii2746269 awardDistance:["132848"]
rollTimeSum:vvvvvviii3722069 awardDistance:["888918"]
rollTimeSum:vvvvvviii7292906 awardDistance:["3251451"]
rollTimeSum:vvvvvviii7786454 awardDistance:["449302"]
rollTimeSum:vvvvvviii9190005 awardDistance:["1278679"]
rollTimeSum:vvvvvviiii348766 awardDistance:["1054956"]
rollTimeSum:vvvvvviiii622823 awardDistance:["249518"]
rollTimeSum:vvvvvviiii2825057 awardDistance:["2004554"]
rollTimeSum:vvvvvviiii3324042 awardDistance:["454236"]
rollTimeSum:vvvvvviiii3608576 awardDistance:["259022"]
rollTimeSum:vvvvvviiii5514492 awardDistance:["1735381"]
rollTimeSum:vvvvvviiii5682355 awardDistance:["152775"]
rollTimeSum:vvvvvviiii5730585 awardDistance:["43924"]
rollTimeSum:vvvvvviiii5885536 awardDistance:["141079"]
rollTimeSum:vvvvvviiii6848105 awardDistance:["876482"]
rollTimeSum:vvvvvviiii6911480 awardDistance:["57866"]
rollTimeSum:vvvvvviiii7129100 awardDistance:["198241"]
rollTimeSum:vvvvvviiii7378489 awardDistance:["227016"]
rollTimeSum:vvvvvviiii8104630 awardDistance:["660717"]
rollTimeSum:vvvvvviiii8808219 awardDistance:["640994"]
rollTimeSum:vvvvvviiiii2358891 awardDistance:["3232822"]
rollTimeSum:vvvvvviiiii2638133 awardDistance:["254309"]
rollTimeSum:vvvvvviiiii3780318 awardDistance:["1039811"]
rollTimeSum:vvvvvviiiii4332144 awardDistance:["502383"]
rollTimeSum:vvvvvviiiii4358800 awardDistance:["24269"]
rollTimeSum:vvvvvviiiii6221470 awardDistance:["1696128"]
rollTimeSum:vvvvvviiiii7177122 awardDistance:["870298"]
rollTimeSum:vvvvvviiiii7407184 awardDistance:["209211"]
rollTimeSum:vvvvvviiiii7565824 awardDistance:["144597"]
rollTimeSum:vvvvvviiiiii696961 awardDistance:["2850718"]
rollTimeSum:vvvvvviiiiii1228669 awardDistance:["484436"]
rollTimeSum:vvvvvviiiiii1398814 awardDistance:["154893"]
rollTimeSum:vvvvvviiiiii2432984 awardDistance:["941565"]
rollTimeSum:vvvvvviiiiii2791843 awardDistance:["326884"]
rollTimeSum:vvvvvviiiiii3434617 awardDistance:["585044"]
rollTimeSum:vvvvvviiiiii4743286 awardDistance:["1191285"]
rollTimeSum:vvvvvviiiiii5412142 awardDistance:["609503"]
rollTimeSum:vvvvvviiiiii6900135 awardDistance:["1354950"]
rollTimeSum:vvvvvviiiiii6906071 awardDistance:["5400"]
rollTimeSum:vvvvvviiiiii8028947 awardDistance:["1022250"]
rollTimeSum:vvvvvviiiiii8204493 awardDistance:["159906"]
rollTimeSum:vvvvvviiiiii8341053 awardDistance:["124298"]
rollTimeSum:vvvvvviiiiii8640206 awardDistance:["272619"]
rollTimeSum:vvvvvviiiiii8788993 awardDistance:["135524"]
rollTimeSum:vvvvvviiiiii9059028 awardDistance:["245589"]
rollTimeSum:vvvvvviiiiii9287203 awardDistance:["208018"]
rollTimeSum:vvvvvviiiiii9627921 awardDistance:["310466"]
rollTimeSum:vvvvvviiiiii9777705 awardDistance:["136259"]
rollTimeSum:vvvvvviiiiiii3339686 awardDistance:["3243215"]
rollTimeSum:vvvvvviiiiiii4091110 awardDistance:["684404"]
rollTimeSum:vvvvvviiiiiii5893923 awardDistance:["1641554"]
rollTimeSum:vvvvvviiiiiii6405797 awardDistance:["466120"]
rollTimeSum:vvvvvviiiiiii6770313 awardDistance:["331728"]
rollTimeSum:vvvvvviiiiiii7370955 awardDistance:["547023"]
rollTimeSum:vvvvvviiiiiii8221183 awardDistance:["774267"]
rollTimeSum:vvvvvviiiiiii8944093 awardDistance:["658098"]
rollTimeSum:vvvvvviiiiiii9190633 awardDistance:["224341"]
rollTimeSum:vvvvvviiiiiiii214868 awardDistance:["932798"]
rollTimeSum:vvvvvviiiiiiii534645 awardDistance:["291330"]
rollTimeSum:vvvvvviiiiiiii962029 awardDistance:["388837"]
rollTimeSum:vvvvvviiiiiiii1579853 awardDistance:["562583"]
rollTimeSum:vvvvvviiiiiiii1918251 awardDistance:["308286"]
rollTimeSum:vvvvvviiiiiiii2781091 awardDistance:["785866"]
rollTimeSum:vvvvvviiiiiiii3451068 awardDistance:["609928"]
rollTimeSum:vvvvvviiiiiiii4678486 awardDistance:["1118054"]
rollTimeSum:vvvvvviiiiiiii5365933 awardDistance:["625726"]
rollTimeSum:vvvvvviiiiiiii6779758 awardDistance:["1287968"]
rollTimeSum:vvvvvviiiiiiii6887782 awardDistance:["98460"]
rollTimeSum:vvvvvviiiiiiii7396961 awardDistance:["463815"]
rollTimeSum:vvvvvviiiiiiii7412064 awardDistance:["13732"]
rollTimeSum:vvvvvviiiiiiii7447704 awardDistance:["32436"]
rollTimeSum:vvvvvviiiiiiii7868999 awardDistance:["383940"]
rollTimeSum:vvvvvviiiiiiii8325641 awardDistance:["415723"]
rollTimeSum:vvvvvviiiiiiii8425298 awardDistance:["90900"]
rollTimeSum:vvvvvviiiiiiii8873000 awardDistance:["407632"]
rollTimeSum:vvvvvviiiiiiiii2291815 awardDistance:["3112893"]
rollTimeSum:vvvvvviiiiiiiii3528373 awardDistance:["1125721"]
rollTimeSum:vvvvvviiiiiiiii6020299 awardDistance:["2269357"]
rollTimeSum:vvvvvviiiiiiiii6251114 awardDistance:["210429"]
rollTimeSum:vvvvvviiiiiiiii6710386 awardDistance:["418096"]
rollTimeSum:vvvvvviiiiiiiii6761996 awardDistance:["46948"]
rollTimeSum:vvvvvviiiiiiiii6803709 awardDistance:["37978"]
rollTimeSum:vvvvvviiiiiiiii6928924 awardDistance:["113912"]
rollTimeSum:vvvvvviiiiiiiii7500272 awardDistance:["520159"]
rollTimeSum:vvvvvviiiiiiiii7910443 awardDistance:["374040"]
rollTimeSum:vvvvvviiiiiiiii7914271 awardDistance:["3489"]
rollTimeSum:vvvvvviiiiiiiii9011059 awardDistance:["998747"]
rollTimeSum:vvvvvvv454394 awardDistance:["1314493"]
rollTimeSum:vvvvvvv1353895 awardDistance:["819536"]
rollTimeSum:vvvvvvv2579570 awardDistance:["1115879"]
rollTimeSum:vvvvvvv3629919 awardDistance:["956398"]
rollTimeSum:vvvvvvv4169364 awardDistance:["491178"]
rollTimeSum:vvvvvvv4666365 awardDistance:["452654"]
rollTimeSum:vvvvvvv6098594 awardDistance:["1304117"]
rollTimeSum:vvvvvvv7200638 awardDistance:["1003171"]
rollTimeSum:vvvvvvv7336085 awardDistance:["123106"]
rollTimeSum:vvvvvvv8160531 awardDistance:["750765"]
rollTimeSum:vvvvvvv8868115 awardDistance:["644277"]
rollTimeSum:vvvvvvv9578982 awardDistance:["647149"]
rollTimeSum:vvvvvvvi313072 awardDistance:["668567"]
rollTimeSum:vvvvvvvi506756 awardDistance:["176398"]
rollTimeSum:vvvvvvvi1261733 awardDistance:["687459"]
rollTimeSum:vvvvvvvi2121508 awardDistance:["782959"]
rollTimeSum:vvvvvvvi3321568 awardDistance:["1092809"]
rollTimeSum:vvvvvvvi3862279 awardDistance:["492457"]
rollTimeSum:vvvvvvvi4340520 awardDistance:["435697"]
rollTimeSum:vvvvvvvi4527633 awardDistance:["170017"]
rollTimeSum:vvvvvvvi6747339 awardDistance:["2021391"]
rollTimeSum:vvvvvvvi7452674 awardDistance:["642364"]
rollTimeSum:vvvvvvvi7773916 awardDistance:["292458"]
rollTimeSum:vvvvvvvi9032370 awardDistance:["1145961"]
rollTimeSum:vvvvvvvii132142 awardDistance:["1001567"]
rollTimeSum:vvvvvvvii525227 awardDistance:["358259"]
rollTimeSum:vvvvvvvii826158 awardDistance:["274085"]
rollTimeSum:vvvvvvvii1585140 awardDistance:["690792"]
rollTimeSum:vvvvvvvii2077446 awardDistance:["448154"]
rollTimeSum:vvvvvvvii2783720 awardDistance:["643120"]
rollTimeSum:vvvvvvvii4767406 awardDistance:["1806252"]
rollTimeSum:vvvvvvvii4913149 awardDistance:["132848"]
rollTimeSum:vvvvvvvii5888949 awardDistance:["888918"]
rollTimeSum:vvvvvvvii9459786 awardDistance:["3251451"]
rollTimeSum:vvvvvvvii9953334 awardDistance:["449302"]
rollTimeSum:vvvvvvviii1356885 awardDistance:["1278679"]
rollTimeSum:vvvvvvviii2515646 awardDistance:["1054956"]
rollTimeSum:vvvvvvviii2789703 awardDistance:["249518"]
rollTimeSum:vvvvvvviii4991937 awardDistance:["2004554"]
rollTimeSum:vvvvvvviii5490922 awardDistance:["454236"]
rollTimeSum:vvvvvvviii5775456 awardDistance:["259022"]
rollTimeSum:vvvvvvviii7681372 awardDistance:["1735381"]
rollTimeSum:vvvvvvviii7849235 awardDistance:["152775"]
rollTimeSum:vvvvvvviii7897465 awardDistance:["43924"]
rollTimeSum:vvvvvvviii8052416 awardDistance:["141079"]
rollTimeSum:vvvvvvviii9014985 awardDistance:["876482"]
rollTimeSum:vvvvvvviii9078360 awardDistance:["57866"]
rollTimeSum:vvvvvvviii9295980 awardDistance:["198241"]
rollTimeSum:vvvvvvviii9545369 awardDistance:["227016"]
rollTimeSum:vvvvvvviiii271510 awardDistance:["660717"]
rollTimeSum:vvvvvvviiii975099 awardDistance:["640994"]
rollTimeSum:vvvvvvviiii4525771 awardDistance:["3232822"]
rollTimeSum:vvvvvvviiii4805013 awardDistance:["254309"]
rollTimeSum:vvvvvvviiii5947198 awardDistance:["1039811"]
rollTimeSum:vvvvvvviiii6499024 awardDistance:["502383"]
rollTimeSum:vvvvvvviiii6525680 awardDistance:["24269"]
rollTimeSum:vvvvvvviiii8388350 awardDistance:["1696128"]
rollTimeSum:vvvvvvviiii9344002 awardDistance:["870298"]
rollTimeSum:vvvvvvviiii9574064 awardDistance:["209211"]
rollTimeSum:vvvvvvviiii9732704 awardDistance:["144597"]
rollTimeSum:vvvvvvviiiii2863841 awardDistance:["2850718"]
rollTimeSum:vvvvvvviiiii3395549 awardDistance:["484436"]
rollTimeSum:vvvvvvviiiii3565694 awardDistance:["154893"]
rollTimeSum:vvvvvvviiiii4599864 awardDistance:["941565"]
rollTimeSum:vvvvvvviiiii4958723 awardDistance:["326884"]
rollTimeSum:vvvvvvviiiii5601497 awardDistance:["585044"]
rollTimeSum:vvvvvvviiiii6910166 awardDistance:["1191285"]
rollTimeSum:vvvvvvviiiii7579022 awardDistance:["609503"]
rollTimeSum:vvvvvvviiiii9067015 awardDistance:["1354950"]
rollTimeSum:vvvvvvviiiii9072951 awardDistance:["5400"]
rollTimeSum:vvvvvvviiiiii195827 awardDistance:["1022250"]
rollTimeSum:vvvvvvviiiiii371373 awardDistance:["159906"]
rollTimeSum:vvvvvvviiiiii507933 awardDistance:["124298"]
rollTimeSum:vvvvvvviiiiii807086 awardDistance:["272619"]
rollTimeSum:vvvvvvviiiiii955873 awardDistance:["135524"]
rollTimeSum:vvvvvvviiiiii1225908 awardDistance:["245589"]
rollTimeSum:vvvvvvviiiiii1454083 awardDistance:["208018"]
rollTimeSum:vvvvvvviiiiii1794801 awardDistance:["310466"]
rollTimeSum:vvvvvvviiiiii1944585 awardDistance:["136259"]
rollTimeSum:vvvvvvviiiiii5506566 awardDistance:["3243215"]
rollTimeSum:vvvvvvviiiiii6257990 awardDistance:["684404"]
rollTimeSum:vvvvvvviiiiii8060803 awardDistance:["1641554"]
rollTimeSum:vvvvvvviiiiii8572677 awardDistance:["466120"]
rollTimeSum:vvvvvvviiiiii8937193 awardDistance:["331728"]
rollTimeSum:vvvvvvviiiiii9537835 awardDistance:["547023"]
rollTimeSum:vvvvvvviiiiiii388063 awardDistance:["774267"]
rollTimeSum:vvvvvvviiiiiii1110973 awardDistance:["658098"]
rollTimeSum:vvvvvvviiiiiii1357513 awardDistance:["224341"]
rollTimeSum:vvvvvvviiiiiii2381748 awardDistance:["932798"]
rollTimeSum:vvvvvvviiiiiii2701525 awardDistance:["291330"]
rollTimeSum:vvvvvvviiiiiii3128909 awardDistance:["388837"]
rollTimeSum:vvvvvvviiiiiii3746733 awardDistance:["562583"]
rollTimeSum:vvvvvvviiiiiii4085131 awardDistance:["308286"]
rollTimeSum:vvvvvvviiiiiii4947971 awardDistance:["785866"]
rollTimeSum:vvvvvvviiiiiii5617948 awardDistance:["609928"]
rollTimeSum:vvvvvvviiiiiii6845366 awardDistance:["1118054"]
rollTimeSum:vvvvvvviiiiiii7532813 awardDistance:["625726"]
rollTimeSum:vvvvvvviiiiiii8946638 awardDistance:["1287968"]
rollTimeSum:vvvvvvviiiiiii9054662 awardDistance:["98460"]
rollTimeSum:vvvvvvviiiiiii9563841 awardDistance:["463815"]
rollTimeSum:vvvvvvviiiiiii9578944 awardDistance:["13732"]
rollTimeSum:vvvvvvviiiiiii9614584 awardDistance:["32436"]
rollTimeSum:vvvvvvviiiiiiii35879 awardDistance:["383940"]
rollTimeSum:vvvvvvviiiiiiii492521 awardDistance:["415723"]
rollTimeSum:vvvvvvviiiiiiii592178 awardDistance:["90900"]
rollTimeSum:vvvvvvviiiiiiii1039880 awardDistance:["407632"]
rollTimeSum:vvvvvvviiiiiiii4458695 awardDistance:["3112893"]
rollTimeSum:vvvvvvviiiiiiii5695253 awardDistance:["1125721"]
rollTimeSum:vvvvvvviiiiiiii8187179 awardDistance:["2269357"]
rollTimeSum:vvvvvvviiiiiiii8417994 awardDistance:["210429"]
rollTimeSum:vvvvvvviiiiiiii8877266 awardDistance:["418096"]
rollTimeSum:vvvvvvviiiiiiii8928876 awardDistance:["46948"]
rollTimeSum:vvvvvvviiiiiiii8970589 awardDistance:["37978"]
rollTimeSum:vvvvvvviiiiiiii9095804 awardDistance:["113912"]
rollTimeSum:vvvvvvviiiiiiii9667152 awardDistance:["520159"]
rollTimeSum:vvvvvvviiiiiiiii77323 awardDistance:["374040"]
rollTimeSum:vvvvvvviiiiiiiii81151 awardDistance:["3489"]
rollTimeSum:vvvvvvviiiiiiiii1177939 awardDistance:["998747"]
rollTimeSum:vvvvvvviiiiiiiii2621274 awardDistance:["1314493"]
rollTimeSum:vvvvvvviiiiiiiii3520775 awardDistance:["819536"]
rollTimeSum:vvvvvvviiiiiiiii4746450 awardDistance:["1115879"]
rollTimeSum:vvvvvvviiiiiiiii5796799 awardDistance:["956398"]
rollTimeSum:vvvvvvviiiiiiiii6336244 awardDistance:["491178"]
rollTimeSum:vvvvvvviiiiiiiii6833245 awardDistance:["452654"]
rollTimeSum:vvvvvvviiiiiiiii8265474 awardDistance:["1304117"]
rollTimeSum:vvvvvvviiiiiiiii9367518 awardDistance:["1003171"]
rollTimeSum:vvvvvvviiiiiiiii9502965 awardDistance:["123106"]
rollTimeSum:vvvvvvvv327411 awardDistance:["750765"]
rollTimeSum:vvvvvvvv1034995 awardDistance:["644277"]
rollTimeSum:vvvvvvvv1745862 awardDistance:["647149"]
rollTimeSum:vvvvvvvv2479952 awardDistance:["668567"]
rollTimeSum:vvvvvvvv2673636 awardDistance:["176398"]
rollTimeSum:vvvvvvvv3428613 awardDistance:["687459"]
rollTimeSum:vvvvvvvv4288388 awardDistance:["782959"]
rollTimeSum:vvvvvvvv5488448 awardDistance:["1092809"]
rollTimeSum:vvvvvvvv6029159 awardDistance:["492457"]
rollTimeSum:vvvvvvvv6507400 awardDistance:["435697"]
rollTimeSum:vvvvvvvv6694513 awardDistance:["170017"]
rollTimeSum:vvvvvvvv8914219 awardDistance:["2021391"]
rollTimeSum:vvvvvvvv9619554 awardDistance:["642364"]
rollTimeSum:vvvvvvvv9940796 awardDistance:["292458"]
rollTimeSum:vvvvvvvvi1199250 awardDistance:["1145961"]
rollTimeSum:vvvvvvvvi2299022 awardDistance:["1001567"]
rollTimeSum:vvvvvvvvi2692107 awardDistance:["358259"]
rollTimeSum:vvvvvvvvi2993038 awardDistance:["274085"]
rollTimeSum:vvvvvvvvi3752020 awardDistance:["690792"]
rollTimeSum:vvvvvvvvi4244326 awardDistance:["448154"]
rollTimeSum:vvvvvvvvi4950600 awardDistance:["643120"]
rollTimeSum:vvvvvvvvi6934286 awardDistance:["1806252"]
rollTimeSum:vvvvvvvvi7080029 awardDistance:["132848"]
rollTimeSum:vvvvvvvvi8055829 awardDistance:["888918"]
rollTimeSum:vvvvvvvvii1626666 awardDistance:["3251451"]
rollTimeSum:vvvvvvvvii2120214 awardDistance:["449302"]
rollTimeSum:vvvvvvvvii3523765 awardDistance:["1278679"]
rollTimeSum:vvvvvvvvii4682526 awardDistance:["1054956"]
rollTimeSum:vvvvvvvvii4956583 awardDistance:["249518"]
rollTimeSum:vvvvvvvvii7158817 awardDistance:["2004554"]
rollTimeSum:vvvvvvvvii7657802 awardDistance:["454236"]
rollTimeSum:vvvvvvvvii7942336 awardDistance:["259022"]
rollTimeSum:vvvvvvvvii9848252 awardDistance:["1735381"]
rollTimeSum:vvvvvvvviii16115 awardDistance:["152775"]
rollTimeSum:vvvvvvvviii64345 awardDistance:["43924"]
rollTimeSum:vvvvvvvviii219296 awardDistance:["141079"]
rollTimeSum:vvvvvvvviii1181865 awardDistance:["876482"]
rollTimeSum:vvvvvvvviii1245240 awardDistance:["57866"]
rollTimeSum:vvvvvvvviii1462860 awardDistance:["198241"]
rollTimeSum:vvvvvvvviii1712249 awardDistance:["227016"]
rollTimeSum:vvvvvvvviii2438390 awardDistance:["660717"]
rollTimeSum:vvvvvvvviii3141979 awardDistance:["640994"]
rollTimeSum:vvvvvvvviii6692651 awardDistance:["3232822"]
rollTimeSum:vvvvvvvviii6971893 awardDistance:["254309"]
rollTimeSum:vvvvvvvviii8114078 awardDistance:["1039811"]
rollTimeSum:vvvvvvvviii8665904 awardDistance:["502383"]
rollTimeSum:vvvvvvvviii8692560 awardDistance:["24269"]
rollTimeSum:vvvvvvvviiii555230 awardDistance:["1696128"]
rollTimeSum:vvvvvvvviiii1510882 awardDistance:["870298"]
rollTimeSum:vvvvvvvviiii1740944 awardDistance:["209211"]
rollTimeSum:vvvvvvvviiii1899584 awardDistance:["144597"]
rollTimeSum:vvvvvvvviiii5030721 awardDistance:["2850718"]
rollTimeSum:vvvvvvvviiii5562429 awardDistance:["484436"]
rollTimeSum:vvvvvvvviiii5732574 awardDistance:["154893"]
rollTimeSum:vvvvvvvviiii6766744 awardDistance:["941565"]
rollTimeSum:vvvvvvvviiii7125603 awardDistance:["326884"]
rollTimeSum:vvvvvvvviiii7768377 awardDistance:["585044"]
rollTimeSum:vvvvvvvviiii9077046 awardDistance:["1191285"]
rollTimeSum:vvvvvvvviiii9745902 awardDistance:["609503"]
rollTimeSum:vvvvvvvviiiii1233895 awardDistance:["1354950"]
rollTimeSum:vvvvvvvviiiii1239831 awardDistance:["5400"]
rollTimeSum:vvvvvvvviiiii2362707 awardDistance:["1022250"]
rollTimeSum:vvvvvvvviiiii2538253 awardDistance:["159906"]
rollTimeSum:vvvvvvvviiiii2674813 awardDistance:["124298"]
rollTimeSum:vvvvvvvviiiii2973966 awardDistance:["272619"]
rollTimeSum:vvvvvvvviiiii3122753 awardDistance:["135524"]
rollTimeSum:vvvvvvvviiiii3392788 awardDistance:["245589"]
rollTimeSum:vvvvvvvviiiii3620963 awardDistance:["208018"]
rollTimeSum:vvvvvvvviiiii3961681 awardDistance:["310466"]
rollTimeSum:vvvvvvvviiiii4111465 awardDistance:["136259"]
rollTimeSum:vvvvvvvviiiii7673446 awardDistance:["3243215"]
rollTimeSum:vvvvvvvviiiii8424870 awardDistance:["684404"]
rollTimeSum:vvvvvvvviiiiii227683 awardDistance:["1641554"]
rollTimeSum:vvvvvvvviiiiii739557 awardDistance:["466120"]
rollTimeSum:vvvvvvvviiiiii1104073 awardDistance:["331728"]
rollTimeSum:vvvvvvvviiiiii1704715 awardDistance:["547023"]
rollTimeSum:vvvvvvvviiiiii2554943 awardDistance:["774267"]
rollTimeSum:vvvvvvvviiiiii3277853 awardDistance:["658098"]
rollTimeSum:vvvvvvvviiiiii3524393 awardDistance:["224341"]
rollTimeSum:vvvvvvvviiiiii4548628 awardDistance:["932798"]
rollTimeSum:vvvvvvvviiiiii4868405 awardDistance:["291330"]
rollTimeSum:vvvvvvvviiiiii5295789 awardDistance:["388837"]
rollTimeSum:vvvvvvvviiiiii5913613 awardDistance:["562583"]
rollTimeSum:vvvvvvvviiiiii6252011 awardDistance:["308286"]
rollTimeSum:vvvvvvvviiiiii7114851 awardDistance:["785866"]
rollTimeSum:vvvvvvvviiiiii7784828 awardDistance:["609928"]
rollTimeSum:vvvvvvvviiiiii9012246 awardDistance:["1118054"]
rollTimeSum:vvvvvvvviiiiii9699693 awardDistance:["625726"]
rollTimeSum:vvvvvvvviiiiiii1113518 awardDistance:["1287968"]
rollTimeSum:vvvvvvvviiiiiii1221542 awardDistance:["98460"]
rollTimeSum:vvvvvvvviiiiiii1730721 awardDistance:["463815"]
rollTimeSum:vvvvvvvviiiiiii1745824 awardDistance:["13732"]
rollTimeSum:vvvvvvvviiiiiii1781464 awardDistance:["32436"]
rollTimeSum:vvvvvvvviiiiiii2202759 awardDistance:["383940"]
rollTimeSum:vvvvvvvviiiiiii2659401 awardDistance:["415723"]
rollTimeSum:vvvvvvvviiiiiii2759058 awardDistance:["90900"]
rollTimeSum:vvvvvvvviiiiiii3206760 awardDistance:["407632"]
rollTimeSum:vvvvvvvviiiiiii6625575 awardDistance:["3112893"]
rollTimeSum:vvvvvvvviiiiiii7862133 awardDistance:["1125721"]
rollTimeSum:vvvvvvvviiiiiiii354059 awardDistance:["2269357"]
rollTimeSum:vvvvvvvviiiiiiii584874 awardDistance:["210429"]
rollTimeSum:vvvvvvvviiiiiiii1044146 awardDistance:["418096"]
rollTimeSum:vvvvvvvviiiiiiii1095756 awardDistance:["46948"]
rollTimeSum:vvvvvvvviiiiiiii1137469 awardDistance:["37978"]
rollTimeSum:vvvvvvvviiiiiiii1262684 awardDistance:["113912"]
rollTimeSum:vvvvvvvviiiiiiii1834032 awardDistance:["520159"]
rollTimeSum:vvvvvvvviiiiiiii2244203 awardDistance:["374040"]
rollTimeSum:vvvvvvvviiiiiiii2248031 awardDistance:["3489"]
rollTimeSum:vvvvvvvviiiiiiii3344819 awardDistance:["998747"]
rollTimeSum:vvvvvvvviiiiiiii4788154 awardDistance:["1314493"]
rollTimeSum:vvvvvvvviiiiiiii5687655 awardDistance:["819536"]
rollTimeSum:vvvvvvvviiiiiiii6913330 awardDistance:["1115879"]
rollTimeSum:vvvvvvvviiiiiiii7963679 awardDistance:["956398"]
rollTimeSum:vvvvvvvviiiiiiii8503124 awardDistance:["491178"]
rollTimeSum:vvvvvvvviiiiiiii9000125 awardDistance:["452654"]
rollTimeSum:vvvvvvvviiiiiiiii432354 awardDistance:["1304117"]
rollTimeSum:vvvvvvvviiiiiiiii1534398 awardDistance:["1003171"]
rollTimeSum:vvvvvvvviiiiiiiii1669845 awardDistance:["123106"]
rollTimeSum:vvvvvvvviiiiiiiii2494291 awardDistance:["750765"]
rollTimeSum:vvvvvvvviiiiiiiii3201875 awardDistance:["644277"]
rollTimeSum:vvvvvvvviiiiiiiii3912742 awardDistance:["647149"]
rollTimeSum:vvvvvvvviiiiiiiii4646832 awardDistance:["668567"]
rollTimeSum:vvvvvvvviiiiiiiii4840516 awardDistance:["176398"]
rollTimeSum:vvvvvvvviiiiiiiii5595493 awardDistance:["687459"]
rollTimeSum:vvvvvvvviiiiiiiii6455268 awardDistance:["782959"]
rollTimeSum:vvvvvvvviiiiiiiii7655328 awardDistance:["1092809"]
rollTimeSum:vvvvvvvviiiiiiiii8196039 awardDistance:["492457"]
rollTimeSum:vvvvvvvviiiiiiiii8674280 awardDistance:["435697"]
rollTimeSum:vvvvvvvviiiiiiiii8861393 awardDistance:["170017"]
rollTimeSum:vvvvvvvvv1081099 awardDistance:["2021391"]
rollTimeSum:vvvvvvvvv1786434 awardDistance:["642364"]
rollTimeSum:vvvvvvvvv2107676 awardDistance:["292458"]
rollTimeSum:vvvvvvvvv3366130 awardDistance:["1145961"]
rollTimeSum:vvvvvvvvv4465902 awardDistance:["1001567"]
rollTimeSum:vvvvvvvvv4858987 awardDistance:["358259"]
rollTimeSum:vvvvvvvvv5159918 awardDistance:["274085"]
rollTimeSum:vvvvvvvvv5918900 awardDistance:["690792"]
rollTimeSum:vvvvvvvvv6411206 awardDistance:["448154"]
rollTimeSum:vvvvvvvvv7117480 awardDistance:["643120"]
rollTimeSum:vvvvvvvvv9101166 awardDistance:["1806252"]
rollTimeSum:vvvvvvvvv9246909 awardDistance:["132848"]
rollTimeSum:vvvvvvvvvi222709 awardDistance:["888918"]
rollTimeSum:vvvvvvvvvi3793546 awardDistance:["3251451"]
rollTimeSum:vvvvvvvvvi4287094 awardDistance:["449302"]
rollTimeSum:vvvvvvvvvi5690645 awardDistance:["1278679"]
rollTimeSum:vvvvvvvvvi6849406 awardDistance:["1054956"]
rollTimeSum:vvvvvvvvvi7123463 awardDistance:["249518"]
rollTimeSum:vvvvvvvvvi9325697 awardDistance:["2004554"]
rollTimeSum:vvvvvvvvvi9824682 awardDistance:["454236"]
rollTimeSum:vvvvvvvvvii109216 awardDistance:["259022"]
rollTimeSum:vvvvvvvvvii2015132 awardDistance:["1735381"]
rollTimeSum:vvvvvvvvvii2182995 awardDistance:["152775"]
rollTimeSum:vvvvvvvvvii2231225 awardDistance:["43924"]
rollTimeSum:vvvvvvvvvii2386176 awardDistance:["141079"]
rollTimeSum:vvvvvvvvvii3348745 awardDistance:["876482"]
rollTimeSum:vvvvvvvvvii3412120 awardDistance:["57866"]
rollTimeSum:vvvvvvvvvii3629740 awardDistance:["198241"]
rollTimeSum:vvvvvvvvvii3879129 awardDistance:["227016"]
rollTimeSum:vvvvvvvvvii4605270 awardDistance:["660717"]
rollTimeSum:vvvvvvvvvii5308859 awardDistance:["640994"]
rollTimeSum:vvvvvvvvvii8859531 awardDistance:["3232822"]
rollTimeSum:vvvvvvvvvii9138773 awardDistance:["254309"]
rollTimeSum:vvvvvvvvviii280958 awardDistance:["1039811"]
rollTimeSum:vvvvvvvvviii832784 awardDistance:["502383"]
rollTimeSum:vvvvvvvvviii859440 awardDistance:["24269"]
rollTimeSum:vvvvvvvvviii2722110 awardDistance:["1696128"]
rollTimeSum:vvvvvvvvviii3677762 awardDistance:["870298"]
rollTimeSum:vvvvvvvvviii3907824 awardDistance:["209211"]
rollTimeSum:vvvvvvvvviii4066464 awardDistance:["144597"]
rollTimeSum:vvvvvvvvviii7197601 awardDistance:["2850718"]
rollTimeSum:vvvvvvvvviii7729309 awardDistance:["484436"]
rollTimeSum:vvvvvvvvviii7899454 awardDistance:["154893"]
rollTimeSum:vvvvvvvvviii8933624 awardDistance:["941565"]
rollTimeSum:vvvvvvvvviii9292483 awardDistance:["326884"]
rollTimeSum:vvvvvvvvviii9935257 awardDistance:["585044"]
rollTimeSum:vvvvvvvvviiii1243926 awardDistance:["1191285"]
rollTimeSum:vvvvvvvvviiii1912782 awardDistance:["609503"]
rollTimeSum:vvvvvvvvviiii3400775 awardDistance:["1354950"]
rollTimeSum:vvvvvvvvviiii3406711 awardDistance:["5400"]
rollTimeSum:vvvvvvvvviiii4529587 awardDistance:["1022250"]
rollTimeSum:vvvvvvvvviiii4705133 awardDistance:["159906"]
rollTimeSum:vvvvvvvvviiii4841693 awardDistance:["124298"]
rollTimeSum:vvvvvvvvviiii5140846 awardDistance:["272619"]
rollTimeSum:vvvvvvvvviiii5289633 awardDistance:["135524"]
rollTimeSum:vvvvvvvvviiii5559668 awardDistance:["245589"]
rollTimeSum:vvvvvvvvviiii5787843 awardDistance:["208018"]
rollTimeSum:vvvvvvvvviiii6128561 awardDistance:["310466"]
rollTimeSum:vvvvvvvvviiii6278345 awardDistance:["136259"]
rollTimeSum:vvvvvvvvviiii9840326 awardDistance:["3243215"]
rollTimeSum:vvvvvvvvviiiii591750 awardDistance:["684404"]
rollTimeSum:vvvvvvvvviiiii2394563 awardDistance:["1641554"]
rollTimeSum:vvvvvvvvviiiii2906437 awardDistance:["466120"]
rollTimeSum:vvvvvvvvviiiii3270953 awardDistance:["331728"]
rollTimeSum:vvvvvvvvviiiii3871595 awardDistance:["547023"]
rollTimeSum:vvvvvvvvviiiii4721823 awardDistance:["774267"]
rollTimeSum:vvvvvvvvviiiii5444733 awardDistance:["658098"]
rollTimeSum:vvvvvvvvviiiii5691273 awardDistance:["224341"]
rollTimeSum:vvvvvvvvviiiii6715508 awardDistance:["932798"]
rollTimeSum:vvvvvvvvviiiii7035285 awardDistance:["291330"]
rollTimeSum:vvvvvvvvviiiii7462669 awardDistance:["388837"]
rollTimeSum:vvvvvvvvviiiii8080493 awardDistance:["562583"]
rollTimeSum:vvvvvvvvviiiii8418891 awardDistance:["308286"]
rollTimeSum:vvvvvvvvviiiii9281731 awardDistance:["785866"]
rollTimeSum:vvvvvvvvviiiii9951708 awardDistance:["609928"]
rollTimeSum:vvvvvvvvviiiiii1179126 awardDistance:["1118054"]
rollTimeSum:vvvvvvvvviiiiii1866573 awardDistance:["625726"]
rollTimeSum:vvvvvvvvviiiiii3280398 awardDistance:["1287968"]
rollTimeSum:vvvvvvvvviiiiii3388422 awardDistance:["98460"]
rollTimeSum:vvvvvvvvviiiiii3897601 awardDistance:["463815"]
rollTimeSum:vvvvvvvvviiiiii3912704 awardDistance:["13732"]
rollTimeSum:vvvvvvvvviiiiii3948344 awardDistance:["32436"]
rollTimeSum:vvvvvvvvviiiiii4369639 awardDistance:["383940"]
rollTimeSum:vvvvvvvvviiiiii4826281 awardDistance:["415723"]
rollTimeSum:vvvvvvvvviiiiii4925938 awardDistance:["90900"]
rollTimeSum:vvvvvvvvviiiiii5373640 awardDistance:["407632"]
rollTimeSum:vvvvvvvvviiiiii8792455 awardDistance:["3112893"]
rollTimeSum:vvvvvvvvviiiiiii29013 awardDistance:["1125721"]
rollTimeSum:vvvvvvvvviiiiiii2520939 awardDistance:["2269357"]
rollTimeSum:vvvvvvvvviiiiiii2751754 awardDistance:["210429"]
rollTimeSum:vvvvvvvvviiiiiii3211026 awardDistance:["418096"]
rollTimeSum:vvvvvvvvviiiiiii3262636 awardDistance:["46948"]
rollTimeSum:vvvvvvvvviiiiiii3304349 awardDistance:["37978"]
rollTimeSum:vvvvvvvvviiiiiii3429564 awardDistance:["113912"]
rollTimeSum:vvvvvvvvviiiiiii4000912 awardDistance:["520159"]
rollTimeSum:vvvvvvvvviiiiiii4411083 awardDistance:["374040"]
rollTimeSum:vvvvvvvvviiiiiii4414911 awardDistance:["3489"]
rollTimeSum:vvvvvvvvviiiiiii5511699 awardDistance:["998747"]
rollTimeSum:vvvvvvvvviiiiiii6955034 awardDistance:["1314493"]
rollTimeSum:vvvvvvvvviiiiiii7854535 awardDistance:["819536"]
rollTimeSum:vvvvvvvvviiiiiii9080210 awardDistance:["1115879"]
rollTimeSum:vvvvvvvvviiiiiiii130559 awardDistance:["956398"]
rollTimeSum:vvvvvvvvviiiiiiii670004 awardDistance:["491178"]
rollTimeSum:vvvvvvvvviiiiiiii1167005 awardDistance:["452654"]
rollTimeSum:vvvvvvvvviiiiiiii2599234 awardDistance:["1304117"]
rollTimeSum:vvvvvvvvviiiiiiii3701278 awardDistance:["1003171"]
rollTimeSum:vvvvvvvvviiiiiiii3836725 awardDistance:["123106"]
rollTimeSum:vvvvvvvvviiiiiiii4661171 awardDistance:["750765"]
rollTimeSum:vvvvvvvvviiiiiiii5368755 awardDistance:["644277"]
rollTimeSum:vvvvvvvvviiiiiiii6079622 awardDistance:["647149"]
rollTimeSum:vvvvvvvvviiiiiiii6813712 awardDistance:["668567"]
rollTimeSum:vvvvvvvvviiiiiiii7007396 awardDistance:["176398"]
rollTimeSum:vvvvvvvvviiiiiiii7762373 awardDistance:["687459"]
rollTimeSum:vvvvvvvvviiiiiiii8622148 awardDistance:["782959"]
rollTimeSum:vvvvvvvvviiiiiiii9822208 awardDistance:["1092809"]
rollTimeSum:vvvvvvvvviiiiiiiii362919 awardDistance:["492457"]
rollTimeSum:vvvvvvvvviiiiiiiii841160 awardDistance:["435697"]
rollTimeSum:vvvvvvvvviiiiiiiii1028273 awardDistance:["170017"]
rollTimeSum:vvvvvvvvviiiiiiiii3247979 awardDistance:["2021391"]
rollTimeSum:vvvvvvvvviiiiiiiii3953314 awardDistance:["642364"]
rollTimeSum:vvvvvvvvviiiiiiiii4274556 awardDistance:["292458"]
rollTimeSum:vvvvvvvvviiiiiiiii5533010 awardDistance:["1145961"]
rollTimeSum:vvvvvvvvviiiiiiiii6632782 awardDistance:["1001567"]
rollTimeSum:vvvvvvvvviiiiiiiii7025867 awardDistance:["358259"]
rollTimeSum:vvvvvvvvviiiiiiiii7326798 awardDistance:["274085"]
rollTimeSum:vvvvvvvvviiiiiiiii8085780 awardDistance:["690792"]
rollTimeSum:vvvvvvvvviiiiiiiii8578086 awardDistance:["448154"]
rollTimeSum:vvvvvvvvviiiiiiiii9284360 awardDistance:["643120"]
rollTimeSum:W1268046 awardDistance:["1806252"]
rollTimeSum:W1413789 awardDistance:["132848"]
rollTimeSum:W2389589 awardDistance:["888918"]
rollTimeSum:W5960426 awardDistance:["3251451"]
rollTimeSum:W6453974 awardDistance:["449302"]
rollTimeSum:W7857525 awardDistance:["1278679"]
rollTimeSum:W9016286 awardDistance:["1054956"]
rollTimeSum:W9290343 awardDistance:["249518"]
rollTimeSum:Wi1492577 awardDistance:["2004554"]
rollTimeSum:Wi1991562 awardDistance:["454236"]
rollTimeSum:Wi2276096 awardDistance:["259022"]
rollTimeSum:Wi4182012 awardDistance:["1735381"]
rollTimeSum:Wi4349875 awardDistance:["152775"]
rollTimeSum:Wi4398105 awardDistance:["43924"]
rollTimeSum:Wi4553056 awardDistance:["141079"]
rollTimeSum:Wi5515625 awardDistance:["876482"]
rollTimeSum:Wi5579000 awardDistance:["57866"]
rollTimeSum:Wi5796620 awardDistance:["198241"]
rollTimeSum:Wi6046009 awardDistance:["227016"]
rollTimeSum:Wi6772150 awardDistance:["660717"]
rollTimeSum:Wi7475739 awardDistance:["640994"]
rollTimeSum:Wii1026411 awardDistance:["3232822"]
rollTimeSum:Wii1305653 awardDistance:["254309"]
rollTimeSum:Wii2447838 awardDistance:["1039811"]
rollTimeSum:Wii2999664 awardDistance:["502383"]
rollTimeSum:Wii3026320 awardDistance:["24269"]
rollTimeSum:Wii4888990 awardDistance:["1696128"]
rollTimeSum:Wii5844642 awardDistance:["870298"]
rollTimeSum:Wii6074704 awardDistance:["209211"]
rollTimeSum:Wii6233344 awardDistance:["144597"]
rollTimeSum:Wii9364481 awardDistance:["2850718"]
rollTimeSum:Wii9896189 awardDistance:["484436"]
rollTimeSum:Wiii66334 awardDistance:["154893"]
rollTimeSum:Wiii1100504 awardDistance:["941565"]
rollTimeSum:Wiii1459363 awardDistance:["326884"]
rollTimeSum:Wiii2102137 awardDistance:["585044"]
rollTimeSum:Wiii3410806 awardDistance:["1191285"]
rollTimeSum:Wiii4079662 awardDistance:["609503"]
rollTimeSum:Wiii5567655 awardDistance:["1354950"]
rollTimeSum:Wiii5573591 awardDistance:["5400"]
rollTimeSum:Wiii6696467 awardDistance:["1022250"]
rollTimeSum:Wiii6872013 awardDistance:["159906"]
rollTimeSum:Wiii7008573 awardDistance:["124298"]
rollTimeSum:Wiii7307726 awardDistance:["272619"]
rollTimeSum:Wiii7456513 awardDistance:["135524"]
rollTimeSum:Wiii7726548 awardDistance:["245589"]
rollTimeSum:Wiii7954723 awardDistance:["208018"]
rollTimeSum:Wiii8295441 awardDistance:["310466"]
rollTimeSum:Wiii8445225 awardDistance:["136259"]
rollTimeSum:Wiiii2007206 awardDistance:["3243215"]
rollTimeSum:Wiiii2758630 awardDistance:["684404"]
rollTimeSum:Wiiii4561443 awardDistance:["1641554"]
rollTimeSum:Wiiii5073317 awardDistance:["466120"]
rollTimeSum:Wiiii5437833 awardDistance:["331728"]
rollTimeSum:Wiiii6038475 awardDistance:["547023"]
rollTimeSum:Wiiii6888703 awardDistance:["774267"]
rollTimeSum:Wiiii7611613 awardDistance:["658098"]
rollTimeSum:Wiiii7858153 awardDistance:["224341"]
rollTimeSum:Wiiii8882388 awardDistance:["932798"]
rollTimeSum:Wiiii9202165 awardDistance:["291330"]
rollTimeSum:Wiiii9629549 awardDistance:["388837"]
rollTimeSum:Wiiiii247373 awardDistance:["562583"]
rollTimeSum:Wiiiii585771 awardDistance:["308286"]
rollTimeSum:Wiiiii1448611 awardDistance:["785866"]
rollTimeSum:Wiiiii2118588 awardDistance:["609928"]
rollTimeSum:Wiiiii3346006 awardDistance:["1118054"]
rollTimeSum:Wiiiii4033453 awardDistance:["625726"]
rollTimeSum:Wiiiii5447278 awardDistance:["1287968"]
rollTimeSum:Wiiiii5555302 awardDistance:["98460"]
rollTimeSum:Wiiiii6064481 awardDistance:["463815"]
rollTimeSum:Wiiiii6079584 awardDistance:["13732"]
rollTimeSum:Wiiiii6115224 awardDistance:["32436"]
rollTimeSum:Wiiiii6536519 awardDistance:["383940"]
rollTimeSum:Wiiiii6993161 awardDistance:["415723"]
rollTimeSum:Wiiiii7092818 awardDistance:["90900"]
rollTimeSum:Wiiiii7540520 awardDistance:["407632"]
rollTimeSum:Wiiiiii959335 awardDistance:["3112893"]
rollTimeSum:Wiiiiii2195893 awardDistance:["1125721"]
rollTimeSum:Wiiiiii4687819 awardDistance:["2269357"]
rollTimeSum:Wiiiiii4918634 awardDistance:["210429"]
rollTimeSum:Wiiiiii5377906 awardDistance:["418096"]
rollTimeSum:Wiiiiii5429516 awardDistance:["46948"]
rollTimeSum:Wiiiiii5471229 awardDistance:["37978"]
rollTimeSum:Wiiiiii5596444 awardDistance:["113912"]
rollTimeSum:Wiiiiii6167792 awardDistance:["520159"]
rollTimeSum:Wiiiiii6577963 awardDistance:["374040"]
rollTimeSum:Wiiiiii6581791 awardDistance:["3489"]
rollTimeSum:Wiiiiii7678579 awardDistance:["998747"]
rollTimeSum:Wiiiiii9121914 awardDistance:["1314493"]
rollTimeSum:Wiiiiiii21415 awardDistance:["819536"]
rollTimeSum:Wiiiiiii1247090 awardDistance:["1115879"]
rollTimeSum:Wiiiiiii2297439 awardDistance:["956398"]
rollTimeSum:Wiiiiiii2836884 awardDistance:["491178"]
rollTimeSum:Wiiiiiii3333885 awardDistance:["452654"]
rollTimeSum:Wiiiiiii4766114 awardDistance:["1304117"]
rollTimeSum:Wiiiiiii5868158 awardDistance:["1003171"]
rollTimeSum:Wiiiiiii6003605 awardDistance:["123106"]
rollTimeSum:Wiiiiiii6828051 awardDistance:["750765"]
rollTimeSum:Wiiiiiii7535635 awardDistance:["644277"]
rollTimeSum:Wiiiiiii8246502 awardDistance:["647149"]
rollTimeSum:Wiiiiiii8980592 awardDistance:["668567"]
rollTimeSum:Wiiiiiii9174276 awardDistance:["176398"]
rollTimeSum:Wiiiiiii9929253 awardDistance:["687459"]
rollTimeSum:Wiiiiiiii789028 awardDistance:["782959"]
rollTimeSum:Wiiiiiiii1989088 awardDistance:["1092809"]
rollTimeSum:Wiiiiiiii2529799 awardDistance:["492457"]
rollTimeSum:Wiiiiiiii3008040 awardDistance:["435697"]
rollTimeSum:Wiiiiiiii3195153 awardDistance:["170017"]
rollTimeSum:Wiiiiiiii5414859 awardDistance:["2021391"]
rollTimeSum:Wiiiiiiii6120194 awardDistance:["642364"]
rollTimeSum:Wiiiiiiii6441436 awardDistance:["292458"]
rollTimeSum:Wiiiiiiii7699890 awardDistance:["1145961"]
rollTimeSum:Wiiiiiiii8799662 awardDistance:["1001567"]
rollTimeSum:Wiiiiiiii9192747 awardDistance:["358259"]
rollTimeSum:Wiiiiiiii9493678 awardDistance:["274085"]
rollTimeSum:Wiiiiiiiii252660 awardDistance:["690792"]
rollTimeSum:Wiiiiiiiii744966 awardDistance:["448154"]
rollTimeSum:Wiiiiiiiii1451240 awardDistance:["643120"]
rollTimeSum:Wiiiiiiiii3434926 awardDistance:["1806252"]
rollTimeSum:Wiiiiiiiii3580669 awardDistance:["132848"]
rollTimeSum:Wiiiiiiiii4556469 awardDistance:["888918"]
