rollTimeSum:1701293 awardDistance:["1549347"]
rollTimeSum:2031694 awardDistance:["300825"]
rollTimeSum:2299353 awardDistance:["243676"]
rollTimeSum:2349712 awardDistance:["45888"]
rollTimeSum:4563554 awardDistance:["2015704"]
rollTimeSum:4674224 awardDistance:["100878"]
rollTimeSum:5175007 awardDistance:["456042"]
rollTimeSum:5327415 awardDistance:["138620"]
rollTimeSum:8176656 awardDistance:["2593986"]
rollTimeSum:8441146 awardDistance:["240687"]
rollTimeSum:9718652 awardDistance:["1163113"]
rollTimeSum:9912867 awardDistance:["176870"]
rollTimeSum:i161545 awardDistance:["226361"]
rollTimeSum:i170869 awardDistance:["8458"]
rollTimeSum:i446143 awardDistance:["250506"]
rollTimeSum:i2512292 awardDistance:["1881103"]
rollTimeSum:i6276398 awardDistance:["3428099"]
rollTimeSum:ii964445 awardDistance:["4270151"]
rollTimeSum:ii1124819 awardDistance:["145946"]
rollTimeSum:ii3077668 awardDistance:["1777821"]
rollTimeSum:ii3488975 awardDistance:["374704"]
rollTimeSum:ii4013866 awardDistance:["477633"]
rollTimeSum:ii6016164 awardDistance:["1823280"]
rollTimeSum:ii7236516 awardDistance:["1111087"]
rollTimeSum:ii8773831 awardDistance:["1399796"]
rollTimeSum:iii388075 awardDistance:["1469935"]
rollTimeSum:iii827707 awardDistance:["400628"]
rollTimeSum:iii1047605 awardDistance:["200108"]
rollTimeSum:iii1480242 awardDistance:["394252"]
rollTimeSum:iii1678448 awardDistance:["180415"]
rollTimeSum:iii5396888 awardDistance:["3386771"]
rollTimeSum:iii6082313 awardDistance:["624097"]
rollTimeSum:iii7270240 awardDistance:["1081574"]
rollTimeSum:iii7885859 awardDistance:["560862"]
rollTimeSum:iii8575668 awardDistance:["628249"]
rollTimeSum:iii9434214 awardDistance:["781925"]
rollTimeSum:iiii413608 awardDistance:["891794"]
rollTimeSum:iiii1183287 awardDistance:["700858"]
rollTimeSum:iiii4171538 awardDistance:["2721880"]
rollTimeSum:iiii4530452 awardDistance:["326609"]
rollTimeSum:iiii4644121 awardDistance:["103333"]
rollTimeSum:iiii5278780 awardDistance:["577893"]
rollTimeSum:iiii5797536 awardDistance:["472203"]
rollTimeSum:iiii6140619 awardDistance:["312556"]
rollTimeSum:iiii6150182 awardDistance:["8698"]
rollTimeSum:iiii7597741 awardDistance:["1318261"]
rollTimeSum:iiii9095973 awardDistance:["1364184"]
rollTimeSum:iiii9152936 awardDistance:["51847"]
rollTimeSum:iiii9269822 awardDistance:["106393"]
rollTimeSum:iiiii136824 awardDistance:["789836"]
rollTimeSum:iiiii785998 awardDistance:["590803"]
rollTimeSum:iiiii932743 awardDistance:["133479"]
rollTimeSum:iiiii4644621 awardDistance:["3380115"]
rollTimeSum:iiiii4660138 awardDistance:["14085"]
rollTimeSum:iiiii6567905 awardDistance:["1736560"]
rollTimeSum:iiiii7075777 awardDistance:["462564"]
rollTimeSum:iiiii7416878 awardDistance:["310496"]
rollTimeSum:iiiii8884496 awardDistance:["1336485"]
rollTimeSum:iiiii9091956 awardDistance:["188852"]
rollTimeSum:iiiiii329281 awardDistance:["1126474"]
rollTimeSum:iiiiii440593 awardDistance:["101413"]
rollTimeSum:iiiiii1928011 awardDistance:["1354132"]
rollTimeSum:iiiiii2576594 awardDistance:["590671"]
rollTimeSum:iiiiii3735808 awardDistance:["1055640"]
rollTimeSum:iiiiii4154159 awardDistance:["381051"]
rollTimeSum:iiiiii4852392 awardDistance:["635425"]
rollTimeSum:iiiiii7362652 awardDistance:["2285243"]
rollTimeSum:iiiiii7678139 awardDistance:["287450"]
rollTimeSum:iiiiii8357631 awardDistance:["618942"]
rollTimeSum:iiiiii8376825 awardDistance:["17470"]
rollTimeSum:iiiiii8587065 awardDistance:["191565"]
rollTimeSum:iiiiii9127750 awardDistance:["492228"]
rollTimeSum:iiiiiii553175 awardDistance:["1297937"]
rollTimeSum:iiiiiii1295571 awardDistance:["675465"]
rollTimeSum:iiiiiii4053029 awardDistance:["2511732"]
rollTimeSum:iiiiiii4663333 awardDistance:["555346"]
rollTimeSum:iiiiiii4819361 awardDistance:["142042"]
rollTimeSum:iiiiiii5116938 awardDistance:["270937"]
rollTimeSum:iiiiiii6413675 awardDistance:["1180654"]
rollTimeSum:iiiiiii7178688 awardDistance:["696976"]
rollTimeSum:iiiiiii7772003 awardDistance:["539952"]
rollTimeSum:iiiiiii9222443 awardDistance:["1320511"]
rollTimeSum:iiiiiiii823271 awardDistance:["1458029"]
rollTimeSum:iiiiiiii2575477 awardDistance:["1595452"]
rollTimeSum:iiiiiiii2773011 awardDistance:["180083"]
rollTimeSum:iiiiiiii3332845 awardDistance:["509652"]
rollTimeSum:iiiiiiii4059356 awardDistance:["661390"]
rollTimeSum:iiiiiiii4671347 awardDistance:["557357"]
rollTimeSum:iiiiiiii5403627 awardDistance:["666751"]
rollTimeSum:iiiiiiii7200499 awardDistance:["1636032"]
rollTimeSum:iiiiiiii7905034 awardDistance:["641691"]
rollTimeSum:iiiiiiii8218274 awardDistance:["285163"]
rollTimeSum:iiiiiiiii6233963 awardDistance:["7300226"]
rollTimeSum:iiiiiiiii6415803 awardDistance:["165720"]
rollTimeSum:iiiiiiiii6740691 awardDistance:["295960"]
rollTimeSum:iiiiiiiiii447737 awardDistance:["3375080"]
rollTimeSum:iiiiiiiiii962507 awardDistance:["468461"]
rollTimeSum:iiiiiiiiii2146550 awardDistance:["1078467"]
rollTimeSum:iiiiiiiiii3881835 awardDistance:["1580366"]
rollTimeSum:iiiiiiiiii9787826 awardDistance:["5378422"]
rollTimeSum:iiiiiiiiii9981645 awardDistance:["176598"]
rollTimeSum:iiiiiiiiiii163363 awardDistance:["165608"]
rollTimeSum:iiiiiiiiiii2574064 awardDistance:["2194858"]
rollTimeSum:iiiiiiiiiii3036760 awardDistance:["421305"]
rollTimeSum:iiiiiiiiiii6237098 awardDistance:["2913714"]
rollTimeSum:iiiiiiiiiii7500738 awardDistance:["1150463"]
rollTimeSum:iiiiiiiiiii7972729 awardDistance:["430063"]
rollTimeSum:iiiiiiiiiii8441558 awardDistance:["427023"]
rollTimeSum:iiiiiiiiiii8689217 awardDistance:["225373"]
rollTimeSum:iiiiiiiiiiii711532 awardDistance:["1841544"]
rollTimeSum:iiiiiiiiiiii5157523 awardDistance:["4048696"]
rollTimeSum:iiiiiiiiiiii5208204 awardDistance:["46135"]
rollTimeSum:iiiiiiiiiiii6330218 awardDistance:["1021716"]
rollTimeSum:iiiiiiiiiiii7107777 awardDistance:["708026"]
rollTimeSum:iiiiiiiiiiii8772452 awardDistance:["1516077"]
rollTimeSum:iiiiiiiiiiii8985257 awardDistance:["193776"]
rollTimeSum:iiiiiiiiiiii9300198 awardDistance:["286737"]
rollTimeSum:iiiiiiiiiiii9798344 awardDistance:["453600"]
rollTimeSum:iiiiiiiiiiiii633515 awardDistance:["760258"]
rollTimeSum:iiiiiiiiiiiii829938 awardDistance:["178967"]
rollTimeSum:iiiiiiiiiiiii1215542 awardDistance:["351210"]
rollTimeSum:iiiiiiiiiiiii2958215 awardDistance:["1587141"]
rollTimeSum:iiiiiiiiiiiii2984628 awardDistance:["23982"]
rollTimeSum:iiiiiiiiiiiii7292730 awardDistance:["3922818"]
rollTimeSum:iiiiiiiiiiiii7807410 awardDistance:["468592"]
rollTimeSum:iiiiiiiiiiiii9534496 awardDistance:["1573032"]
rollTimeSum:iiiiiiiiiiiii9997641 awardDistance:["421710"]
rollTimeSum:iiiiiiiiiiiiii752401 awardDistance:["687140"]
rollTimeSum:iiiiiiiiiiiiii783189 awardDistance:["28034"]
rollTimeSum:iiiiiiiiiiiiii2066962 awardDistance:["1168513"]
rollTimeSum:iiiiiiiiiiiiii2354621 awardDistance:["261887"]
rollTimeSum:iiiiiiiiiiiiii5331409 awardDistance:["2710198"]
rollTimeSum:iiiiiiiiiiiiii6290362 awardDistance:["873217"]
rollTimeSum:iiiiiiiiiiiiii6583118 awardDistance:["266749"]
rollTimeSum:iiiiiiiiiiiiii8734785 awardDistance:["1958701"]
rollTimeSum:iiiiiiiiiiiiii9242657 awardDistance:["462564"]
rollTimeSum:iiiiiiiiiiiiii9583758 awardDistance:["310496"]
rollTimeSum:iiiiiiiiiiiiiii1051376 awardDistance:["1336485"]
rollTimeSum:iiiiiiiiiiiiiii1258836 awardDistance:["188852"]
rollTimeSum:iiiiiiiiiiiiiii2496161 awardDistance:["1126474"]
rollTimeSum:iiiiiiiiiiiiiii2607473 awardDistance:["101413"]
rollTimeSum:iiiiiiiiiiiiiii4094891 awardDistance:["1354132"]
rollTimeSum:iiiiiiiiiiiiiii4743474 awardDistance:["590671"]
rollTimeSum:iiiiiiiiiiiiiii5902688 awardDistance:["1055640"]
rollTimeSum:iiiiiiiiiiiiiii6321039 awardDistance:["381051"]
rollTimeSum:iiiiiiiiiiiiiii7019272 awardDistance:["635425"]
rollTimeSum:iiiiiiiiiiiiiii9529532 awardDistance:["2285243"]
rollTimeSum:iiiiiiiiiiiiiii9845019 awardDistance:["287450"]
rollTimeSum:iiiiiiiiiiiiiiii524511 awardDistance:["618942"]
rollTimeSum:iiiiiiiiiiiiiiii543705 awardDistance:["17470"]
rollTimeSum:iiiiiiiiiiiiiiii753945 awardDistance:["191565"]
rollTimeSum:iiiiiiiiiiiiiiii1294630 awardDistance:["492228"]
rollTimeSum:iiiiiiiiiiiiiiii2720055 awardDistance:["1297937"]
rollTimeSum:iiiiiiiiiiiiiiii3462451 awardDistance:["675465"]
rollTimeSum:iiiiiiiiiiiiiiii6219909 awardDistance:["2511732"]
rollTimeSum:iiiiiiiiiiiiiiii6830213 awardDistance:["555346"]
rollTimeSum:iiiiiiiiiiiiiiii6986241 awardDistance:["142042"]
rollTimeSum:iiiiiiiiiiiiiiii7283818 awardDistance:["270937"]
rollTimeSum:iiiiiiiiiiiiiiii8580555 awardDistance:["1180654"]
rollTimeSum:iiiiiiiiiiiiiiii9345568 awardDistance:["696976"]
rollTimeSum:iiiiiiiiiiiiiiii9938883 awardDistance:["539952"]
rollTimeSum:iiiiiiiiiiiiiiiii1389323 awardDistance:["1320511"]
rollTimeSum:iiiiiiiiiiiiiiiii2990151 awardDistance:["1458029"]
rollTimeSum:iiiiiiiiiiiiiiiii4742357 awardDistance:["1595452"]
rollTimeSum:iiiiiiiiiiiiiiiii4939891 awardDistance:["180083"]
rollTimeSum:iiiiiiiiiiiiiiiii5499725 awardDistance:["509652"]
rollTimeSum:iiiiiiiiiiiiiiiii6226236 awardDistance:["661390"]
rollTimeSum:iiiiiiiiiiiiiiiii6838227 awardDistance:["557357"]
rollTimeSum:iiiiiiiiiiiiiiiii7570507 awardDistance:["666751"]
rollTimeSum:iiiiiiiiiiiiiiiii9367379 awardDistance:["1636032"]
rollTimeSum:iiiiiiiiiiiiiiiiii71914 awardDistance:["641691"]
rollTimeSum:iiiiiiiiiiiiiiiiii385154 awardDistance:["285163"]
rollTimeSum:iiiiiiiiiiiiiiiiii8400843 awardDistance:["7300226"]
rollTimeSum:iiiiiiiiiiiiiiiiii8582683 awardDistance:["165720"]
rollTimeSum:iiiiiiiiiiiiiiiiii8907571 awardDistance:["295960"]
rollTimeSum:iiiiiiiiiiiiiiiiiii2614617 awardDistance:["3375080"]
rollTimeSum:iiiiiiiiiiiiiiiiiii3129387 awardDistance:["468461"]
rollTimeSum:iiiiiiiiiiiiiiiiiii4313430 awardDistance:["1078467"]
rollTimeSum:iiiiiiiiiiiiiiiiiii6048715 awardDistance:["1580366"]
rollTimeSum:iiiiiiiiiiiiiiiiiiii1954706 awardDistance:["5378422"]
rollTimeSum:iiiiiiiiiiiiiiiiiiii2148525 awardDistance:["176598"]
rollTimeSum:iiiiiiiiiiiiiiiiiiii2330243 awardDistance:["165608"]
rollTimeSum:iiiiiiiiiiiiiiiiiiii4740944 awardDistance:["2194858"]
rollTimeSum:iiiiiiiiiiiiiiiiiiii5203640 awardDistance:["421305"]
rollTimeSum:iiiiiiiiiiiiiiiiiiii8403978 awardDistance:["2913714"]
rollTimeSum:iiiiiiiiiiiiiiiiiiii9667618 awardDistance:["1150463"]
rollTimeSum:iiiiiiiiiiiiiiiiiiiii139609 awardDistance:["430063"]
rollTimeSum:iiiiiiiiiiiiiiiiiiiii608438 awardDistance:["427023"]
rollTimeSum:iiiiiiiiiiiiiiiiiiiii856097 awardDistance:["225373"]
rollTimeSum:iiiiiiiiiiiiiiiiiiiii2878412 awardDistance:["1841544"]
rollTimeSum:iiiiiiiiiiiiiiiiiiiii7324403 awardDistance:["4048696"]
rollTimeSum:iiiiiiiiiiiiiiiiiiiii7375084 awardDistance:["46135"]
rollTimeSum:iiiiiiiiiiiiiiiiiiiii8497098 awardDistance:["1021716"]
rollTimeSum:iiiiiiiiiiiiiiiiiiiii9274657 awardDistance:["708026"]
rollTimeSum:iiiiiiiiiiiiiiiiiiiiii939332 awardDistance:["1516077"]
rollTimeSum:iiiiiiiiiiiiiiiiiiiiii1152137 awardDistance:["193776"]
rollTimeSum:iiiiiiiiiiiiiiiiiiiiii1467078 awardDistance:["286737"]
rollTimeSum:iiiiiiiiiiiiiiiiiiiiii1965224 awardDistance:["453600"]
rollTimeSum:iiiiiiiiiiiiiiiiiiiiii2800395 awardDistance:["760258"]
rollTimeSum:iiiiiiiiiiiiiiiiiiiiii2996818 awardDistance:["178967"]
rollTimeSum:iiiiiiiiiiiiiiiiiiiiii3382422 awardDistance:["351210"]
rollTimeSum:iiiiiiiiiiiiiiiiiiiiii5125095 awardDistance:["1587141"]
rollTimeSum:iiiiiiiiiiiiiiiiiiiiii5151508 awardDistance:["23982"]
rollTimeSum:iiiiiiiiiiiiiiiiiiiiii9459610 awardDistance:["3922818"]
rollTimeSum:iiiiiiiiiiiiiiiiiiiiii9974290 awardDistance:["468592"]
rollTimeSum:iiiiiiiiiiiiiiiiiiiiiii1701376 awardDistance:["1573032"]
rollTimeSum:iiiiiiiiiiiiiiiiiiiiiii2164521 awardDistance:["421710"]
rollTimeSum:iiiiiiiiiiiiiiiiiiiiiii2919281 awardDistance:["687140"]
rollTimeSum:iiiiiiiiiiiiiiiiiiiiiii2950069 awardDistance:["28034"]
rollTimeSum:iiiiiiiiiiiiiiiiiiiiiii4233842 awardDistance:["1168513"]
rollTimeSum:iiiiiiiiiiiiiiiiiiiiiii4521501 awardDistance:["261887"]
rollTimeSum:iiiiiiiiiiiiiiiiiiiiiii7498289 awardDistance:["2710198"]
rollTimeSum:iiiiiiiiiiiiiiiiiiiiiii8457242 awardDistance:["873217"]
rollTimeSum:iiiiiiiiiiiiiiiiiiiiiii8749998 awardDistance:["266749"]
rollTimeSum:iiiiiiiiiiiiiiiiiiiiiiii901665 awardDistance:["1958701"]
rollTimeSum:iiiiiiiiiiiiiiiiiiiiiiii1409537 awardDistance:["462564"]
rollTimeSum:iiiiiiiiiiiiiiiiiiiiiiii1750638 awardDistance:["310496"]
rollTimeSum:iiiiiiiiiiiiiiiiiiiiiiii3218256 awardDistance:["1336485"]
rollTimeSum:iiiiiiiiiiiiiiiiiiiiiiii3425716 awardDistance:["188852"]
rollTimeSum:iiiiiiiiiiiiiiiiiiiiiiii4663041 awardDistance:["1126474"]
rollTimeSum:iiiiiiiiiiiiiiiiiiiiiiii4774353 awardDistance:["101413"]
rollTimeSum:iiiiiiiiiiiiiiiiiiiiiiii6261771 awardDistance:["1354132"]
rollTimeSum:iiiiiiiiiiiiiiiiiiiiiiii6910354 awardDistance:["590671"]
rollTimeSum:iiiiiiiiiiiiiiiiiiiiiiii8069568 awardDistance:["1055640"]
rollTimeSum:iiiiiiiiiiiiiiiiiiiiiiii8487919 awardDistance:["381051"]
rollTimeSum:iiiiiiiiiiiiiiiiiiiiiiii9186152 awardDistance:["635425"]
rollTimeSum:iiiiiiiiiiiiiiiiiiiiiiiii1696412 awardDistance:["2285243"]
rollTimeSum:iiiiiiiiiiiiiiiiiiiiiiiii2011899 awardDistance:["287450"]
rollTimeSum:iiiiiiiiiiiiiiiiiiiiiiiii2691391 awardDistance:["618942"]
rollTimeSum:iiiiiiiiiiiiiiiiiiiiiiiii2710585 awardDistance:["17470"]
rollTimeSum:iiiiiiiiiiiiiiiiiiiiiiiii2920825 awardDistance:["191565"]
rollTimeSum:iiiiiiiiiiiiiiiiiiiiiiiii3461510 awardDistance:["492228"]
rollTimeSum:iiiiiiiiiiiiiiiiiiiiiiiii4886935 awardDistance:["1297937"]
rollTimeSum:iiiiiiiiiiiiiiiiiiiiiiiii5629331 awardDistance:["675465"]
rollTimeSum:iiiiiiiiiiiiiiiiiiiiiiiii8386789 awardDistance:["2511732"]
rollTimeSum:iiiiiiiiiiiiiiiiiiiiiiiii8997093 awardDistance:["555346"]
rollTimeSum:iiiiiiiiiiiiiiiiiiiiiiiii9153121 awardDistance:["142042"]
rollTimeSum:iiiiiiiiiiiiiiiiiiiiiiiii9450698 awardDistance:["270937"]
rollTimeSum:iiiiiiiiiiiiiiiiiiiiiiiiii747435 awardDistance:["1180654"]
rollTimeSum:iiiiiiiiiiiiiiiiiiiiiiiiii1512448 awardDistance:["696976"]
rollTimeSum:iiiiiiiiiiiiiiiiiiiiiiiiii2105763 awardDistance:["539952"]
rollTimeSum:iiiiiiiiiiiiiiiiiiiiiiiiii3556203 awardDistance:["1320511"]
rollTimeSum:iiiiiiiiiiiiiiiiiiiiiiiiii5157031 awardDistance:["1458029"]
rollTimeSum:iiiiiiiiiiiiiiiiiiiiiiiiii6909237 awardDistance:["1595452"]
rollTimeSum:iiiiiiiiiiiiiiiiiiiiiiiiii7106771 awardDistance:["180083"]
rollTimeSum:iiiiiiiiiiiiiiiiiiiiiiiiii7666605 awardDistance:["509652"]
rollTimeSum:iiiiiiiiiiiiiiiiiiiiiiiiii8393116 awardDistance:["661390"]
rollTimeSum:iiiiiiiiiiiiiiiiiiiiiiiiii9005107 awardDistance:["557357"]
rollTimeSum:iiiiiiiiiiiiiiiiiiiiiiiiii9737387 awardDistance:["666751"]
rollTimeSum:iiiiiiiiiiiiiiiiiiiiiiiiiii1534259 awardDistance:["1636032"]
rollTimeSum:iiiiiiiiiiiiiiiiiiiiiiiiiii2238794 awardDistance:["641691"]
rollTimeSum:iiiiiiiiiiiiiiiiiiiiiiiiiii2552034 awardDistance:["285163"]
rollTimeSum:iiiiiiiiiiiiiiiiiiiiiiiiiiii567723 awardDistance:["7300226"]
rollTimeSum:iiiiiiiiiiiiiiiiiiiiiiiiiiii749563 awardDistance:["165720"]
rollTimeSum:iiiiiiiiiiiiiiiiiiiiiiiiiiii1074451 awardDistance:["295960"]
rollTimeSum:iiiiiiiiiiiiiiiiiiiiiiiiiiii4781497 awardDistance:["3375080"]
rollTimeSum:iiiiiiiiiiiiiiiiiiiiiiiiiiii5296267 awardDistance:["468461"]
rollTimeSum:iiiiiiiiiiiiiiiiiiiiiiiiiiii6480310 awardDistance:["1078467"]
rollTimeSum:iiiiiiiiiiiiiiiiiiiiiiiiiiii8215595 awardDistance:["1580366"]
rollTimeSum:iiiiiiiiiiiiiiiiiiiiiiiiiiiii4121586 awardDistance:["5378422"]
rollTimeSum:iiiiiiiiiiiiiiiiiiiiiiiiiiiii4315405 awardDistance:["176598"]
rollTimeSum:iiiiiiiiiiiiiiiiiiiiiiiiiiiii4497123 awardDistance:["165608"]
rollTimeSum:iiiiiiiiiiiiiiiiiiiiiiiiiiiii6907824 awardDistance:["2194858"]
rollTimeSum:iiiiiiiiiiiiiiiiiiiiiiiiiiiii7370520 awardDistance:["421305"]
rollTimeSum:iiiiiiiiiiiiiiiiiiiiiiiiiiiiii570858 awardDistance:["2913714"]
rollTimeSum:iiiiiiiiiiiiiiiiiiiiiiiiiiiiii1834498 awardDistance:["1150463"]
rollTimeSum:iiiiiiiiiiiiiiiiiiiiiiiiiiiiii2306489 awardDistance:["430063"]
rollTimeSum:iiiiiiiiiiiiiiiiiiiiiiiiiiiiii2775318 awardDistance:["427023"]
rollTimeSum:iiiiiiiiiiiiiiiiiiiiiiiiiiiiii3022977 awardDistance:["225373"]
rollTimeSum:iiiiiiiiiiiiiiiiiiiiiiiiiiiiii5045292 awardDistance:["1841544"]
rollTimeSum:iiiiiiiiiiiiiiiiiiiiiiiiiiiiii9491283 awardDistance:["4048696"]
rollTimeSum:iiiiiiiiiiiiiiiiiiiiiiiiiiiiii9541964 awardDistance:["46135"]
rollTimeSum:iiiiiiiiiiiiiiiiiiiiiiiiiiiiiii663978 awardDistance:["1021716"]
rollTimeSum:iiiiiiiiiiiiiiiiiiiiiiiiiiiiiii1441537 awardDistance:["708026"]
rollTimeSum:iiiiiiiiiiiiiiiiiiiiiiiiiiiiiii3106212 awardDistance:["1516077"]
rollTimeSum:iiiiiiiiiiiiiiiiiiiiiiiiiiiiiii3319017 awardDistance:["193776"]
rollTimeSum:iiiiiiiiiiiiiiiiiiiiiiiiiiiiiii3633958 awardDistance:["286737"]
rollTimeSum:iiiiiiiiiiiiiiiiiiiiiiiiiiiiiii4132104 awardDistance:["453600"]
rollTimeSum:iiiiiiiiiiiiiiiiiiiiiiiiiiiiiii4967275 awardDistance:["760258"]
rollTimeSum:iiiiiiiiiiiiiiiiiiiiiiiiiiiiiii5163698 awardDistance:["178967"]
rollTimeSum:iiiiiiiiiiiiiiiiiiiiiiiiiiiiiii5549302 awardDistance:["351210"]
rollTimeSum:iiiiiiiiiiiiiiiiiiiiiiiiiiiiiii7291975 awardDistance:["1587141"]
rollTimeSum:iiiiiiiiiiiiiiiiiiiiiiiiiiiiiii7318388 awardDistance:["23982"]
rollTimeSum:iiiiiiiiiiiiiiiiiiiiiiiiiiiiiiii1626490 awardDistance:["3922818"]
rollTimeSum:iiiiiiiiiiiiiiiiiiiiiiiiiiiiiiii2141170 awardDistance:["468592"]
rollTimeSum:iiiiiiiiiiiiiiiiiiiiiiiiiiiiiiii3868256 awardDistance:["1573032"]
rollTimeSum:iiiiiiiiiiiiiiiiiiiiiiiiiiiiiiii4331401 awardDistance:["421710"]
rollTimeSum:iiiiiiiiiiiiiiiiiiiiiiiiiiiiiiii5086161 awardDistance:["687140"]
rollTimeSum:iiiiiiiiiiiiiiiiiiiiiiiiiiiiiiii5116949 awardDistance:["28034"]
rollTimeSum:iiiiiiiiiiiiiiiiiiiiiiiiiiiiiiii6400722 awardDistance:["1168513"]
rollTimeSum:iiiiiiiiiiiiiiiiiiiiiiiiiiiiiiii6688381 awardDistance:["261887"]
rollTimeSum:iiiiiiiiiiiiiiiiiiiiiiiiiiiiiiii9665169 awardDistance:["2710198"]
rollTimeSum:iiiiiiiiiiiiiiiiiiiiiiiiiiiiiiiii624122 awardDistance:["873217"]
rollTimeSum:iiiiiiiiiiiiiiiiiiiiiiiiiiiiiiiii916878 awardDistance:["266749"]
rollTimeSum:iiiiiiiiiiiiiiiiiiiiiiiiiiiiiiiii3068545 awardDistance:["1958701"]
rollTimeSum:iiiiiiiiiiiiiiiiiiiiiiiiiiiiiiiii3576417 awardDistance:["462564"]
rollTimeSum:iiiiiiiiiiiiiiiiiiiiiiiiiiiiiiiii3917518 awardDistance:["310496"]
rollTimeSum:iiiiiiiiiiiiiiiiiiiiiiiiiiiiiiiii5385136 awardDistance:["1336485"]
rollTimeSum:iiiiiiiiiiiiiiiiiiiiiiiiiiiiiiiii5592596 awardDistance:["188852"]
rollTimeSum:iiiiiiiiiiiiiiiiiiiiiiiiiiiiiiiii6829921 awardDistance:["1126474"]
rollTimeSum:iiiiiiiiiiiiiiiiiiiiiiiiiiiiiiiii6941233 awardDistance:["101413"]
rollTimeSum:iiiiiiiiiiiiiiiiiiiiiiiiiiiiiiiii8428651 awardDistance:["1354132"]
rollTimeSum:iiiiiiiiiiiiiiiiiiiiiiiiiiiiiiiii9077234 awardDistance:["590671"]
rollTimeSum:iiiiiiiiiiiiiiiiiiiiiiiiiiiiiiiiii236448 awardDistance:["1055640"]
rollTimeSum:iiiiiiiiiiiiiiiiiiiiiiiiiiiiiiiiii654799 awardDistance:["381051"]
rollTimeSum:iiiiiiiiiiiiiiiiiiiiiiiiiiiiiiiiii1353032 awardDistance:["635425"]
rollTimeSum:iiiiiiiiiiiiiiiiiiiiiiiiiiiiiiiiii3863292 awardDistance:["2285243"]
rollTimeSum:iiiiiiiiiiiiiiiiiiiiiiiiiiiiiiiiii4178779 awardDistance:["287450"]
rollTimeSum:iiiiiiiiiiiiiiiiiiiiiiiiiiiiiiiiii4858271 awardDistance:["618942"]
rollTimeSum:iiiiiiiiiiiiiiiiiiiiiiiiiiiiiiiiii4877465 awardDistance:["17470"]
rollTimeSum:iiiiiiiiiiiiiiiiiiiiiiiiiiiiiiiiii5087705 awardDistance:["191565"]
rollTimeSum:iiiiiiiiiiiiiiiiiiiiiiiiiiiiiiiiii5628390 awardDistance:["492228"]
rollTimeSum:iiiiiiiiiiiiiiiiiiiiiiiiiiiiiiiiii7053815 awardDistance:["1297937"]
rollTimeSum:iiiiiiiiiiiiiiiiiiiiiiiiiiiiiiiiii7796211 awardDistance:["675465"]
rollTimeSum:iiiiiiiiiiiiiiiiiiiiiiiiiiiiiiiiiii553669 awardDistance:["2511732"]
rollTimeSum:iiiiiiiiiiiiiiiiiiiiiiiiiiiiiiiiiii1163973 awardDistance:["555346"]
rollTimeSum:iiiiiiiiiiiiiiiiiiiiiiiiiiiiiiiiiii1320001 awardDistance:["142042"]
rollTimeSum:iiiiiiiiiiiiiiiiiiiiiiiiiiiiiiiiiii1617578 awardDistance:["270937"]
rollTimeSum:iiiiiiiiiiiiiiiiiiiiiiiiiiiiiiiiiii2914315 awardDistance:["1180654"]
rollTimeSum:iiiiiiiiiiiiiiiiiiiiiiiiiiiiiiiiiii3679328 awardDistance:["696976"]
rollTimeSum:iiiiiiiiiiiiiiiiiiiiiiiiiiiiiiiiiii4272643 awardDistance:["539952"]
rollTimeSum:iiiiiiiiiiiiiiiiiiiiiiiiiiiiiiiiiii5723083 awardDistance:["1320511"]
rollTimeSum:iiiiiiiiiiiiiiiiiiiiiiiiiiiiiiiiiii7323911 awardDistance:["1458029"]
rollTimeSum:iiiiiiiiiiiiiiiiiiiiiiiiiiiiiiiiiii9076117 awardDistance:["1595452"]
rollTimeSum:iiiiiiiiiiiiiiiiiiiiiiiiiiiiiiiiiii9273651 awardDistance:["180083"]
rollTimeSum:iiiiiiiiiiiiiiiiiiiiiiiiiiiiiiiiiii9833485 awardDistance:["509652"]
rollTimeSum:iiiiiiiiiiiiiiiiiiiiiiiiiiiiiiiiiiii559996 awardDistance:["661390"]
rollTimeSum:iiiiiiiiiiiiiiiiiiiiiiiiiiiiiiiiiiii1171987 awardDistance:["557357"]
rollTimeSum:iiiiiiiiiiiiiiiiiiiiiiiiiiiiiiiiiiii1904267 awardDistance:["666751"]
rollTimeSum:iiiiiiiiiiiiiiiiiiiiiiiiiiiiiiiiiiii3701139 awardDistance:["1636032"]
rollTimeSum:iiiiiiiiiiiiiiiiiiiiiiiiiiiiiiiiiiii4405674 awardDistance:["641691"]
rollTimeSum:iiiiiiiiiiiiiiiiiiiiiiiiiiiiiiiiiiii4718914 awardDistance:["285163"]
rollTimeSum:iiiiiiiiiiiiiiiiiiiiiiiiiiiiiiiiiiiii2734603 awardDistance:["7300226"]
rollTimeSum:iiiiiiiiiiiiiiiiiiiiiiiiiiiiiiiiiiiii2916443 awardDistance:["165720"]
rollTimeSum:iiiiiiiiiiiiiiiiiiiiiiiiiiiiiiiiiiiii3241331 awardDistance:["295960"]
rollTimeSum:iiiiiiiiiiiiiiiiiiiiiiiiiiiiiiiiiiiii6948377 awardDistance:["3375080"]
rollTimeSum:iiiiiiiiiiiiiiiiiiiiiiiiiiiiiiiiiiiii7463147 awardDistance:["468461"]
rollTimeSum:iiiiiiiiiiiiiiiiiiiiiiiiiiiiiiiiiiiii8647190 awardDistance:["1078467"]
rollTimeSum:iiiiiiiiiiiiiiiiiiiiiiiiiiiiiiiiiiiiii382475 awardDistance:["1580366"]
rollTimeSum:iiiiiiiiiiiiiiiiiiiiiiiiiiiiiiiiiiiiii6288466 awardDistance:["5378422"]
rollTimeSum:iiiiiiiiiiiiiiiiiiiiiiiiiiiiiiiiiiiiii6482285 awardDistance:["176598"]
rollTimeSum:iiiiiiiiiiiiiiiiiiiiiiiiiiiiiiiiiiiiii6664003 awardDistance:["165608"]
rollTimeSum:iiiiiiiiiiiiiiiiiiiiiiiiiiiiiiiiiiiiii9074704 awardDistance:["2194858"]
rollTimeSum:iiiiiiiiiiiiiiiiiiiiiiiiiiiiiiiiiiiiii9537400 awardDistance:["421305"]
rollTimeSum:iiiiiiiiiiiiiiiiiiiiiiiiiiiiiiiiiiiiiii2737738 awardDistance:["2913714"]
rollTimeSum:iiiiiiiiiiiiiiiiiiiiiiiiiiiiiiiiiiiiiii4001378 awardDistance:["1150463"]
rollTimeSum:iiiiiiiiiiiiiiiiiiiiiiiiiiiiiiiiiiiiiii4473369 awardDistance:["430063"]
rollTimeSum:iiiiiiiiiiiiiiiiiiiiiiiiiiiiiiiiiiiiiii4942198 awardDistance:["427023"]
rollTimeSum:iiiiiiiiiiiiiiiiiiiiiiiiiiiiiiiiiiiiiii5189857 awardDistance:["225373"]
rollTimeSum:iiiiiiiiiiiiiiiiiiiiiiiiiiiiiiiiiiiiiii7212172 awardDistance:["1841544"]
rollTimeSum:iiiiiiiiiiiiiiiiiiiiiiiiiiiiiiiiiiiiiiii1658163 awardDistance:["4048696"]
rollTimeSum:iiiiiiiiiiiiiiiiiiiiiiiiiiiiiiiiiiiiiiii1708844 awardDistance:["46135"]
rollTimeSum:iiiiiiiiiiiiiiiiiiiiiiiiiiiiiiiiiiiiiiii2830858 awardDistance:["1021716"]
rollTimeSum:iiiiiiiiiiiiiiiiiiiiiiiiiiiiiiiiiiiiiiii3608417 awardDistance:["708026"]
rollTimeSum:iiiiiiiiiiiiiiiiiiiiiiiiiiiiiiiiiiiiiiii5273092 awardDistance:["1516077"]
rollTimeSum:iiiiiiiiiiiiiiiiiiiiiiiiiiiiiiiiiiiiiiii5485897 awardDistance:["193776"]
rollTimeSum:iiiiiiiiiiiiiiiiiiiiiiiiiiiiiiiiiiiiiiii5800838 awardDistance:["286737"]
rollTimeSum:iiiiiiiiiiiiiiiiiiiiiiiiiiiiiiiiiiiiiiii6298984 awardDistance:["453600"]
rollTimeSum:iiiiiiiiiiiiiiiiiiiiiiiiiiiiiiiiiiiiiiii7134155 awardDistance:["760258"]
rollTimeSum:iiiiiiiiiiiiiiiiiiiiiiiiiiiiiiiiiiiiiiii7330578 awardDistance:["178967"]
rollTimeSum:iiiiiiiiiiiiiiiiiiiiiiiiiiiiiiiiiiiiiiii7716182 awardDistance:["351210"]
rollTimeSum:iiiiiiiiiiiiiiiiiiiiiiiiiiiiiiiiiiiiiiii9458855 awardDistance:["1587141"]
rollTimeSum:iiiiiiiiiiiiiiiiiiiiiiiiiiiiiiiiiiiiiiii9485268 awardDistance:["23982"]
rollTimeSum:iiiiiiiiiiiiiiiiiiiiiiiiiiiiiiiiiiiiiiiii3793370 awardDistance:["3922818"]
rollTimeSum:iiiiiiiiiiiiiiiiiiiiiiiiiiiiiiiiiiiiiiiii4308050 awardDistance:["468592"]
rollTimeSum:iiiiiiiiiiiiiiiiiiiiiiiiiiiiiiiiiiiiiiiii6035136 awardDistance:["1573032"]
rollTimeSum:iiiiiiiiiiiiiiiiiiiiiiiiiiiiiiiiiiiiiiiii6498281 awardDistance:["421710"]
rollTimeSum:iiiiiiiiiiiiiiiiiiiiiiiiiiiiiiiiiiiiiiiii7253041 awardDistance:["687140"]
rollTimeSum:iiiiiiiiiiiiiiiiiiiiiiiiiiiiiiiiiiiiiiiii7283829 awardDistance:["28034"]
rollTimeSum:iiiiiiiiiiiiiiiiiiiiiiiiiiiiiiiiiiiiiiiii8567602 awardDistance:["1168513"]
rollTimeSum:iiiiiiiiiiiiiiiiiiiiiiiiiiiiiiiiiiiiiiiii8855261 awardDistance:["261887"]
rollTimeSum:iiiiiiiiiiiiiiiiiiiiiiiiiiiiiiiiiiiiiiiiii1832049 awardDistance:["2710198"]
rollTimeSum:iiiiiiiiiiiiiiiiiiiiiiiiiiiiiiiiiiiiiiiiii2791002 awardDistance:["873217"]
rollTimeSum:iiiiiiiiiiiiiiiiiiiiiiiiiiiiiiiiiiiiiiiiii3083758 awardDistance:["266749"]
rollTimeSum:iiiiiiiiiiiiiiiiiiiiiiiiiiiiiiiiiiiiiiiiii5235425 awardDistance:["1958701"]
rollTimeSum:iiiiiiiiiiiiiiiiiiiiiiiiiiiiiiiiiiiiiiiiii5743297 awardDistance:["462564"]
rollTimeSum:iiiiiiiiiiiiiiiiiiiiiiiiiiiiiiiiiiiiiiiiii6084398 awardDistance:["310496"]
rollTimeSum:iiiiiiiiiiiiiiiiiiiiiiiiiiiiiiiiiiiiiiiiii7552016 awardDistance:["1336485"]
rollTimeSum:iiiiiiiiiiiiiiiiiiiiiiiiiiiiiiiiiiiiiiiiii7759476 awardDistance:["188852"]
rollTimeSum:iiiiiiiiiiiiiiiiiiiiiiiiiiiiiiiiiiiiiiiiii8996801 awardDistance:["1126474"]
rollTimeSum:iiiiiiiiiiiiiiiiiiiiiiiiiiiiiiiiiiiiiiiiii9108113 awardDistance:["101413"]
rollTimeSum:iiiiiiiiiiiiiiiiiiiiiiiiiiiiiiiiiiiiiiiiiii595531 awardDistance:["1354132"]
rollTimeSum:iiiiiiiiiiiiiiiiiiiiiiiiiiiiiiiiiiiiiiiiiii1244114 awardDistance:["590671"]
rollTimeSum:iiiiiiiiiiiiiiiiiiiiiiiiiiiiiiiiiiiiiiiiiii2403328 awardDistance:["1055640"]
rollTimeSum:iiiiiiiiiiiiiiiiiiiiiiiiiiiiiiiiiiiiiiiiiii2821679 awardDistance:["381051"]
rollTimeSum:iiiiiiiiiiiiiiiiiiiiiiiiiiiiiiiiiiiiiiiiiii3519912 awardDistance:["635425"]
rollTimeSum:iiiiiiiiiiiiiiiiiiiiiiiiiiiiiiiiiiiiiiiiiii6030172 awardDistance:["2285243"]
rollTimeSum:iiiiiiiiiiiiiiiiiiiiiiiiiiiiiiiiiiiiiiiiiii6345659 awardDistance:["287450"]
rollTimeSum:iiiiiiiiiiiiiiiiiiiiiiiiiiiiiiiiiiiiiiiiiii7025151 awardDistance:["618942"]
rollTimeSum:iiiiiiiiiiiiiiiiiiiiiiiiiiiiiiiiiiiiiiiiiii7044345 awardDistance:["17470"]
rollTimeSum:iiiiiiiiiiiiiiiiiiiiiiiiiiiiiiiiiiiiiiiiiii7254585 awardDistance:["191565"]
rollTimeSum:iiiiiiiiiiiiiiiiiiiiiiiiiiiiiiiiiiiiiiiiiii7795270 awardDistance:["492228"]
rollTimeSum:iiiiiiiiiiiiiiiiiiiiiiiiiiiiiiiiiiiiiiiiiii9220695 awardDistance:["1297937"]
rollTimeSum:iiiiiiiiiiiiiiiiiiiiiiiiiiiiiiiiiiiiiiiiiii9963091 awardDistance:["675465"]
rollTimeSum:iiiiiiiiiiiiiiiiiiiiiiiiiiiiiiiiiiiiiiiiiiii2720549 awardDistance:["2511732"]
rollTimeSum:iiiiiiiiiiiiiiiiiiiiiiiiiiiiiiiiiiiiiiiiiiii3330853 awardDistance:["555346"]
rollTimeSum:iiiiiiiiiiiiiiiiiiiiiiiiiiiiiiiiiiiiiiiiiiii3486881 awardDistance:["142042"]
rollTimeSum:iiiiiiiiiiiiiiiiiiiiiiiiiiiiiiiiiiiiiiiiiiii3784458 awardDistance:["270937"]
rollTimeSum:iiiiiiiiiiiiiiiiiiiiiiiiiiiiiiiiiiiiiiiiiiii5081195 awardDistance:["1180654"]
rollTimeSum:iiiiiiiiiiiiiiiiiiiiiiiiiiiiiiiiiiiiiiiiiiii5846208 awardDistance:["696976"]
rollTimeSum:iiiiiiiiiiiiiiiiiiiiiiiiiiiiiiiiiiiiiiiiiiii6439523 awardDistance:["539952"]
rollTimeSum:iiiiiiiiiiiiiiiiiiiiiiiiiiiiiiiiiiiiiiiiiiii7889963 awardDistance:["1320511"]
rollTimeSum:iiiiiiiiiiiiiiiiiiiiiiiiiiiiiiiiiiiiiiiiiiii9490791 awardDistance:["1458029"]
rollTimeSum:iiiiiiiiiiiiiiiiiiiiiiiiiiiiiiiiiiiiiiiiiiiii1242997 awardDistance:["1595452"]
rollTimeSum:iiiiiiiiiiiiiiiiiiiiiiiiiiiiiiiiiiiiiiiiiiiii1440531 awardDistance:["180083"]
rollTimeSum:iiiiiiiiiiiiiiiiiiiiiiiiiiiiiiiiiiiiiiiiiiiii2000365 awardDistance:["509652"]
rollTimeSum:iiiiiiiiiiiiiiiiiiiiiiiiiiiiiiiiiiiiiiiiiiiii2726876 awardDistance:["661390"]
rollTimeSum:iiiiiiiiiiiiiiiiiiiiiiiiiiiiiiiiiiiiiiiiiiiii3338867 awardDistance:["557357"]
rollTimeSum:iiiiiiiiiiiiiiiiiiiiiiiiiiiiiiiiiiiiiiiiiiiii4071147 awardDistance:["666751"]
rollTimeSum:iiiiiiiiiiiiiiiiiiiiiiiiiiiiiiiiiiiiiiiiiiiii5868019 awardDistance:["1636032"]
rollTimeSum:iiiiiiiiiiiiiiiiiiiiiiiiiiiiiiiiiiiiiiiiiiiii6572554 awardDistance:["641691"]
rollTimeSum:iiiiiiiiiiiiiiiiiiiiiiiiiiiiiiiiiiiiiiiiiiiii6885794 awardDistance:["285163"]
rollTimeSum:iiiiiiiiiiiiiiiiiiiiiiiiiiiiiiiiiiiiiiiiiiiiii4901483 awardDistance:["7300226"]
rollTimeSum:iiiiiiiiiiiiiiiiiiiiiiiiiiiiiiiiiiiiiiiiiiiiii5083323 awardDistance:["165720"]
rollTimeSum:iiiiiiiiiiiiiiiiiiiiiiiiiiiiiiiiiiiiiiiiiiiiii5408211 awardDistance:["295960"]
rollTimeSum:iiiiiiiiiiiiiiiiiiiiiiiiiiiiiiiiiiiiiiiiiiiiii9115257 awardDistance:["3375080"]
rollTimeSum:iiiiiiiiiiiiiiiiiiiiiiiiiiiiiiiiiiiiiiiiiiiiii9630027 awardDistance:["468461"]
rollTimeSum:iiiiiiiiiiiiiiiiiiiiiiiiiiiiiiiiiiiiiiiiiiiiiii814070 awardDistance:["1078467"]
rollTimeSum:iiiiiiiiiiiiiiiiiiiiiiiiiiiiiiiiiiiiiiiiiiiiiii2549355 awardDistance:["1580366"]
rollTimeSum:iiiiiiiiiiiiiiiiiiiiiiiiiiiiiiiiiiiiiiiiiiiiiii8455346 awardDistance:["5378422"]
rollTimeSum:iiiiiiiiiiiiiiiiiiiiiiiiiiiiiiiiiiiiiiiiiiiiiii8649165 awardDistance:["176598"]
rollTimeSum:iiiiiiiiiiiiiiiiiiiiiiiiiiiiiiiiiiiiiiiiiiiiiii8830883 awardDistance:["165608"]
rollTimeSum:iiiiiiiiiiiiiiiiiiiiiiiiiiiiiiiiiiiiiiiiiiiiiiii1241584 awardDistance:["2194858"]
rollTimeSum:iiiiiiiiiiiiiiiiiiiiiiiiiiiiiiiiiiiiiiiiiiiiiiii1704280 awardDistance:["421305"]
rollTimeSum:iiiiiiiiiiiiiiiiiiiiiiiiiiiiiiiiiiiiiiiiiiiiiiii4904618 awardDistance:["2913714"]
rollTimeSum:iiiiiiiiiiiiiiiiiiiiiiiiiiiiiiiiiiiiiiiiiiiiiiii6168258 awardDistance:["1150463"]
rollTimeSum:iiiiiiiiiiiiiiiiiiiiiiiiiiiiiiiiiiiiiiiiiiiiiiii6640249 awardDistance:["430063"]
rollTimeSum:iiiiiiiiiiiiiiiiiiiiiiiiiiiiiiiiiiiiiiiiiiiiiiii7109078 awardDistance:["427023"]
rollTimeSum:iiiiiiiiiiiiiiiiiiiiiiiiiiiiiiiiiiiiiiiiiiiiiiii7356737 awardDistance:["225373"]
rollTimeSum:iiiiiiiiiiiiiiiiiiiiiiiiiiiiiiiiiiiiiiiiiiiiiiii9379052 awardDistance:["1841544"]
rollTimeSum:iiiiiiiiiiiiiiiiiiiiiiiiiiiiiiiiiiiiiiiiiiiiiiiii3825043 awardDistance:["4048696"]
rollTimeSum:iiiiiiiiiiiiiiiiiiiiiiiiiiiiiiiiiiiiiiiiiiiiiiiii3875724 awardDistance:["46135"]
rollTimeSum:iiiiiiiiiiiiiiiiiiiiiiiiiiiiiiiiiiiiiiiiiiiiiiiii4997738 awardDistance:["1021716"]
rollTimeSum:iiiiiiiiiiiiiiiiiiiiiiiiiiiiiiiiiiiiiiiiiiiiiiiii5775297 awardDistance:["708026"]
rollTimeSum:iiiiiiiiiiiiiiiiiiiiiiiiiiiiiiiiiiiiiiiiiiiiiiiii7439972 awardDistance:["1516077"]
rollTimeSum:iiiiiiiiiiiiiiiiiiiiiiiiiiiiiiiiiiiiiiiiiiiiiiiii7652777 awardDistance:["193776"]
rollTimeSum:iiiiiiiiiiiiiiiiiiiiiiiiiiiiiiiiiiiiiiiiiiiiiiiii7967718 awardDistance:["286737"]
rollTimeSum:iiiiiiiiiiiiiiiiiiiiiiiiiiiiiiiiiiiiiiiiiiiiiiiii8465864 awardDistance:["453600"]
rollTimeSum:iiiiiiiiiiiiiiiiiiiiiiiiiiiiiiiiiiiiiiiiiiiiiiiii9301035 awardDistance:["760258"]
rollTimeSum:iiiiiiiiiiiiiiiiiiiiiiiiiiiiiiiiiiiiiiiiiiiiiiiii9497458 awardDistance:["178967"]
rollTimeSum:iiiiiiiiiiiiiiiiiiiiiiiiiiiiiiiiiiiiiiiiiiiiiiiii9883062 awardDistance:["351210"]
rollTimeSum:iiiiiiiiiiiiiiiiiiiiiiiiiiiiiiiiiiiiiiiiiiiiiiiiii1625735 awardDistance:["1587141"]
rollTimeSum:iiiiiiiiiiiiiiiiiiiiiiiiiiiiiiiiiiiiiiiiiiiiiiiiii1652148 awardDistance:["23982"]
rollTimeSum:iiiiiiiiiiiiiiiiiiiiiiiiiiiiiiiiiiiiiiiiiiiiiiiiii5960250 awardDistance:["3922818"]
rollTimeSum:iiiiiiiiiiiiiiiiiiiiiiiiiiiiiiiiiiiiiiiiiiiiiiiiii6474930 awardDistance:["468592"]
rollTimeSum:iiiiiiiiiiiiiiiiiiiiiiiiiiiiiiiiiiiiiiiiiiiiiiiiii8202016 awardDistance:["1573032"]
rollTimeSum:iiiiiiiiiiiiiiiiiiiiiiiiiiiiiiiiiiiiiiiiiiiiiiiiii8665161 awardDistance:["421710"]
rollTimeSum:iiiiiiiiiiiiiiiiiiiiiiiiiiiiiiiiiiiiiiiiiiiiiiiiii9419921 awardDistance:["687140"]
rollTimeSum:iiiiiiiiiiiiiiiiiiiiiiiiiiiiiiiiiiiiiiiiiiiiiiiiii9450709 awardDistance:["28034"]
rollTimeSum:iiiiiiiiiiiiiiiiiiiiiiiiiiiiiiiiiiiiiiiiiiiiiiiiiii734482 awardDistance:["1168513"]
rollTimeSum:iiiiiiiiiiiiiiiiiiiiiiiiiiiiiiiiiiiiiiiiiiiiiiiiiii1022141 awardDistance:["261887"]
rollTimeSum:iiiiiiiiiiiiiiiiiiiiiiiiiiiiiiiiiiiiiiiiiiiiiiiiiii3998929 awardDistance:["2710198"]
rollTimeSum:iiiiiiiiiiiiiiiiiiiiiiiiiiiiiiiiiiiiiiiiiiiiiiiiiii4957882 awardDistance:["873217"]
rollTimeSum:iiiiiiiiiiiiiiiiiiiiiiiiiiiiiiiiiiiiiiiiiiiiiiiiiii5250638 awardDistance:["266749"]
rollTimeSum:iiiiiiiiiiiiiiiiiiiiiiiiiiiiiiiiiiiiiiiiiiiiiiiiiii7402305 awardDistance:["1958701"]
rollTimeSum:iiiiiiiiiiiiiiiiiiiiiiiiiiiiiiiiiiiiiiiiiiiiiiiiiii7910177 awardDistance:["462564"]
rollTimeSum:iiiiiiiiiiiiiiiiiiiiiiiiiiiiiiiiiiiiiiiiiiiiiiiiiii8251278 awardDistance:["310496"]
rollTimeSum:iiiiiiiiiiiiiiiiiiiiiiiiiiiiiiiiiiiiiiiiiiiiiiiiiii9718896 awardDistance:["1336485"]
rollTimeSum:iiiiiiiiiiiiiiiiiiiiiiiiiiiiiiiiiiiiiiiiiiiiiiiiiii9926356 awardDistance:["188852"]
rollTimeSum:iiiiiiiiiiiiiiiiiiiiiiiiiiiiiiiiiiiiiiiiiiiiiiiiiiii1163681 awardDistance:["1126474"]
rollTimeSum:iiiiiiiiiiiiiiiiiiiiiiiiiiiiiiiiiiiiiiiiiiiiiiiiiiii1274993 awardDistance:["101413"]
rollTimeSum:iiiiiiiiiiiiiiiiiiiiiiiiiiiiiiiiiiiiiiiiiiiiiiiiiiii2762411 awardDistance:["1354132"]
rollTimeSum:iiiiiiiiiiiiiiiiiiiiiiiiiiiiiiiiiiiiiiiiiiiiiiiiiiii3410994 awardDistance:["590671"]
rollTimeSum:iiiiiiiiiiiiiiiiiiiiiiiiiiiiiiiiiiiiiiiiiiiiiiiiiiii4570208 awardDistance:["1055640"]
rollTimeSum:iiiiiiiiiiiiiiiiiiiiiiiiiiiiiiiiiiiiiiiiiiiiiiiiiiii4988559 awardDistance:["381051"]
rollTimeSum:iiiiiiiiiiiiiiiiiiiiiiiiiiiiiiiiiiiiiiiiiiiiiiiiiiii5686792 awardDistance:["635425"]
rollTimeSum:iiiiiiiiiiiiiiiiiiiiiiiiiiiiiiiiiiiiiiiiiiiiiiiiiiii8197052 awardDistance:["2285243"]
rollTimeSum:iiiiiiiiiiiiiiiiiiiiiiiiiiiiiiiiiiiiiiiiiiiiiiiiiiii8512539 awardDistance:["287450"]
rollTimeSum:iiiiiiiiiiiiiiiiiiiiiiiiiiiiiiiiiiiiiiiiiiiiiiiiiiii9192031 awardDistance:["618942"]
rollTimeSum:iiiiiiiiiiiiiiiiiiiiiiiiiiiiiiiiiiiiiiiiiiiiiiiiiiii9211225 awardDistance:["17470"]
rollTimeSum:iiiiiiiiiiiiiiiiiiiiiiiiiiiiiiiiiiiiiiiiiiiiiiiiiiii9421465 awardDistance:["191565"]
rollTimeSum:iiiiiiiiiiiiiiiiiiiiiiiiiiiiiiiiiiiiiiiiiiiiiiiiiiii9962150 awardDistance:["492228"]
rollTimeSum:iiiiiiiiiiiiiiiiiiiiiiiiiiiiiiiiiiiiiiiiiiiiiiiiiiiii1387575 awardDistance:["1297937"]
rollTimeSum:iiiiiiiiiiiiiiiiiiiiiiiiiiiiiiiiiiiiiiiiiiiiiiiiiiiii2129971 awardDistance:["675465"]
rollTimeSum:iiiiiiiiiiiiiiiiiiiiiiiiiiiiiiiiiiiiiiiiiiiiiiiiiiiii4887429 awardDistance:["2511732"]
rollTimeSum:iiiiiiiiiiiiiiiiiiiiiiiiiiiiiiiiiiiiiiiiiiiiiiiiiiiii5497733 awardDistance:["555346"]
rollTimeSum:iiiiiiiiiiiiiiiiiiiiiiiiiiiiiiiiiiiiiiiiiiiiiiiiiiiii5653761 awardDistance:["142042"]
rollTimeSum:iiiiiiiiiiiiiiiiiiiiiiiiiiiiiiiiiiiiiiiiiiiiiiiiiiiii5951338 awardDistance:["270937"]
rollTimeSum:iiiiiiiiiiiiiiiiiiiiiiiiiiiiiiiiiiiiiiiiiiiiiiiiiiiii7248075 awardDistance:["1180654"]
rollTimeSum:iiiiiiiiiiiiiiiiiiiiiiiiiiiiiiiiiiiiiiiiiiiiiiiiiiiii8013088 awardDistance:["696976"]
rollTimeSum:iiiiiiiiiiiiiiiiiiiiiiiiiiiiiiiiiiiiiiiiiiiiiiiiiiiii8606403 awardDistance:["539952"]
rollTimeSum:iiiiiiiiiiiiiiiiiiiiiiiiiiiiiiiiiiiiiiiiiiiiiiiiiiiiii56843 awardDistance:["1320511"]
rollTimeSum:iiiiiiiiiiiiiiiiiiiiiiiiiiiiiiiiiiiiiiiiiiiiiiiiiiiiii1657671 awardDistance:["1458029"]
rollTimeSum:iiiiiiiiiiiiiiiiiiiiiiiiiiiiiiiiiiiiiiiiiiiiiiiiiiiiii3409877 awardDistance:["1595452"]
rollTimeSum:iiiiiiiiiiiiiiiiiiiiiiiiiiiiiiiiiiiiiiiiiiiiiiiiiiiiii3607411 awardDistance:["180083"]
rollTimeSum:iiiiiiiiiiiiiiiiiiiiiiiiiiiiiiiiiiiiiiiiiiiiiiiiiiiiii4167245 awardDistance:["509652"]
rollTimeSum:iiiiiiiiiiiiiiiiiiiiiiiiiiiiiiiiiiiiiiiiiiiiiiiiiiiiii4893756 awardDistance:["661390"]
rollTimeSum:iiiiiiiiiiiiiiiiiiiiiiiiiiiiiiiiiiiiiiiiiiiiiiiiiiiiii5505747 awardDistance:["557357"]
rollTimeSum:iiiiiiiiiiiiiiiiiiiiiiiiiiiiiiiiiiiiiiiiiiiiiiiiiiiiii6238027 awardDistance:["666751"]
rollTimeSum:iiiiiiiiiiiiiiiiiiiiiiiiiiiiiiiiiiiiiiiiiiiiiiiiiiiiii8034899 awardDistance:["1636032"]
rollTimeSum:iiiiiiiiiiiiiiiiiiiiiiiiiiiiiiiiiiiiiiiiiiiiiiiiiiiiii8739434 awardDistance:["641691"]
rollTimeSum:iiiiiiiiiiiiiiiiiiiiiiiiiiiiiiiiiiiiiiiiiiiiiiiiiiiiii9052674 awardDistance:["285163"]
rollTimeSum:iiiiiiiiiiiiiiiiiiiiiiiiiiiiiiiiiiiiiiiiiiiiiiiiiiiiiii7068363 awardDistance:["7300226"]
rollTimeSum:iiiiiiiiiiiiiiiiiiiiiiiiiiiiiiiiiiiiiiiiiiiiiiiiiiiiiii7250203 awardDistance:["165720"]
rollTimeSum:iiiiiiiiiiiiiiiiiiiiiiiiiiiiiiiiiiiiiiiiiiiiiiiiiiiiiii7575091 awardDistance:["295960"]
rollTimeSum:iiiiiiiiiiiiiiiiiiiiiiiiiiiiiiiiiiiiiiiiiiiiiiiiiiiiiiii1282137 awardDistance:["3375080"]
rollTimeSum:iiiiiiiiiiiiiiiiiiiiiiiiiiiiiiiiiiiiiiiiiiiiiiiiiiiiiiii1796907 awardDistance:["468461"]
rollTimeSum:iiiiiiiiiiiiiiiiiiiiiiiiiiiiiiiiiiiiiiiiiiiiiiiiiiiiiiii2980950 awardDistance:["1078467"]
rollTimeSum:iiiiiiiiiiiiiiiiiiiiiiiiiiiiiiiiiiiiiiiiiiiiiiiiiiiiiiii4716235 awardDistance:["1580366"]
rollTimeSum:iiiiiiiiiiiiiiiiiiiiiiiiiiiiiiiiiiiiiiiiiiiiiiiiiiiiiiiii622226 awardDistance:["5378422"]
rollTimeSum:iiiiiiiiiiiiiiiiiiiiiiiiiiiiiiiiiiiiiiiiiiiiiiiiiiiiiiiii816045 awardDistance:["176598"]
rollTimeSum:iiiiiiiiiiiiiiiiiiiiiiiiiiiiiiiiiiiiiiiiiiiiiiiiiiiiiiiii997763 awardDistance:["165608"]
rollTimeSum:iiiiiiiiiiiiiiiiiiiiiiiiiiiiiiiiiiiiiiiiiiiiiiiiiiiiiiiii3408464 awardDistance:["2194858"]
rollTimeSum:iiiiiiiiiiiiiiiiiiiiiiiiiiiiiiiiiiiiiiiiiiiiiiiiiiiiiiiii3871160 awardDistance:["421305"]
rollTimeSum:iiiiiiiiiiiiiiiiiiiiiiiiiiiiiiiiiiiiiiiiiiiiiiiiiiiiiiiii7071498 awardDistance:["2913714"]
rollTimeSum:iiiiiiiiiiiiiiiiiiiiiiiiiiiiiiiiiiiiiiiiiiiiiiiiiiiiiiiii8335138 awardDistance:["1150463"]
rollTimeSum:iiiiiiiiiiiiiiiiiiiiiiiiiiiiiiiiiiiiiiiiiiiiiiiiiiiiiiiii8807129 awardDistance:["430063"]
rollTimeSum:iiiiiiiiiiiiiiiiiiiiiiiiiiiiiiiiiiiiiiiiiiiiiiiiiiiiiiiii9275958 awardDistance:["427023"]
rollTimeSum:iiiiiiiiiiiiiiiiiiiiiiiiiiiiiiiiiiiiiiiiiiiiiiiiiiiiiiiii9523617 awardDistance:["225373"]
rollTimeSum:iiiiiiiiiiiiiiiiiiiiiiiiiiiiiiiiiiiiiiiiiiiiiiiiiiiiiiiiii1545932 awardDistance:["1841544"]
rollTimeSum:iiiiiiiiiiiiiiiiiiiiiiiiiiiiiiiiiiiiiiiiiiiiiiiiiiiiiiiiii5991923 awardDistance:["4048696"]
rollTimeSum:iiiiiiiiiiiiiiiiiiiiiiiiiiiiiiiiiiiiiiiiiiiiiiiiiiiiiiiiii6042604 awardDistance:["46135"]
rollTimeSum:iiiiiiiiiiiiiiiiiiiiiiiiiiiiiiiiiiiiiiiiiiiiiiiiiiiiiiiiii7164618 awardDistance:["1021716"]
rollTimeSum:iiiiiiiiiiiiiiiiiiiiiiiiiiiiiiiiiiiiiiiiiiiiiiiiiiiiiiiiii7942177 awardDistance:["708026"]
rollTimeSum:iiiiiiiiiiiiiiiiiiiiiiiiiiiiiiiiiiiiiiiiiiiiiiiiiiiiiiiiii9606852 awardDistance:["1516077"]
rollTimeSum:iiiiiiiiiiiiiiiiiiiiiiiiiiiiiiiiiiiiiiiiiiiiiiiiiiiiiiiiii9819657 awardDistance:["193776"]
rollTimeSum:iiiiiiiiiiiiiiiiiiiiiiiiiiiiiiiiiiiiiiiiiiiiiiiiiiiiiiiiiii134598 awardDistance:["286737"]
rollTimeSum:iiiiiiiiiiiiiiiiiiiiiiiiiiiiiiiiiiiiiiiiiiiiiiiiiiiiiiiiiii632744 awardDistance:["453600"]
rollTimeSum:iiiiiiiiiiiiiiiiiiiiiiiiiiiiiiiiiiiiiiiiiiiiiiiiiiiiiiiiiii1467915 awardDistance:["760258"]
rollTimeSum:iiiiiiiiiiiiiiiiiiiiiiiiiiiiiiiiiiiiiiiiiiiiiiiiiiiiiiiiiii1664338 awardDistance:["178967"]
rollTimeSum:iiiiiiiiiiiiiiiiiiiiiiiiiiiiiiiiiiiiiiiiiiiiiiiiiiiiiiiiiii2049942 awardDistance:["351210"]
rollTimeSum:iiiiiiiiiiiiiiiiiiiiiiiiiiiiiiiiiiiiiiiiiiiiiiiiiiiiiiiiiii3792615 awardDistance:["1587141"]
rollTimeSum:iiiiiiiiiiiiiiiiiiiiiiiiiiiiiiiiiiiiiiiiiiiiiiiiiiiiiiiiiii3819028 awardDistance:["23982"]
rollTimeSum:iiiiiiiiiiiiiiiiiiiiiiiiiiiiiiiiiiiiiiiiiiiiiiiiiiiiiiiiiii8127130 awardDistance:["3922818"]
rollTimeSum:iiiiiiiiiiiiiiiiiiiiiiiiiiiiiiiiiiiiiiiiiiiiiiiiiiiiiiiiiii8641810 awardDistance:["468592"]
rollTimeSum:iiiiiiiiiiiiiiiiiiiiiiiiiiiiiiiiiiiiiiiiiiiiiiiiiiiiiiiiiiii368896 awardDistance:["1573032"]
rollTimeSum:iiiiiiiiiiiiiiiiiiiiiiiiiiiiiiiiiiiiiiiiiiiiiiiiiiiiiiiiiiii832041 awardDistance:["421710"]
rollTimeSum:iiiiiiiiiiiiiiiiiiiiiiiiiiiiiiiiiiiiiiiiiiiiiiiiiiiiiiiiiiii1586801 awardDistance:["687140"]
rollTimeSum:iiiiiiiiiiiiiiiiiiiiiiiiiiiiiiiiiiiiiiiiiiiiiiiiiiiiiiiiiiii1617589 awardDistance:["28034"]
rollTimeSum:iiiiiiiiiiiiiiiiiiiiiiiiiiiiiiiiiiiiiiiiiiiiiiiiiiiiiiiiiiii2901362 awardDistance:["1168513"]
rollTimeSum:iiiiiiiiiiiiiiiiiiiiiiiiiiiiiiiiiiiiiiiiiiiiiiiiiiiiiiiiiiii3189021 awardDistance:["261887"]
rollTimeSum:iiiiiiiiiiiiiiiiiiiiiiiiiiiiiiiiiiiiiiiiiiiiiiiiiiiiiiiiiiii6165809 awardDistance:["2710198"]
rollTimeSum:iiiiiiiiiiiiiiiiiiiiiiiiiiiiiiiiiiiiiiiiiiiiiiiiiiiiiiiiiiii7124762 awardDistance:["873217"]
rollTimeSum:iiiiiiiiiiiiiiiiiiiiiiiiiiiiiiiiiiiiiiiiiiiiiiiiiiiiiiiiiiii7417518 awardDistance:["266749"]
rollTimeSum:iiiiiiiiiiiiiiiiiiiiiiiiiiiiiiiiiiiiiiiiiiiiiiiiiiiiiiiiiiii9569185 awardDistance:["1958701"]
rollTimeSum:iiiiiiiiiiiiiiiiiiiiiiiiiiiiiiiiiiiiiiiiiiiiiiiiiiiiiiiiiiiii77057 awardDistance:["462564"]
rollTimeSum:iiiiiiiiiiiiiiiiiiiiiiiiiiiiiiiiiiiiiiiiiiiiiiiiiiiiiiiiiiiii418158 awardDistance:["310496"]
rollTimeSum:iiiiiiiiiiiiiiiiiiiiiiiiiiiiiiiiiiiiiiiiiiiiiiiiiiiiiiiiiiiii1885776 awardDistance:["1336485"]
rollTimeSum:iiiiiiiiiiiiiiiiiiiiiiiiiiiiiiiiiiiiiiiiiiiiiiiiiiiiiiiiiiiii2093236 awardDistance:["188852"]
rollTimeSum:iiiiiiiiiiiiiiiiiiiiiiiiiiiiiiiiiiiiiiiiiiiiiiiiiiiiiiiiiiiii3330561 awardDistance:["1126474"]
rollTimeSum:iiiiiiiiiiiiiiiiiiiiiiiiiiiiiiiiiiiiiiiiiiiiiiiiiiiiiiiiiiiii3441873 awardDistance:["101413"]
rollTimeSum:iiiiiiiiiiiiiiiiiiiiiiiiiiiiiiiiiiiiiiiiiiiiiiiiiiiiiiiiiiiii4929291 awardDistance:["1354132"]
rollTimeSum:iiiiiiiiiiiiiiiiiiiiiiiiiiiiiiiiiiiiiiiiiiiiiiiiiiiiiiiiiiiii5577874 awardDistance:["590671"]
rollTimeSum:iiiiiiiiiiiiiiiiiiiiiiiiiiiiiiiiiiiiiiiiiiiiiiiiiiiiiiiiiiiii6737088 awardDistance:["1055640"]
rollTimeSum:iiiiiiiiiiiiiiiiiiiiiiiiiiiiiiiiiiiiiiiiiiiiiiiiiiiiiiiiiiiii7155439 awardDistance:["381051"]
rollTimeSum:iiiiiiiiiiiiiiiiiiiiiiiiiiiiiiiiiiiiiiiiiiiiiiiiiiiiiiiiiiiii7853672 awardDistance:["635425"]
rollTimeSum:iiiiiiiiiiiiiiiiiiiiiiiiiiiiiiiiiiiiiiiiiiiiiiiiiiiiiiiiiiiiii363932 awardDistance:["2285243"]
rollTimeSum:iiiiiiiiiiiiiiiiiiiiiiiiiiiiiiiiiiiiiiiiiiiiiiiiiiiiiiiiiiiiii679419 awardDistance:["287450"]
rollTimeSum:iiiiiiiiiiiiiiiiiiiiiiiiiiiiiiiiiiiiiiiiiiiiiiiiiiiiiiiiiiiiii1358911 awardDistance:["618942"]
rollTimeSum:iiiiiiiiiiiiiiiiiiiiiiiiiiiiiiiiiiiiiiiiiiiiiiiiiiiiiiiiiiiiii1378105 awardDistance:["17470"]
rollTimeSum:iiiiiiiiiiiiiiiiiiiiiiiiiiiiiiiiiiiiiiiiiiiiiiiiiiiiiiiiiiiiii1588345 awardDistance:["191565"]
rollTimeSum:iiiiiiiiiiiiiiiiiiiiiiiiiiiiiiiiiiiiiiiiiiiiiiiiiiiiiiiiiiiiii2129030 awardDistance:["492228"]
rollTimeSum:iiiiiiiiiiiiiiiiiiiiiiiiiiiiiiiiiiiiiiiiiiiiiiiiiiiiiiiiiiiiii3554455 awardDistance:["1297937"]
rollTimeSum:iiiiiiiiiiiiiiiiiiiiiiiiiiiiiiiiiiiiiiiiiiiiiiiiiiiiiiiiiiiiii4296851 awardDistance:["675465"]
rollTimeSum:iiiiiiiiiiiiiiiiiiiiiiiiiiiiiiiiiiiiiiiiiiiiiiiiiiiiiiiiiiiiii7054309 awardDistance:["2511732"]
rollTimeSum:iiiiiiiiiiiiiiiiiiiiiiiiiiiiiiiiiiiiiiiiiiiiiiiiiiiiiiiiiiiiii7664613 awardDistance:["555346"]
rollTimeSum:iiiiiiiiiiiiiiiiiiiiiiiiiiiiiiiiiiiiiiiiiiiiiiiiiiiiiiiiiiiiii7820641 awardDistance:["142042"]
rollTimeSum:iiiiiiiiiiiiiiiiiiiiiiiiiiiiiiiiiiiiiiiiiiiiiiiiiiiiiiiiiiiiii8118218 awardDistance:["270937"]
rollTimeSum:iiiiiiiiiiiiiiiiiiiiiiiiiiiiiiiiiiiiiiiiiiiiiiiiiiiiiiiiiiiiii9414955 awardDistance:["1180654"]
rollTimeSum:iiiiiiiiiiiiiiiiiiiiiiiiiiiiiiiiiiiiiiiiiiiiiiiiiiiiiiiiiiiiiii179968 awardDistance:["696976"]
rollTimeSum:iiiiiiiiiiiiiiiiiiiiiiiiiiiiiiiiiiiiiiiiiiiiiiiiiiiiiiiiiiiiiii773283 awardDistance:["539952"]
rollTimeSum:iiiiiiiiiiiiiiiiiiiiiiiiiiiiiiiiiiiiiiiiiiiiiiiiiiiiiiiiiiiiiii2223723 awardDistance:["1320511"]
rollTimeSum:iiiiiiiiiiiiiiiiiiiiiiiiiiiiiiiiiiiiiiiiiiiiiiiiiiiiiiiiiiiiiii3824551 awardDistance:["1458029"]
rollTimeSum:iiiiiiiiiiiiiiiiiiiiiiiiiiiiiiiiiiiiiiiiiiiiiiiiiiiiiiiiiiiiiii5576757 awardDistance:["1595452"]
rollTimeSum:iiiiiiiiiiiiiiiiiiiiiiiiiiiiiiiiiiiiiiiiiiiiiiiiiiiiiiiiiiiiiii5774291 awardDistance:["180083"]
rollTimeSum:iiiiiiiiiiiiiiiiiiiiiiiiiiiiiiiiiiiiiiiiiiiiiiiiiiiiiiiiiiiiiii6334125 awardDistance:["509652"]
rollTimeSum:iiiiiiiiiiiiiiiiiiiiiiiiiiiiiiiiiiiiiiiiiiiiiiiiiiiiiiiiiiiiiii7060636 awardDistance:["661390"]
rollTimeSum:iiiiiiiiiiiiiiiiiiiiiiiiiiiiiiiiiiiiiiiiiiiiiiiiiiiiiiiiiiiiiii7672627 awardDistance:["557357"]
rollTimeSum:iiiiiiiiiiiiiiiiiiiiiiiiiiiiiiiiiiiiiiiiiiiiiiiiiiiiiiiiiiiiiii8404907 awardDistance:["666751"]
rollTimeSum:iiiiiiiiiiiiiiiiiiiiiiiiiiiiiiiiiiiiiiiiiiiiiiiiiiiiiiiiiiiiiiii201779 awardDistance:["1636032"]
rollTimeSum:iiiiiiiiiiiiiiiiiiiiiiiiiiiiiiiiiiiiiiiiiiiiiiiiiiiiiiiiiiiiiiii906314 awardDistance:["641691"]
rollTimeSum:iiiiiiiiiiiiiiiiiiiiiiiiiiiiiiiiiiiiiiiiiiiiiiiiiiiiiiiiiiiiiiii1219554 awardDistance:["285163"]
rollTimeSum:iiiiiiiiiiiiiiiiiiiiiiiiiiiiiiiiiiiiiiiiiiiiiiiiiiiiiiiiiiiiiiii9235243 awardDistance:["7300226"]
rollTimeSum:iiiiiiiiiiiiiiiiiiiiiiiiiiiiiiiiiiiiiiiiiiiiiiiiiiiiiiiiiiiiiiii9417083 awardDistance:["165720"]
rollTimeSum:iiiiiiiiiiiiiiiiiiiiiiiiiiiiiiiiiiiiiiiiiiiiiiiiiiiiiiiiiiiiiiii9741971 awardDistance:["295960"]
rollTimeSum:iiiiiiiiiiiiiiiiiiiiiiiiiiiiiiiiiiiiiiiiiiiiiiiiiiiiiiiiiiiiiiiii3449017 awardDistance:["3375080"]
rollTimeSum:iiiiiiiiiiiiiiiiiiiiiiiiiiiiiiiiiiiiiiiiiiiiiiiiiiiiiiiiiiiiiiiii3963787 awardDistance:["468461"]
rollTimeSum:iiiiiiiiiiiiiiiiiiiiiiiiiiiiiiiiiiiiiiiiiiiiiiiiiiiiiiiiiiiiiiiii5147830 awardDistance:["1078467"]
rollTimeSum:iiiiiiiiiiiiiiiiiiiiiiiiiiiiiiiiiiiiiiiiiiiiiiiiiiiiiiiiiiiiiiiii6883115 awardDistance:["1580366"]
rollTimeSum:iiiiiiiiiiiiiiiiiiiiiiiiiiiiiiiiiiiiiiiiiiiiiiiiiiiiiiiiiiiiiiiiii2789106 awardDistance:["5378422"]
rollTimeSum:iiiiiiiiiiiiiiiiiiiiiiiiiiiiiiiiiiiiiiiiiiiiiiiiiiiiiiiiiiiiiiiiii2982925 awardDistance:["176598"]
rollTimeSum:iiiiiiiiiiiiiiiiiiiiiiiiiiiiiiiiiiiiiiiiiiiiiiiiiiiiiiiiiiiiiiiiii3164643 awardDistance:["165608"]
rollTimeSum:iiiiiiiiiiiiiiiiiiiiiiiiiiiiiiiiiiiiiiiiiiiiiiiiiiiiiiiiiiiiiiiiii5575344 awardDistance:["2194858"]
rollTimeSum:iiiiiiiiiiiiiiiiiiiiiiiiiiiiiiiiiiiiiiiiiiiiiiiiiiiiiiiiiiiiiiiiii6038040 awardDistance:["421305"]
rollTimeSum:iiiiiiiiiiiiiiiiiiiiiiiiiiiiiiiiiiiiiiiiiiiiiiiiiiiiiiiiiiiiiiiiii9238378 awardDistance:["2913714"]
rollTimeSum:iiiiiiiiiiiiiiiiiiiiiiiiiiiiiiiiiiiiiiiiiiiiiiiiiiiiiiiiiiiiiiiiiii502018 awardDistance:["1150463"]
rollTimeSum:iiiiiiiiiiiiiiiiiiiiiiiiiiiiiiiiiiiiiiiiiiiiiiiiiiiiiiiiiiiiiiiiiii974009 awardDistance:["430063"]
rollTimeSum:iiiiiiiiiiiiiiiiiiiiiiiiiiiiiiiiiiiiiiiiiiiiiiiiiiiiiiiiiiiiiiiiiii1442838 awardDistance:["427023"]
rollTimeSum:iiiiiiiiiiiiiiiiiiiiiiiiiiiiiiiiiiiiiiiiiiiiiiiiiiiiiiiiiiiiiiiiiii1690497 awardDistance:["225373"]
rollTimeSum:iiiiiiiiiiiiiiiiiiiiiiiiiiiiiiiiiiiiiiiiiiiiiiiiiiiiiiiiiiiiiiiiiii3712812 awardDistance:["1841544"]
rollTimeSum:iiiiiiiiiiiiiiiiiiiiiiiiiiiiiiiiiiiiiiiiiiiiiiiiiiiiiiiiiiiiiiiiiii8158803 awardDistance:["4048696"]
rollTimeSum:iiiiiiiiiiiiiiiiiiiiiiiiiiiiiiiiiiiiiiiiiiiiiiiiiiiiiiiiiiiiiiiiiii8209484 awardDistance:["46135"]
rollTimeSum:iiiiiiiiiiiiiiiiiiiiiiiiiiiiiiiiiiiiiiiiiiiiiiiiiiiiiiiiiiiiiiiiiii9331498 awardDistance:["1021716"]
rollTimeSum:iiiiiiiiiiiiiiiiiiiiiiiiiiiiiiiiiiiiiiiiiiiiiiiiiiiiiiiiiiiiiiiiiiii109057 awardDistance:["708026"]
rollTimeSum:iiiiiiiiiiiiiiiiiiiiiiiiiiiiiiiiiiiiiiiiiiiiiiiiiiiiiiiiiiiiiiiiiiii1773732 awardDistance:["1516077"]
rollTimeSum:iiiiiiiiiiiiiiiiiiiiiiiiiiiiiiiiiiiiiiiiiiiiiiiiiiiiiiiiiiiiiiiiiiii1986537 awardDistance:["193776"]
rollTimeSum:iiiiiiiiiiiiiiiiiiiiiiiiiiiiiiiiiiiiiiiiiiiiiiiiiiiiiiiiiiiiiiiiiiii2301478 awardDistance:["286737"]
rollTimeSum:iiiiiiiiiiiiiiiiiiiiiiiiiiiiiiiiiiiiiiiiiiiiiiiiiiiiiiiiiiiiiiiiiiii2799624 awardDistance:["453600"]
rollTimeSum:iiiiiiiiiiiiiiiiiiiiiiiiiiiiiiiiiiiiiiiiiiiiiiiiiiiiiiiiiiiiiiiiiiii3634795 awardDistance:["760258"]
rollTimeSum:iiiiiiiiiiiiiiiiiiiiiiiiiiiiiiiiiiiiiiiiiiiiiiiiiiiiiiiiiiiiiiiiiiii3831218 awardDistance:["178967"]
rollTimeSum:iiiiiiiiiiiiiiiiiiiiiiiiiiiiiiiiiiiiiiiiiiiiiiiiiiiiiiiiiiiiiiiiiiii4216822 awardDistance:["351210"]
rollTimeSum:iiiiiiiiiiiiiiiiiiiiiiiiiiiiiiiiiiiiiiiiiiiiiiiiiiiiiiiiiiiiiiiiiiii5959495 awardDistance:["1587141"]
rollTimeSum:iiiiiiiiiiiiiiiiiiiiiiiiiiiiiiiiiiiiiiiiiiiiiiiiiiiiiiiiiiiiiiiiiiii5985908 awardDistance:["23982"]
rollTimeSum:iiiiiiiiiiiiiiiiiiiiiiiiiiiiiiiiiiiiiiiiiiiiiiiiiiiiiiiiiiiiiiiiiiiii294010 awardDistance:["3922818"]
rollTimeSum:iiiiiiiiiiiiiiiiiiiiiiiiiiiiiiiiiiiiiiiiiiiiiiiiiiiiiiiiiiiiiiiiiiiii808690 awardDistance:["468592"]
rollTimeSum:iiiiiiiiiiiiiiiiiiiiiiiiiiiiiiiiiiiiiiiiiiiiiiiiiiiiiiiiiiiiiiiiiiiii2535776 awardDistance:["1573032"]
rollTimeSum:iiiiiiiiiiiiiiiiiiiiiiiiiiiiiiiiiiiiiiiiiiiiiiiiiiiiiiiiiiiiiiiiiiiii2998921 awardDistance:["421710"]
rollTimeSum:iiiiiiiiiiiiiiiiiiiiiiiiiiiiiiiiiiiiiiiiiiiiiiiiiiiiiiiiiiiiiiiiiiiii3753681 awardDistance:["687140"]
rollTimeSum:iiiiiiiiiiiiiiiiiiiiiiiiiiiiiiiiiiiiiiiiiiiiiiiiiiiiiiiiiiiiiiiiiiiii3784469 awardDistance:["28034"]
rollTimeSum:iiiiiiiiiiiiiiiiiiiiiiiiiiiiiiiiiiiiiiiiiiiiiiiiiiiiiiiiiiiiiiiiiiiii5068242 awardDistance:["1168513"]
rollTimeSum:iiiiiiiiiiiiiiiiiiiiiiiiiiiiiiiiiiiiiiiiiiiiiiiiiiiiiiiiiiiiiiiiiiiii5355901 awardDistance:["261887"]
rollTimeSum:iiiiiiiiiiiiiiiiiiiiiiiiiiiiiiiiiiiiiiiiiiiiiiiiiiiiiiiiiiiiiiiiiiiii8332689 awardDistance:["2710198"]
rollTimeSum:iiiiiiiiiiiiiiiiiiiiiiiiiiiiiiiiiiiiiiiiiiiiiiiiiiiiiiiiiiiiiiiiiiiii9291642 awardDistance:["873217"]
rollTimeSum:iiiiiiiiiiiiiiiiiiiiiiiiiiiiiiiiiiiiiiiiiiiiiiiiiiiiiiiiiiiiiiiiiiiii9584398 awardDistance:["266749"]
rollTimeSum:iiiiiiiiiiiiiiiiiiiiiiiiiiiiiiiiiiiiiiiiiiiiiiiiiiiiiiiiiiiiiiiiiiiiii1736065 awardDistance:["1958701"]
rollTimeSum:iiiiiiiiiiiiiiiiiiiiiiiiiiiiiiiiiiiiiiiiiiiiiiiiiiiiiiiiiiiiiiiiiiiiii2243937 awardDistance:["462564"]
rollTimeSum:iiiiiiiiiiiiiiiiiiiiiiiiiiiiiiiiiiiiiiiiiiiiiiiiiiiiiiiiiiiiiiiiiiiiii2585038 awardDistance:["310496"]
rollTimeSum:iiiiiiiiiiiiiiiiiiiiiiiiiiiiiiiiiiiiiiiiiiiiiiiiiiiiiiiiiiiiiiiiiiiiii4052656 awardDistance:["1336485"]
rollTimeSum:iiiiiiiiiiiiiiiiiiiiiiiiiiiiiiiiiiiiiiiiiiiiiiiiiiiiiiiiiiiiiiiiiiiiii4260116 awardDistance:["188852"]
rollTimeSum:iiiiiiiiiiiiiiiiiiiiiiiiiiiiiiiiiiiiiiiiiiiiiiiiiiiiiiiiiiiiiiiiiiiiii5497441 awardDistance:["1126474"]
rollTimeSum:iiiiiiiiiiiiiiiiiiiiiiiiiiiiiiiiiiiiiiiiiiiiiiiiiiiiiiiiiiiiiiiiiiiiii5608753 awardDistance:["101413"]
rollTimeSum:iiiiiiiiiiiiiiiiiiiiiiiiiiiiiiiiiiiiiiiiiiiiiiiiiiiiiiiiiiiiiiiiiiiiii7096171 awardDistance:["1354132"]
rollTimeSum:iiiiiiiiiiiiiiiiiiiiiiiiiiiiiiiiiiiiiiiiiiiiiiiiiiiiiiiiiiiiiiiiiiiiii7744754 awardDistance:["590671"]
rollTimeSum:iiiiiiiiiiiiiiiiiiiiiiiiiiiiiiiiiiiiiiiiiiiiiiiiiiiiiiiiiiiiiiiiiiiiii8903968 awardDistance:["1055640"]
rollTimeSum:iiiiiiiiiiiiiiiiiiiiiiiiiiiiiiiiiiiiiiiiiiiiiiiiiiiiiiiiiiiiiiiiiiiiii9322319 awardDistance:["381051"]
rollTimeSum:iiiiiiiiiiiiiiiiiiiiiiiiiiiiiiiiiiiiiiiiiiiiiiiiiiiiiiiiiiiiiiiiiiiiiii20552 awardDistance:["635425"]
rollTimeSum:iiiiiiiiiiiiiiiiiiiiiiiiiiiiiiiiiiiiiiiiiiiiiiiiiiiiiiiiiiiiiiiiiiiiiii2530812 awardDistance:["2285243"]
rollTimeSum:iiiiiiiiiiiiiiiiiiiiiiiiiiiiiiiiiiiiiiiiiiiiiiiiiiiiiiiiiiiiiiiiiiiiiii2846299 awardDistance:["287450"]
rollTimeSum:iiiiiiiiiiiiiiiiiiiiiiiiiiiiiiiiiiiiiiiiiiiiiiiiiiiiiiiiiiiiiiiiiiiiiii3525791 awardDistance:["618942"]
rollTimeSum:iiiiiiiiiiiiiiiiiiiiiiiiiiiiiiiiiiiiiiiiiiiiiiiiiiiiiiiiiiiiiiiiiiiiiii3544985 awardDistance:["17470"]
rollTimeSum:iiiiiiiiiiiiiiiiiiiiiiiiiiiiiiiiiiiiiiiiiiiiiiiiiiiiiiiiiiiiiiiiiiiiiii3755225 awardDistance:["191565"]
rollTimeSum:iiiiiiiiiiiiiiiiiiiiiiiiiiiiiiiiiiiiiiiiiiiiiiiiiiiiiiiiiiiiiiiiiiiiiii4295910 awardDistance:["492228"]
rollTimeSum:iiiiiiiiiiiiiiiiiiiiiiiiiiiiiiiiiiiiiiiiiiiiiiiiiiiiiiiiiiiiiiiiiiiiiii5721335 awardDistance:["1297937"]
rollTimeSum:iiiiiiiiiiiiiiiiiiiiiiiiiiiiiiiiiiiiiiiiiiiiiiiiiiiiiiiiiiiiiiiiiiiiiii6463731 awardDistance:["675465"]
rollTimeSum:iiiiiiiiiiiiiiiiiiiiiiiiiiiiiiiiiiiiiiiiiiiiiiiiiiiiiiiiiiiiiiiiiiiiiii9221189 awardDistance:["2511732"]
rollTimeSum:iiiiiiiiiiiiiiiiiiiiiiiiiiiiiiiiiiiiiiiiiiiiiiiiiiiiiiiiiiiiiiiiiiiiiii9831493 awardDistance:["555346"]
rollTimeSum:iiiiiiiiiiiiiiiiiiiiiiiiiiiiiiiiiiiiiiiiiiiiiiiiiiiiiiiiiiiiiiiiiiiiiii9987521 awardDistance:["142042"]
rollTimeSum:iiiiiiiiiiiiiiiiiiiiiiiiiiiiiiiiiiiiiiiiiiiiiiiiiiiiiiiiiiiiiiiiiiiiiiii285098 awardDistance:["270937"]
rollTimeSum:iiiiiiiiiiiiiiiiiiiiiiiiiiiiiiiiiiiiiiiiiiiiiiiiiiiiiiiiiiiiiiiiiiiiiiii1581835 awardDistance:["1180654"]
rollTimeSum:iiiiiiiiiiiiiiiiiiiiiiiiiiiiiiiiiiiiiiiiiiiiiiiiiiiiiiiiiiiiiiiiiiiiiiii2346848 awardDistance:["696976"]
rollTimeSum:iiiiiiiiiiiiiiiiiiiiiiiiiiiiiiiiiiiiiiiiiiiiiiiiiiiiiiiiiiiiiiiiiiiiiiii2940163 awardDistance:["539952"]
rollTimeSum:iiiiiiiiiiiiiiiiiiiiiiiiiiiiiiiiiiiiiiiiiiiiiiiiiiiiiiiiiiiiiiiiiiiiiiii4390603 awardDistance:["1320511"]
rollTimeSum:iiiiiiiiiiiiiiiiiiiiiiiiiiiiiiiiiiiiiiiiiiiiiiiiiiiiiiiiiiiiiiiiiiiiiiii5991431 awardDistance:["1458029"]
rollTimeSum:iiiiiiiiiiiiiiiiiiiiiiiiiiiiiiiiiiiiiiiiiiiiiiiiiiiiiiiiiiiiiiiiiiiiiiii7743637 awardDistance:["1595452"]
rollTimeSum:iiiiiiiiiiiiiiiiiiiiiiiiiiiiiiiiiiiiiiiiiiiiiiiiiiiiiiiiiiiiiiiiiiiiiiii7941171 awardDistance:["180083"]
rollTimeSum:iiiiiiiiiiiiiiiiiiiiiiiiiiiiiiiiiiiiiiiiiiiiiiiiiiiiiiiiiiiiiiiiiiiiiiii8501005 awardDistance:["509652"]
rollTimeSum:iiiiiiiiiiiiiiiiiiiiiiiiiiiiiiiiiiiiiiiiiiiiiiiiiiiiiiiiiiiiiiiiiiiiiiii9227516 awardDistance:["661390"]
rollTimeSum:iiiiiiiiiiiiiiiiiiiiiiiiiiiiiiiiiiiiiiiiiiiiiiiiiiiiiiiiiiiiiiiiiiiiiiii9839507 awardDistance:["557357"]
rollTimeSum:iiiiiiiiiiiiiiiiiiiiiiiiiiiiiiiiiiiiiiiiiiiiiiiiiiiiiiiiiiiiiiiiiiiiiiiii571787 awardDistance:["666751"]
rollTimeSum:iiiiiiiiiiiiiiiiiiiiiiiiiiiiiiiiiiiiiiiiiiiiiiiiiiiiiiiiiiiiiiiiiiiiiiiii2368659 awardDistance:["1636032"]
rollTimeSum:iiiiiiiiiiiiiiiiiiiiiiiiiiiiiiiiiiiiiiiiiiiiiiiiiiiiiiiiiiiiiiiiiiiiiiiii3073194 awardDistance:["641691"]
rollTimeSum:iiiiiiiiiiiiiiiiiiiiiiiiiiiiiiiiiiiiiiiiiiiiiiiiiiiiiiiiiiiiiiiiiiiiiiiii3386434 awardDistance:["285163"]
rollTimeSum:iiiiiiiiiiiiiiiiiiiiiiiiiiiiiiiiiiiiiiiiiiiiiiiiiiiiiiiiiiiiiiiiiiiiiiiiii1402123 awardDistance:["7300226"]
rollTimeSum:iiiiiiiiiiiiiiiiiiiiiiiiiiiiiiiiiiiiiiiiiiiiiiiiiiiiiiiiiiiiiiiiiiiiiiiiii1583963 awardDistance:["165720"]
rollTimeSum:iiiiiiiiiiiiiiiiiiiiiiiiiiiiiiiiiiiiiiiiiiiiiiiiiiiiiiiiiiiiiiiiiiiiiiiiii1908851 awardDistance:["295960"]
rollTimeSum:iiiiiiiiiiiiiiiiiiiiiiiiiiiiiiiiiiiiiiiiiiiiiiiiiiiiiiiiiiiiiiiiiiiiiiiiii5615897 awardDistance:["3375080"]
rollTimeSum:iiiiiiiiiiiiiiiiiiiiiiiiiiiiiiiiiiiiiiiiiiiiiiiiiiiiiiiiiiiiiiiiiiiiiiiiii6130667 awardDistance:["468461"]
rollTimeSum:iiiiiiiiiiiiiiiiiiiiiiiiiiiiiiiiiiiiiiiiiiiiiiiiiiiiiiiiiiiiiiiiiiiiiiiiii7314710 awardDistance:["1078467"]
rollTimeSum:iiiiiiiiiiiiiiiiiiiiiiiiiiiiiiiiiiiiiiiiiiiiiiiiiiiiiiiiiiiiiiiiiiiiiiiiii9049995 awardDistance:["1580366"]
rollTimeSum:iiiiiiiiiiiiiiiiiiiiiiiiiiiiiiiiiiiiiiiiiiiiiiiiiiiiiiiiiiiiiiiiiiiiiiiiiii4955986 awardDistance:["5378422"]
rollTimeSum:iiiiiiiiiiiiiiiiiiiiiiiiiiiiiiiiiiiiiiiiiiiiiiiiiiiiiiiiiiiiiiiiiiiiiiiiiii5149805 awardDistance:["176598"]
rollTimeSum:iiiiiiiiiiiiiiiiiiiiiiiiiiiiiiiiiiiiiiiiiiiiiiiiiiiiiiiiiiiiiiiiiiiiiiiiiii5331523 awardDistance:["165608"]
rollTimeSum:iiiiiiiiiiiiiiiiiiiiiiiiiiiiiiiiiiiiiiiiiiiiiiiiiiiiiiiiiiiiiiiiiiiiiiiiiii7742224 awardDistance:["2194858"]
rollTimeSum:iiiiiiiiiiiiiiiiiiiiiiiiiiiiiiiiiiiiiiiiiiiiiiiiiiiiiiiiiiiiiiiiiiiiiiiiiii8204920 awardDistance:["421305"]
rollTimeSum:iiiiiiiiiiiiiiiiiiiiiiiiiiiiiiiiiiiiiiiiiiiiiiiiiiiiiiiiiiiiiiiiiiiiiiiiiiii1405258 awardDistance:["2913714"]
rollTimeSum:iiiiiiiiiiiiiiiiiiiiiiiiiiiiiiiiiiiiiiiiiiiiiiiiiiiiiiiiiiiiiiiiiiiiiiiiiiii2668898 awardDistance:["1150463"]
rollTimeSum:iiiiiiiiiiiiiiiiiiiiiiiiiiiiiiiiiiiiiiiiiiiiiiiiiiiiiiiiiiiiiiiiiiiiiiiiiiii3140889 awardDistance:["430063"]
rollTimeSum:iiiiiiiiiiiiiiiiiiiiiiiiiiiiiiiiiiiiiiiiiiiiiiiiiiiiiiiiiiiiiiiiiiiiiiiiiiii3609718 awardDistance:["427023"]
rollTimeSum:iiiiiiiiiiiiiiiiiiiiiiiiiiiiiiiiiiiiiiiiiiiiiiiiiiiiiiiiiiiiiiiiiiiiiiiiiiii3857377 awardDistance:["225373"]
rollTimeSum:iiiiiiiiiiiiiiiiiiiiiiiiiiiiiiiiiiiiiiiiiiiiiiiiiiiiiiiiiiiiiiiiiiiiiiiiiiii5879692 awardDistance:["1841544"]
rollTimeSum:iiiiiiiiiiiiiiiiiiiiiiiiiiiiiiiiiiiiiiiiiiiiiiiiiiiiiiiiiiiiiiiiiiiiiiiiiiiii325683 awardDistance:["4048696"]
rollTimeSum:iiiiiiiiiiiiiiiiiiiiiiiiiiiiiiiiiiiiiiiiiiiiiiiiiiiiiiiiiiiiiiiiiiiiiiiiiiiii376364 awardDistance:["46135"]
rollTimeSum:iiiiiiiiiiiiiiiiiiiiiiiiiiiiiiiiiiiiiiiiiiiiiiiiiiiiiiiiiiiiiiiiiiiiiiiiiiiii1498378 awardDistance:["1021716"]
rollTimeSum:iiiiiiiiiiiiiiiiiiiiiiiiiiiiiiiiiiiiiiiiiiiiiiiiiiiiiiiiiiiiiiiiiiiiiiiiiiiii2275937 awardDistance:["708026"]
rollTimeSum:iiiiiiiiiiiiiiiiiiiiiiiiiiiiiiiiiiiiiiiiiiiiiiiiiiiiiiiiiiiiiiiiiiiiiiiiiiiii3940612 awardDistance:["1516077"]
rollTimeSum:iiiiiiiiiiiiiiiiiiiiiiiiiiiiiiiiiiiiiiiiiiiiiiiiiiiiiiiiiiiiiiiiiiiiiiiiiiiii4153417 awardDistance:["193776"]
rollTimeSum:iiiiiiiiiiiiiiiiiiiiiiiiiiiiiiiiiiiiiiiiiiiiiiiiiiiiiiiiiiiiiiiiiiiiiiiiiiiii4468358 awardDistance:["286737"]
rollTimeSum:iiiiiiiiiiiiiiiiiiiiiiiiiiiiiiiiiiiiiiiiiiiiiiiiiiiiiiiiiiiiiiiiiiiiiiiiiiiii4966504 awardDistance:["453600"]
rollTimeSum:iiiiiiiiiiiiiiiiiiiiiiiiiiiiiiiiiiiiiiiiiiiiiiiiiiiiiiiiiiiiiiiiiiiiiiiiiiiii5801675 awardDistance:["760258"]
rollTimeSum:iiiiiiiiiiiiiiiiiiiiiiiiiiiiiiiiiiiiiiiiiiiiiiiiiiiiiiiiiiiiiiiiiiiiiiiiiiiii5998098 awardDistance:["178967"]
rollTimeSum:iiiiiiiiiiiiiiiiiiiiiiiiiiiiiiiiiiiiiiiiiiiiiiiiiiiiiiiiiiiiiiiiiiiiiiiiiiiii6383702 awardDistance:["351210"]
rollTimeSum:iiiiiiiiiiiiiiiiiiiiiiiiiiiiiiiiiiiiiiiiiiiiiiiiiiiiiiiiiiiiiiiiiiiiiiiiiiiii8126375 awardDistance:["1587141"]
rollTimeSum:iiiiiiiiiiiiiiiiiiiiiiiiiiiiiiiiiiiiiiiiiiiiiiiiiiiiiiiiiiiiiiiiiiiiiiiiiiiii8152788 awardDistance:["23982"]
rollTimeSum:iiiiiiiiiiiiiiiiiiiiiiiiiiiiiiiiiiiiiiiiiiiiiiiiiiiiiiiiiiiiiiiiiiiiiiiiiiiiii2460890 awardDistance:["3922818"]
rollTimeSum:iiiiiiiiiiiiiiiiiiiiiiiiiiiiiiiiiiiiiiiiiiiiiiiiiiiiiiiiiiiiiiiiiiiiiiiiiiiiii2975570 awardDistance:["468592"]
rollTimeSum:iiiiiiiiiiiiiiiiiiiiiiiiiiiiiiiiiiiiiiiiiiiiiiiiiiiiiiiiiiiiiiiiiiiiiiiiiiiiii4702656 awardDistance:["1573032"]
rollTimeSum:iiiiiiiiiiiiiiiiiiiiiiiiiiiiiiiiiiiiiiiiiiiiiiiiiiiiiiiiiiiiiiiiiiiiiiiiiiiiii5165801 awardDistance:["421710"]
rollTimeSum:iiiiiiiiiiiiiiiiiiiiiiiiiiiiiiiiiiiiiiiiiiiiiiiiiiiiiiiiiiiiiiiiiiiiiiiiiiiiii5920561 awardDistance:["687140"]
rollTimeSum:iiiiiiiiiiiiiiiiiiiiiiiiiiiiiiiiiiiiiiiiiiiiiiiiiiiiiiiiiiiiiiiiiiiiiiiiiiiiii5951349 awardDistance:["28034"]
rollTimeSum:iiiiiiiiiiiiiiiiiiiiiiiiiiiiiiiiiiiiiiiiiiiiiiiiiiiiiiiiiiiiiiiiiiiiiiiiiiiiii7235122 awardDistance:["1168513"]
rollTimeSum:iiiiiiiiiiiiiiiiiiiiiiiiiiiiiiiiiiiiiiiiiiiiiiiiiiiiiiiiiiiiiiiiiiiiiiiiiiiiii7522781 awardDistance:["261887"]
rollTimeSum:iiiiiiiiiiiiiiiiiiiiiiiiiiiiiiiiiiiiiiiiiiiiiiiiiiiiiiiiiiiiiiiiiiiiiiiiiiiiiii499569 awardDistance:["2710198"]
rollTimeSum:iiiiiiiiiiiiiiiiiiiiiiiiiiiiiiiiiiiiiiiiiiiiiiiiiiiiiiiiiiiiiiiiiiiiiiiiiiiiiii1458522 awardDistance:["873217"]
rollTimeSum:iiiiiiiiiiiiiiiiiiiiiiiiiiiiiiiiiiiiiiiiiiiiiiiiiiiiiiiiiiiiiiiiiiiiiiiiiiiiiii1751278 awardDistance:["266749"]
rollTimeSum:iiiiiiiiiiiiiiiiiiiiiiiiiiiiiiiiiiiiiiiiiiiiiiiiiiiiiiiiiiiiiiiiiiiiiiiiiiiiiii3902945 awardDistance:["1958701"]
rollTimeSum:iiiiiiiiiiiiiiiiiiiiiiiiiiiiiiiiiiiiiiiiiiiiiiiiiiiiiiiiiiiiiiiiiiiiiiiiiiiiiii4410817 awardDistance:["462564"]
rollTimeSum:iiiiiiiiiiiiiiiiiiiiiiiiiiiiiiiiiiiiiiiiiiiiiiiiiiiiiiiiiiiiiiiiiiiiiiiiiiiiiii4751918 awardDistance:["310496"]
rollTimeSum:iiiiiiiiiiiiiiiiiiiiiiiiiiiiiiiiiiiiiiiiiiiiiiiiiiiiiiiiiiiiiiiiiiiiiiiiiiiiiii6219536 awardDistance:["1336485"]
rollTimeSum:iiiiiiiiiiiiiiiiiiiiiiiiiiiiiiiiiiiiiiiiiiiiiiiiiiiiiiiiiiiiiiiiiiiiiiiiiiiiiii6426996 awardDistance:["188852"]
rollTimeSum:iiiiiiiiiiiiiiiiiiiiiiiiiiiiiiiiiiiiiiiiiiiiiiiiiiiiiiiiiiiiiiiiiiiiiiiiiiiiiii7664321 awardDistance:["1126474"]
rollTimeSum:iiiiiiiiiiiiiiiiiiiiiiiiiiiiiiiiiiiiiiiiiiiiiiiiiiiiiiiiiiiiiiiiiiiiiiiiiiiiiii7775633 awardDistance:["101413"]
rollTimeSum:iiiiiiiiiiiiiiiiiiiiiiiiiiiiiiiiiiiiiiiiiiiiiiiiiiiiiiiiiiiiiiiiiiiiiiiiiiiiiii9263051 awardDistance:["1354132"]
rollTimeSum:iiiiiiiiiiiiiiiiiiiiiiiiiiiiiiiiiiiiiiiiiiiiiiiiiiiiiiiiiiiiiiiiiiiiiiiiiiiiiii9911634 awardDistance:["590671"]
rollTimeSum:iiiiiiiiiiiiiiiiiiiiiiiiiiiiiiiiiiiiiiiiiiiiiiiiiiiiiiiiiiiiiiiiiiiiiiiiiiiiiiii1070848 awardDistance:["1055640"]
rollTimeSum:iiiiiiiiiiiiiiiiiiiiiiiiiiiiiiiiiiiiiiiiiiiiiiiiiiiiiiiiiiiiiiiiiiiiiiiiiiiiiiii1489199 awardDistance:["381051"]
rollTimeSum:iiiiiiiiiiiiiiiiiiiiiiiiiiiiiiiiiiiiiiiiiiiiiiiiiiiiiiiiiiiiiiiiiiiiiiiiiiiiiiii2187432 awardDistance:["635425"]
rollTimeSum:iiiiiiiiiiiiiiiiiiiiiiiiiiiiiiiiiiiiiiiiiiiiiiiiiiiiiiiiiiiiiiiiiiiiiiiiiiiiiiii4697692 awardDistance:["2285243"]
rollTimeSum:iiiiiiiiiiiiiiiiiiiiiiiiiiiiiiiiiiiiiiiiiiiiiiiiiiiiiiiiiiiiiiiiiiiiiiiiiiiiiiii5013179 awardDistance:["287450"]
rollTimeSum:iiiiiiiiiiiiiiiiiiiiiiiiiiiiiiiiiiiiiiiiiiiiiiiiiiiiiiiiiiiiiiiiiiiiiiiiiiiiiiii5692671 awardDistance:["618942"]
rollTimeSum:iiiiiiiiiiiiiiiiiiiiiiiiiiiiiiiiiiiiiiiiiiiiiiiiiiiiiiiiiiiiiiiiiiiiiiiiiiiiiiii5711865 awardDistance:["17470"]
rollTimeSum:iiiiiiiiiiiiiiiiiiiiiiiiiiiiiiiiiiiiiiiiiiiiiiiiiiiiiiiiiiiiiiiiiiiiiiiiiiiiiiii5922105 awardDistance:["191565"]
rollTimeSum:iiiiiiiiiiiiiiiiiiiiiiiiiiiiiiiiiiiiiiiiiiiiiiiiiiiiiiiiiiiiiiiiiiiiiiiiiiiiiiii6462790 awardDistance:["492228"]
rollTimeSum:iiiiiiiiiiiiiiiiiiiiiiiiiiiiiiiiiiiiiiiiiiiiiiiiiiiiiiiiiiiiiiiiiiiiiiiiiiiiiiii7888215 awardDistance:["1297937"]
rollTimeSum:iiiiiiiiiiiiiiiiiiiiiiiiiiiiiiiiiiiiiiiiiiiiiiiiiiiiiiiiiiiiiiiiiiiiiiiiiiiiiiii8630611 awardDistance:["675465"]
rollTimeSum:iiiiiiiiiiiiiiiiiiiiiiiiiiiiiiiiiiiiiiiiiiiiiiiiiiiiiiiiiiiiiiiiiiiiiiiiiiiiiiiii1388069 awardDistance:["2511732"]
rollTimeSum:iiiiiiiiiiiiiiiiiiiiiiiiiiiiiiiiiiiiiiiiiiiiiiiiiiiiiiiiiiiiiiiiiiiiiiiiiiiiiiiii1998373 awardDistance:["555346"]
rollTimeSum:iiiiiiiiiiiiiiiiiiiiiiiiiiiiiiiiiiiiiiiiiiiiiiiiiiiiiiiiiiiiiiiiiiiiiiiiiiiiiiiii2154401 awardDistance:["142042"]
rollTimeSum:iiiiiiiiiiiiiiiiiiiiiiiiiiiiiiiiiiiiiiiiiiiiiiiiiiiiiiiiiiiiiiiiiiiiiiiiiiiiiiiii2451978 awardDistance:["270937"]
rollTimeSum:iiiiiiiiiiiiiiiiiiiiiiiiiiiiiiiiiiiiiiiiiiiiiiiiiiiiiiiiiiiiiiiiiiiiiiiiiiiiiiiii3748715 awardDistance:["1180654"]
rollTimeSum:iiiiiiiiiiiiiiiiiiiiiiiiiiiiiiiiiiiiiiiiiiiiiiiiiiiiiiiiiiiiiiiiiiiiiiiiiiiiiiiii4513728 awardDistance:["696976"]
rollTimeSum:iiiiiiiiiiiiiiiiiiiiiiiiiiiiiiiiiiiiiiiiiiiiiiiiiiiiiiiiiiiiiiiiiiiiiiiiiiiiiiiii5107043 awardDistance:["539952"]
rollTimeSum:iiiiiiiiiiiiiiiiiiiiiiiiiiiiiiiiiiiiiiiiiiiiiiiiiiiiiiiiiiiiiiiiiiiiiiiiiiiiiiiii6557483 awardDistance:["1320511"]
rollTimeSum:iiiiiiiiiiiiiiiiiiiiiiiiiiiiiiiiiiiiiiiiiiiiiiiiiiiiiiiiiiiiiiiiiiiiiiiiiiiiiiiii8158311 awardDistance:["1458029"]
rollTimeSum:iiiiiiiiiiiiiiiiiiiiiiiiiiiiiiiiiiiiiiiiiiiiiiiiiiiiiiiiiiiiiiiiiiiiiiiiiiiiiiiii9910517 awardDistance:["1595452"]
rollTimeSum:iiiiiiiiiiiiiiiiiiiiiiiiiiiiiiiiiiiiiiiiiiiiiiiiiiiiiiiiiiiiiiiiiiiiiiiiiiiiiiiiii108051 awardDistance:["180083"]
rollTimeSum:iiiiiiiiiiiiiiiiiiiiiiiiiiiiiiiiiiiiiiiiiiiiiiiiiiiiiiiiiiiiiiiiiiiiiiiiiiiiiiiiii667885 awardDistance:["509652"]
rollTimeSum:iiiiiiiiiiiiiiiiiiiiiiiiiiiiiiiiiiiiiiiiiiiiiiiiiiiiiiiiiiiiiiiiiiiiiiiiiiiiiiiiii1394396 awardDistance:["661390"]
rollTimeSum:iiiiiiiiiiiiiiiiiiiiiiiiiiiiiiiiiiiiiiiiiiiiiiiiiiiiiiiiiiiiiiiiiiiiiiiiiiiiiiiiii2006387 awardDistance:["557357"]
rollTimeSum:iiiiiiiiiiiiiiiiiiiiiiiiiiiiiiiiiiiiiiiiiiiiiiiiiiiiiiiiiiiiiiiiiiiiiiiiiiiiiiiiii2738667 awardDistance:["666751"]
rollTimeSum:iiiiiiiiiiiiiiiiiiiiiiiiiiiiiiiiiiiiiiiiiiiiiiiiiiiiiiiiiiiiiiiiiiiiiiiiiiiiiiiiii4535539 awardDistance:["1636032"]
rollTimeSum:iiiiiiiiiiiiiiiiiiiiiiiiiiiiiiiiiiiiiiiiiiiiiiiiiiiiiiiiiiiiiiiiiiiiiiiiiiiiiiiiii5240074 awardDistance:["641691"]
rollTimeSum:iiiiiiiiiiiiiiiiiiiiiiiiiiiiiiiiiiiiiiiiiiiiiiiiiiiiiiiiiiiiiiiiiiiiiiiiiiiiiiiiii5553314 awardDistance:["285163"]
rollTimeSum:iiiiiiiiiiiiiiiiiiiiiiiiiiiiiiiiiiiiiiiiiiiiiiiiiiiiiiiiiiiiiiiiiiiiiiiiiiiiiiiiiii3569003 awardDistance:["7300226"]
rollTimeSum:iiiiiiiiiiiiiiiiiiiiiiiiiiiiiiiiiiiiiiiiiiiiiiiiiiiiiiiiiiiiiiiiiiiiiiiiiiiiiiiiiii3750843 awardDistance:["165720"]
rollTimeSum:iiiiiiiiiiiiiiiiiiiiiiiiiiiiiiiiiiiiiiiiiiiiiiiiiiiiiiiiiiiiiiiiiiiiiiiiiiiiiiiiiii4075731 awardDistance:["295960"]
rollTimeSum:iiiiiiiiiiiiiiiiiiiiiiiiiiiiiiiiiiiiiiiiiiiiiiiiiiiiiiiiiiiiiiiiiiiiiiiiiiiiiiiiiii7782777 awardDistance:["3375080"]
rollTimeSum:iiiiiiiiiiiiiiiiiiiiiiiiiiiiiiiiiiiiiiiiiiiiiiiiiiiiiiiiiiiiiiiiiiiiiiiiiiiiiiiiiii8297547 awardDistance:["468461"]
rollTimeSum:iiiiiiiiiiiiiiiiiiiiiiiiiiiiiiiiiiiiiiiiiiiiiiiiiiiiiiiiiiiiiiiiiiiiiiiiiiiiiiiiiii9481590 awardDistance:["1078467"]
rollTimeSum:iiiiiiiiiiiiiiiiiiiiiiiiiiiiiiiiiiiiiiiiiiiiiiiiiiiiiiiiiiiiiiiiiiiiiiiiiiiiiiiiiiii1216875 awardDistance:["1580366"]
rollTimeSum:iiiiiiiiiiiiiiiiiiiiiiiiiiiiiiiiiiiiiiiiiiiiiiiiiiiiiiiiiiiiiiiiiiiiiiiiiiiiiiiiiiii7122866 awardDistance:["5378422"]
rollTimeSum:iiiiiiiiiiiiiiiiiiiiiiiiiiiiiiiiiiiiiiiiiiiiiiiiiiiiiiiiiiiiiiiiiiiiiiiiiiiiiiiiiiii7316685 awardDistance:["176598"]
rollTimeSum:iiiiiiiiiiiiiiiiiiiiiiiiiiiiiiiiiiiiiiiiiiiiiiiiiiiiiiiiiiiiiiiiiiiiiiiiiiiiiiiiiiii7498403 awardDistance:["165608"]
rollTimeSum:iiiiiiiiiiiiiiiiiiiiiiiiiiiiiiiiiiiiiiiiiiiiiiiiiiiiiiiiiiiiiiiiiiiiiiiiiiiiiiiiiiii9909104 awardDistance:["2194858"]
rollTimeSum:iiiiiiiiiiiiiiiiiiiiiiiiiiiiiiiiiiiiiiiiiiiiiiiiiiiiiiiiiiiiiiiiiiiiiiiiiiiiiiiiiiiii371800 awardDistance:["421305"]
rollTimeSum:iiiiiiiiiiiiiiiiiiiiiiiiiiiiiiiiiiiiiiiiiiiiiiiiiiiiiiiiiiiiiiiiiiiiiiiiiiiiiiiiiiiii3572138 awardDistance:["2913714"]
rollTimeSum:iiiiiiiiiiiiiiiiiiiiiiiiiiiiiiiiiiiiiiiiiiiiiiiiiiiiiiiiiiiiiiiiiiiiiiiiiiiiiiiiiiiii4835778 awardDistance:["1150463"]
rollTimeSum:iiiiiiiiiiiiiiiiiiiiiiiiiiiiiiiiiiiiiiiiiiiiiiiiiiiiiiiiiiiiiiiiiiiiiiiiiiiiiiiiiiiii5307769 awardDistance:["430063"]
rollTimeSum:iiiiiiiiiiiiiiiiiiiiiiiiiiiiiiiiiiiiiiiiiiiiiiiiiiiiiiiiiiiiiiiiiiiiiiiiiiiiiiiiiiiii5776598 awardDistance:["427023"]
rollTimeSum:iiiiiiiiiiiiiiiiiiiiiiiiiiiiiiiiiiiiiiiiiiiiiiiiiiiiiiiiiiiiiiiiiiiiiiiiiiiiiiiiiiiii6024257 awardDistance:["225373"]
rollTimeSum:iiiiiiiiiiiiiiiiiiiiiiiiiiiiiiiiiiiiiiiiiiiiiiiiiiiiiiiiiiiiiiiiiiiiiiiiiiiiiiiiiiiii8046572 awardDistance:["1841544"]
rollTimeSum:iiiiiiiiiiiiiiiiiiiiiiiiiiiiiiiiiiiiiiiiiiiiiiiiiiiiiiiiiiiiiiiiiiiiiiiiiiiiiiiiiiiiii2492563 awardDistance:["4048696"]
rollTimeSum:iiiiiiiiiiiiiiiiiiiiiiiiiiiiiiiiiiiiiiiiiiiiiiiiiiiiiiiiiiiiiiiiiiiiiiiiiiiiiiiiiiiiii2543244 awardDistance:["46135"]
rollTimeSum:iiiiiiiiiiiiiiiiiiiiiiiiiiiiiiiiiiiiiiiiiiiiiiiiiiiiiiiiiiiiiiiiiiiiiiiiiiiiiiiiiiiiii3665258 awardDistance:["1021716"]
rollTimeSum:iiiiiiiiiiiiiiiiiiiiiiiiiiiiiiiiiiiiiiiiiiiiiiiiiiiiiiiiiiiiiiiiiiiiiiiiiiiiiiiiiiiiii4442817 awardDistance:["708026"]
rollTimeSum:iiiiiiiiiiiiiiiiiiiiiiiiiiiiiiiiiiiiiiiiiiiiiiiiiiiiiiiiiiiiiiiiiiiiiiiiiiiiiiiiiiiiii6107492 awardDistance:["1516077"]
rollTimeSum:iiiiiiiiiiiiiiiiiiiiiiiiiiiiiiiiiiiiiiiiiiiiiiiiiiiiiiiiiiiiiiiiiiiiiiiiiiiiiiiiiiiiii6320297 awardDistance:["193776"]
rollTimeSum:iiiiiiiiiiiiiiiiiiiiiiiiiiiiiiiiiiiiiiiiiiiiiiiiiiiiiiiiiiiiiiiiiiiiiiiiiiiiiiiiiiiiii6635238 awardDistance:["286737"]
rollTimeSum:iiiiiiiiiiiiiiiiiiiiiiiiiiiiiiiiiiiiiiiiiiiiiiiiiiiiiiiiiiiiiiiiiiiiiiiiiiiiiiiiiiiiii7133384 awardDistance:["453600"]
rollTimeSum:iiiiiiiiiiiiiiiiiiiiiiiiiiiiiiiiiiiiiiiiiiiiiiiiiiiiiiiiiiiiiiiiiiiiiiiiiiiiiiiiiiiiii7968555 awardDistance:["760258"]
rollTimeSum:iiiiiiiiiiiiiiiiiiiiiiiiiiiiiiiiiiiiiiiiiiiiiiiiiiiiiiiiiiiiiiiiiiiiiiiiiiiiiiiiiiiiii8164978 awardDistance:["178967"]
rollTimeSum:iiiiiiiiiiiiiiiiiiiiiiiiiiiiiiiiiiiiiiiiiiiiiiiiiiiiiiiiiiiiiiiiiiiiiiiiiiiiiiiiiiiiii8550582 awardDistance:["351210"]
rollTimeSum:iiiiiiiiiiiiiiiiiiiiiiiiiiiiiiiiiiiiiiiiiiiiiiiiiiiiiiiiiiiiiiiiiiiiiiiiiiiiiiiiiiiiiii293255 awardDistance:["1587141"]
rollTimeSum:iiiiiiiiiiiiiiiiiiiiiiiiiiiiiiiiiiiiiiiiiiiiiiiiiiiiiiiiiiiiiiiiiiiiiiiiiiiiiiiiiiiiiii319668 awardDistance:["23982"]
rollTimeSum:iiiiiiiiiiiiiiiiiiiiiiiiiiiiiiiiiiiiiiiiiiiiiiiiiiiiiiiiiiiiiiiiiiiiiiiiiiiiiiiiiiiiiii4627770 awardDistance:["3922818"]
rollTimeSum:iiiiiiiiiiiiiiiiiiiiiiiiiiiiiiiiiiiiiiiiiiiiiiiiiiiiiiiiiiiiiiiiiiiiiiiiiiiiiiiiiiiiiii5142450 awardDistance:["468592"]
rollTimeSum:iiiiiiiiiiiiiiiiiiiiiiiiiiiiiiiiiiiiiiiiiiiiiiiiiiiiiiiiiiiiiiiiiiiiiiiiiiiiiiiiiiiiiii6869536 awardDistance:["1573032"]
rollTimeSum:iiiiiiiiiiiiiiiiiiiiiiiiiiiiiiiiiiiiiiiiiiiiiiiiiiiiiiiiiiiiiiiiiiiiiiiiiiiiiiiiiiiiiii7332681 awardDistance:["421710"]
rollTimeSum:iiiiiiiiiiiiiiiiiiiiiiiiiiiiiiiiiiiiiiiiiiiiiiiiiiiiiiiiiiiiiiiiiiiiiiiiiiiiiiiiiiiiiii8087441 awardDistance:["687140"]
rollTimeSum:iiiiiiiiiiiiiiiiiiiiiiiiiiiiiiiiiiiiiiiiiiiiiiiiiiiiiiiiiiiiiiiiiiiiiiiiiiiiiiiiiiiiiii8118229 awardDistance:["28034"]
rollTimeSum:iiiiiiiiiiiiiiiiiiiiiiiiiiiiiiiiiiiiiiiiiiiiiiiiiiiiiiiiiiiiiiiiiiiiiiiiiiiiiiiiiiiiiii9402002 awardDistance:["1168513"]
rollTimeSum:iiiiiiiiiiiiiiiiiiiiiiiiiiiiiiiiiiiiiiiiiiiiiiiiiiiiiiiiiiiiiiiiiiiiiiiiiiiiiiiiiiiiiii9689661 awardDistance:["261887"]
rollTimeSum:iiiiiiiiiiiiiiiiiiiiiiiiiiiiiiiiiiiiiiiiiiiiiiiiiiiiiiiiiiiiiiiiiiiiiiiiiiiiiiiiiiiiiiii2666449 awardDistance:["2710198"]
rollTimeSum:iiiiiiiiiiiiiiiiiiiiiiiiiiiiiiiiiiiiiiiiiiiiiiiiiiiiiiiiiiiiiiiiiiiiiiiiiiiiiiiiiiiiiiii3625402 awardDistance:["873217"]
rollTimeSum:iiiiiiiiiiiiiiiiiiiiiiiiiiiiiiiiiiiiiiiiiiiiiiiiiiiiiiiiiiiiiiiiiiiiiiiiiiiiiiiiiiiiiiii3918158 awardDistance:["266749"]
rollTimeSum:iiiiiiiiiiiiiiiiiiiiiiiiiiiiiiiiiiiiiiiiiiiiiiiiiiiiiiiiiiiiiiiiiiiiiiiiiiiiiiiiiiiiiiii6069825 awardDistance:["1958701"]
rollTimeSum:iiiiiiiiiiiiiiiiiiiiiiiiiiiiiiiiiiiiiiiiiiiiiiiiiiiiiiiiiiiiiiiiiiiiiiiiiiiiiiiiiiiiiiii6577697 awardDistance:["462564"]
rollTimeSum:iiiiiiiiiiiiiiiiiiiiiiiiiiiiiiiiiiiiiiiiiiiiiiiiiiiiiiiiiiiiiiiiiiiiiiiiiiiiiiiiiiiiiiii6918798 awardDistance:["310496"]
rollTimeSum:iiiiiiiiiiiiiiiiiiiiiiiiiiiiiiiiiiiiiiiiiiiiiiiiiiiiiiiiiiiiiiiiiiiiiiiiiiiiiiiiiiiiiiii8386416 awardDistance:["1336485"]
rollTimeSum:iiiiiiiiiiiiiiiiiiiiiiiiiiiiiiiiiiiiiiiiiiiiiiiiiiiiiiiiiiiiiiiiiiiiiiiiiiiiiiiiiiiiiiii8593876 awardDistance:["188852"]
rollTimeSum:iiiiiiiiiiiiiiiiiiiiiiiiiiiiiiiiiiiiiiiiiiiiiiiiiiiiiiiiiiiiiiiiiiiiiiiiiiiiiiiiiiiiiiii9831201 awardDistance:["1126474"]
rollTimeSum:iiiiiiiiiiiiiiiiiiiiiiiiiiiiiiiiiiiiiiiiiiiiiiiiiiiiiiiiiiiiiiiiiiiiiiiiiiiiiiiiiiiiiiii9942513 awardDistance:["101413"]
rollTimeSum:iiiiiiiiiiiiiiiiiiiiiiiiiiiiiiiiiiiiiiiiiiiiiiiiiiiiiiiiiiiiiiiiiiiiiiiiiiiiiiiiiiiiiiiii1429931 awardDistance:["1354132"]
rollTimeSum:iiiiiiiiiiiiiiiiiiiiiiiiiiiiiiiiiiiiiiiiiiiiiiiiiiiiiiiiiiiiiiiiiiiiiiiiiiiiiiiiiiiiiiiii2078514 awardDistance:["590671"]
rollTimeSum:iiiiiiiiiiiiiiiiiiiiiiiiiiiiiiiiiiiiiiiiiiiiiiiiiiiiiiiiiiiiiiiiiiiiiiiiiiiiiiiiiiiiiiiii3237728 awardDistance:["1055640"]
rollTimeSum:iiiiiiiiiiiiiiiiiiiiiiiiiiiiiiiiiiiiiiiiiiiiiiiiiiiiiiiiiiiiiiiiiiiiiiiiiiiiiiiiiiiiiiiii3656079 awardDistance:["381051"]
rollTimeSum:iiiiiiiiiiiiiiiiiiiiiiiiiiiiiiiiiiiiiiiiiiiiiiiiiiiiiiiiiiiiiiiiiiiiiiiiiiiiiiiiiiiiiiiii4354312 awardDistance:["635425"]
rollTimeSum:iiiiiiiiiiiiiiiiiiiiiiiiiiiiiiiiiiiiiiiiiiiiiiiiiiiiiiiiiiiiiiiiiiiiiiiiiiiiiiiiiiiiiiiii6864572 awardDistance:["2285243"]
rollTimeSum:iiiiiiiiiiiiiiiiiiiiiiiiiiiiiiiiiiiiiiiiiiiiiiiiiiiiiiiiiiiiiiiiiiiiiiiiiiiiiiiiiiiiiiiii7180059 awardDistance:["287450"]
rollTimeSum:iiiiiiiiiiiiiiiiiiiiiiiiiiiiiiiiiiiiiiiiiiiiiiiiiiiiiiiiiiiiiiiiiiiiiiiiiiiiiiiiiiiiiiiii7859551 awardDistance:["618942"]
rollTimeSum:iiiiiiiiiiiiiiiiiiiiiiiiiiiiiiiiiiiiiiiiiiiiiiiiiiiiiiiiiiiiiiiiiiiiiiiiiiiiiiiiiiiiiiiii7878745 awardDistance:["17470"]
rollTimeSum:iiiiiiiiiiiiiiiiiiiiiiiiiiiiiiiiiiiiiiiiiiiiiiiiiiiiiiiiiiiiiiiiiiiiiiiiiiiiiiiiiiiiiiiii8088985 awardDistance:["191565"]
rollTimeSum:iiiiiiiiiiiiiiiiiiiiiiiiiiiiiiiiiiiiiiiiiiiiiiiiiiiiiiiiiiiiiiiiiiiiiiiiiiiiiiiiiiiiiiiii8629670 awardDistance:["492228"]
rollTimeSum:iiiiiiiiiiiiiiiiiiiiiiiiiiiiiiiiiiiiiiiiiiiiiiiiiiiiiiiiiiiiiiiiiiiiiiiiiiiiiiiiiiiiiiiiii55095 awardDistance:["1297937"]
rollTimeSum:iiiiiiiiiiiiiiiiiiiiiiiiiiiiiiiiiiiiiiiiiiiiiiiiiiiiiiiiiiiiiiiiiiiiiiiiiiiiiiiiiiiiiiiiii797491 awardDistance:["675465"]
rollTimeSum:iiiiiiiiiiiiiiiiiiiiiiiiiiiiiiiiiiiiiiiiiiiiiiiiiiiiiiiiiiiiiiiiiiiiiiiiiiiiiiiiiiiiiiiiii3554949 awardDistance:["2511732"]
rollTimeSum:iiiiiiiiiiiiiiiiiiiiiiiiiiiiiiiiiiiiiiiiiiiiiiiiiiiiiiiiiiiiiiiiiiiiiiiiiiiiiiiiiiiiiiiiii4165253 awardDistance:["555346"]
rollTimeSum:iiiiiiiiiiiiiiiiiiiiiiiiiiiiiiiiiiiiiiiiiiiiiiiiiiiiiiiiiiiiiiiiiiiiiiiiiiiiiiiiiiiiiiiiii4321281 awardDistance:["142042"]
rollTimeSum:iiiiiiiiiiiiiiiiiiiiiiiiiiiiiiiiiiiiiiiiiiiiiiiiiiiiiiiiiiiiiiiiiiiiiiiiiiiiiiiiiiiiiiiiii4618858 awardDistance:["270937"]
rollTimeSum:iiiiiiiiiiiiiiiiiiiiiiiiiiiiiiiiiiiiiiiiiiiiiiiiiiiiiiiiiiiiiiiiiiiiiiiiiiiiiiiiiiiiiiiiii5915595 awardDistance:["1180654"]
rollTimeSum:iiiiiiiiiiiiiiiiiiiiiiiiiiiiiiiiiiiiiiiiiiiiiiiiiiiiiiiiiiiiiiiiiiiiiiiiiiiiiiiiiiiiiiiiii6680608 awardDistance:["696976"]
rollTimeSum:iiiiiiiiiiiiiiiiiiiiiiiiiiiiiiiiiiiiiiiiiiiiiiiiiiiiiiiiiiiiiiiiiiiiiiiiiiiiiiiiiiiiiiiiii7273923 awardDistance:["539952"]
rollTimeSum:iiiiiiiiiiiiiiiiiiiiiiiiiiiiiiiiiiiiiiiiiiiiiiiiiiiiiiiiiiiiiiiiiiiiiiiiiiiiiiiiiiiiiiiiii8724363 awardDistance:["1320511"]
rollTimeSum:iiiiiiiiiiiiiiiiiiiiiiiiiiiiiiiiiiiiiiiiiiiiiiiiiiiiiiiiiiiiiiiiiiiiiiiiiiiiiiiiiiiiiiiiiii325191 awardDistance:["1458029"]
rollTimeSum:iiiiiiiiiiiiiiiiiiiiiiiiiiiiiiiiiiiiiiiiiiiiiiiiiiiiiiiiiiiiiiiiiiiiiiiiiiiiiiiiiiiiiiiiiii2077397 awardDistance:["1595452"]
rollTimeSum:iiiiiiiiiiiiiiiiiiiiiiiiiiiiiiiiiiiiiiiiiiiiiiiiiiiiiiiiiiiiiiiiiiiiiiiiiiiiiiiiiiiiiiiiiii2274931 awardDistance:["180083"]
rollTimeSum:iiiiiiiiiiiiiiiiiiiiiiiiiiiiiiiiiiiiiiiiiiiiiiiiiiiiiiiiiiiiiiiiiiiiiiiiiiiiiiiiiiiiiiiiiii2834765 awardDistance:["509652"]
rollTimeSum:iiiiiiiiiiiiiiiiiiiiiiiiiiiiiiiiiiiiiiiiiiiiiiiiiiiiiiiiiiiiiiiiiiiiiiiiiiiiiiiiiiiiiiiiiii3561276 awardDistance:["661390"]
rollTimeSum:iiiiiiiiiiiiiiiiiiiiiiiiiiiiiiiiiiiiiiiiiiiiiiiiiiiiiiiiiiiiiiiiiiiiiiiiiiiiiiiiiiiiiiiiiii4173267 awardDistance:["557357"]
rollTimeSum:iiiiiiiiiiiiiiiiiiiiiiiiiiiiiiiiiiiiiiiiiiiiiiiiiiiiiiiiiiiiiiiiiiiiiiiiiiiiiiiiiiiiiiiiiii4905547 awardDistance:["666751"]
rollTimeSum:iiiiiiiiiiiiiiiiiiiiiiiiiiiiiiiiiiiiiiiiiiiiiiiiiiiiiiiiiiiiiiiiiiiiiiiiiiiiiiiiiiiiiiiiiii6702419 awardDistance:["1636032"]
rollTimeSum:iiiiiiiiiiiiiiiiiiiiiiiiiiiiiiiiiiiiiiiiiiiiiiiiiiiiiiiiiiiiiiiiiiiiiiiiiiiiiiiiiiiiiiiiiii7406954 awardDistance:["641691"]
rollTimeSum:iiiiiiiiiiiiiiiiiiiiiiiiiiiiiiiiiiiiiiiiiiiiiiiiiiiiiiiiiiiiiiiiiiiiiiiiiiiiiiiiiiiiiiiiiii7720194 awardDistance:["285163"]
rollTimeSum:iiiiiiiiiiiiiiiiiiiiiiiiiiiiiiiiiiiiiiiiiiiiiiiiiiiiiiiiiiiiiiiiiiiiiiiiiiiiiiiiiiiiiiiiiiii5735883 awardDistance:["7300226"]
rollTimeSum:iiiiiiiiiiiiiiiiiiiiiiiiiiiiiiiiiiiiiiiiiiiiiiiiiiiiiiiiiiiiiiiiiiiiiiiiiiiiiiiiiiiiiiiiiiii5917723 awardDistance:["165720"]
rollTimeSum:iiiiiiiiiiiiiiiiiiiiiiiiiiiiiiiiiiiiiiiiiiiiiiiiiiiiiiiiiiiiiiiiiiiiiiiiiiiiiiiiiiiiiiiiiiii6242611 awardDistance:["295960"]
rollTimeSum:iiiiiiiiiiiiiiiiiiiiiiiiiiiiiiiiiiiiiiiiiiiiiiiiiiiiiiiiiiiiiiiiiiiiiiiiiiiiiiiiiiiiiiiiiiii9949657 awardDistance:["3375080"]
rollTimeSum:iiiiiiiiiiiiiiiiiiiiiiiiiiiiiiiiiiiiiiiiiiiiiiiiiiiiiiiiiiiiiiiiiiiiiiiiiiiiiiiiiiiiiiiiiiiii464427 awardDistance:["468461"]
rollTimeSum:iiiiiiiiiiiiiiiiiiiiiiiiiiiiiiiiiiiiiiiiiiiiiiiiiiiiiiiiiiiiiiiiiiiiiiiiiiiiiiiiiiiiiiiiiiiii1648470 awardDistance:["1078467"]
rollTimeSum:iiiiiiiiiiiiiiiiiiiiiiiiiiiiiiiiiiiiiiiiiiiiiiiiiiiiiiiiiiiiiiiiiiiiiiiiiiiiiiiiiiiiiiiiiiiii3383755 awardDistance:["1580366"]
rollTimeSum:iiiiiiiiiiiiiiiiiiiiiiiiiiiiiiiiiiiiiiiiiiiiiiiiiiiiiiiiiiiiiiiiiiiiiiiiiiiiiiiiiiiiiiiiiiiii9289746 awardDistance:["5378422"]
rollTimeSum:iiiiiiiiiiiiiiiiiiiiiiiiiiiiiiiiiiiiiiiiiiiiiiiiiiiiiiiiiiiiiiiiiiiiiiiiiiiiiiiiiiiiiiiiiiiii9483565 awardDistance:["176598"]
rollTimeSum:iiiiiiiiiiiiiiiiiiiiiiiiiiiiiiiiiiiiiiiiiiiiiiiiiiiiiiiiiiiiiiiiiiiiiiiiiiiiiiiiiiiiiiiiiiiii9665283 awardDistance:["165608"]
rollTimeSum:iiiiiiiiiiiiiiiiiiiiiiiiiiiiiiiiiiiiiiiiiiiiiiiiiiiiiiiiiiiiiiiiiiiiiiiiiiiiiiiiiiiiiiiiiiiiii2075984 awardDistance:["2194858"]
rollTimeSum:iiiiiiiiiiiiiiiiiiiiiiiiiiiiiiiiiiiiiiiiiiiiiiiiiiiiiiiiiiiiiiiiiiiiiiiiiiiiiiiiiiiiiiiiiiiiii2538680 awardDistance:["421305"]
rollTimeSum:iiiiiiiiiiiiiiiiiiiiiiiiiiiiiiiiiiiiiiiiiiiiiiiiiiiiiiiiiiiiiiiiiiiiiiiiiiiiiiiiiiiiiiiiiiiiii5739018 awardDistance:["2913714"]
rollTimeSum:iiiiiiiiiiiiiiiiiiiiiiiiiiiiiiiiiiiiiiiiiiiiiiiiiiiiiiiiiiiiiiiiiiiiiiiiiiiiiiiiiiiiiiiiiiiiii7002658 awardDistance:["1150463"]
rollTimeSum:iiiiiiiiiiiiiiiiiiiiiiiiiiiiiiiiiiiiiiiiiiiiiiiiiiiiiiiiiiiiiiiiiiiiiiiiiiiiiiiiiiiiiiiiiiiiii7474649 awardDistance:["430063"]
rollTimeSum:iiiiiiiiiiiiiiiiiiiiiiiiiiiiiiiiiiiiiiiiiiiiiiiiiiiiiiiiiiiiiiiiiiiiiiiiiiiiiiiiiiiiiiiiiiiiii7943478 awardDistance:["427023"]
rollTimeSum:iiiiiiiiiiiiiiiiiiiiiiiiiiiiiiiiiiiiiiiiiiiiiiiiiiiiiiiiiiiiiiiiiiiiiiiiiiiiiiiiiiiiiiiiiiiiii8191137 awardDistance:["225373"]
rollTimeSum:iiiiiiiiiiiiiiiiiiiiiiiiiiiiiiiiiiiiiiiiiiiiiiiiiiiiiiiiiiiiiiiiiiiiiiiiiiiiiiiiiiiiiiiiiiiiiii213452 awardDistance:["1841544"]
rollTimeSum:iiiiiiiiiiiiiiiiiiiiiiiiiiiiiiiiiiiiiiiiiiiiiiiiiiiiiiiiiiiiiiiiiiiiiiiiiiiiiiiiiiiiiiiiiiiiiii4659443 awardDistance:["4048696"]
rollTimeSum:iiiiiiiiiiiiiiiiiiiiiiiiiiiiiiiiiiiiiiiiiiiiiiiiiiiiiiiiiiiiiiiiiiiiiiiiiiiiiiiiiiiiiiiiiiiiiii4710124 awardDistance:["46135"]
rollTimeSum:iiiiiiiiiiiiiiiiiiiiiiiiiiiiiiiiiiiiiiiiiiiiiiiiiiiiiiiiiiiiiiiiiiiiiiiiiiiiiiiiiiiiiiiiiiiiiii5832138 awardDistance:["1021716"]
rollTimeSum:iiiiiiiiiiiiiiiiiiiiiiiiiiiiiiiiiiiiiiiiiiiiiiiiiiiiiiiiiiiiiiiiiiiiiiiiiiiiiiiiiiiiiiiiiiiiiii6609697 awardDistance:["708026"]
rollTimeSum:iiiiiiiiiiiiiiiiiiiiiiiiiiiiiiiiiiiiiiiiiiiiiiiiiiiiiiiiiiiiiiiiiiiiiiiiiiiiiiiiiiiiiiiiiiiiiii8274372 awardDistance:["1516077"]
rollTimeSum:iiiiiiiiiiiiiiiiiiiiiiiiiiiiiiiiiiiiiiiiiiiiiiiiiiiiiiiiiiiiiiiiiiiiiiiiiiiiiiiiiiiiiiiiiiiiiii8487177 awardDistance:["193776"]
rollTimeSum:iiiiiiiiiiiiiiiiiiiiiiiiiiiiiiiiiiiiiiiiiiiiiiiiiiiiiiiiiiiiiiiiiiiiiiiiiiiiiiiiiiiiiiiiiiiiiii8802118 awardDistance:["286737"]
rollTimeSum:iiiiiiiiiiiiiiiiiiiiiiiiiiiiiiiiiiiiiiiiiiiiiiiiiiiiiiiiiiiiiiiiiiiiiiiiiiiiiiiiiiiiiiiiiiiiiii9300264 awardDistance:["453600"]
rollTimeSum:iiiiiiiiiiiiiiiiiiiiiiiiiiiiiiiiiiiiiiiiiiiiiiiiiiiiiiiiiiiiiiiiiiiiiiiiiiiiiiiiiiiiiiiiiiiiiiii135435 awardDistance:["760258"]
rollTimeSum:iiiiiiiiiiiiiiiiiiiiiiiiiiiiiiiiiiiiiiiiiiiiiiiiiiiiiiiiiiiiiiiiiiiiiiiiiiiiiiiiiiiiiiiiiiiiiiii331858 awardDistance:["178967"]
rollTimeSum:iiiiiiiiiiiiiiiiiiiiiiiiiiiiiiiiiiiiiiiiiiiiiiiiiiiiiiiiiiiiiiiiiiiiiiiiiiiiiiiiiiiiiiiiiiiiiiii717462 awardDistance:["351210"]
rollTimeSum:iiiiiiiiiiiiiiiiiiiiiiiiiiiiiiiiiiiiiiiiiiiiiiiiiiiiiiiiiiiiiiiiiiiiiiiiiiiiiiiiiiiiiiiiiiiiiiii2460135 awardDistance:["1587141"]
rollTimeSum:iiiiiiiiiiiiiiiiiiiiiiiiiiiiiiiiiiiiiiiiiiiiiiiiiiiiiiiiiiiiiiiiiiiiiiiiiiiiiiiiiiiiiiiiiiiiiiii2486548 awardDistance:["23982"]
rollTimeSum:iiiiiiiiiiiiiiiiiiiiiiiiiiiiiiiiiiiiiiiiiiiiiiiiiiiiiiiiiiiiiiiiiiiiiiiiiiiiiiiiiiiiiiiiiiiiiiii6794650 awardDistance:["3922818"]
rollTimeSum:iiiiiiiiiiiiiiiiiiiiiiiiiiiiiiiiiiiiiiiiiiiiiiiiiiiiiiiiiiiiiiiiiiiiiiiiiiiiiiiiiiiiiiiiiiiiiiii7309330 awardDistance:["468592"]
rollTimeSum:iiiiiiiiiiiiiiiiiiiiiiiiiiiiiiiiiiiiiiiiiiiiiiiiiiiiiiiiiiiiiiiiiiiiiiiiiiiiiiiiiiiiiiiiiiiiiiii9036416 awardDistance:["1573032"]
rollTimeSum:iiiiiiiiiiiiiiiiiiiiiiiiiiiiiiiiiiiiiiiiiiiiiiiiiiiiiiiiiiiiiiiiiiiiiiiiiiiiiiiiiiiiiiiiiiiiiiii9499561 awardDistance:["421710"]
rollTimeSum:iiiiiiiiiiiiiiiiiiiiiiiiiiiiiiiiiiiiiiiiiiiiiiiiiiiiiiiiiiiiiiiiiiiiiiiiiiiiiiiiiiiiiiiiiiiiiiiii254321 awardDistance:["687140"]
rollTimeSum:iiiiiiiiiiiiiiiiiiiiiiiiiiiiiiiiiiiiiiiiiiiiiiiiiiiiiiiiiiiiiiiiiiiiiiiiiiiiiiiiiiiiiiiiiiiiiiiii285109 awardDistance:["28034"]
rollTimeSum:iiiiiiiiiiiiiiiiiiiiiiiiiiiiiiiiiiiiiiiiiiiiiiiiiiiiiiiiiiiiiiiiiiiiiiiiiiiiiiiiiiiiiiiiiiiiiiiii1568882 awardDistance:["1168513"]
rollTimeSum:iiiiiiiiiiiiiiiiiiiiiiiiiiiiiiiiiiiiiiiiiiiiiiiiiiiiiiiiiiiiiiiiiiiiiiiiiiiiiiiiiiiiiiiiiiiiiiiii1856541 awardDistance:["261887"]
rollTimeSum:iiiiiiiiiiiiiiiiiiiiiiiiiiiiiiiiiiiiiiiiiiiiiiiiiiiiiiiiiiiiiiiiiiiiiiiiiiiiiiiiiiiiiiiiiiiiiiiii4833329 awardDistance:["2710198"]
rollTimeSum:iiiiiiiiiiiiiiiiiiiiiiiiiiiiiiiiiiiiiiiiiiiiiiiiiiiiiiiiiiiiiiiiiiiiiiiiiiiiiiiiiiiiiiiiiiiiiiiii5792282 awardDistance:["873217"]
rollTimeSum:iiiiiiiiiiiiiiiiiiiiiiiiiiiiiiiiiiiiiiiiiiiiiiiiiiiiiiiiiiiiiiiiiiiiiiiiiiiiiiiiiiiiiiiiiiiiiiiii6085038 awardDistance:["266749"]
rollTimeSum:iiiiiiiiiiiiiiiiiiiiiiiiiiiiiiiiiiiiiiiiiiiiiiiiiiiiiiiiiiiiiiiiiiiiiiiiiiiiiiiiiiiiiiiiiiiiiiiii8236705 awardDistance:["1958701"]
rollTimeSum:iiiiiiiiiiiiiiiiiiiiiiiiiiiiiiiiiiiiiiiiiiiiiiiiiiiiiiiiiiiiiiiiiiiiiiiiiiiiiiiiiiiiiiiiiiiiiiiii8744577 awardDistance:["462564"]
rollTimeSum:iiiiiiiiiiiiiiiiiiiiiiiiiiiiiiiiiiiiiiiiiiiiiiiiiiiiiiiiiiiiiiiiiiiiiiiiiiiiiiiiiiiiiiiiiiiiiiiii9085678 awardDistance:["310496"]
rollTimeSum:iiiiiiiiiiiiiiiiiiiiiiiiiiiiiiiiiiiiiiiiiiiiiiiiiiiiiiiiiiiiiiiiiiiiiiiiiiiiiiiiiiiiiiiiiiiiiiiiii553296 awardDistance:["1336485"]
rollTimeSum:iiiiiiiiiiiiiiiiiiiiiiiiiiiiiiiiiiiiiiiiiiiiiiiiiiiiiiiiiiiiiiiiiiiiiiiiiiiiiiiiiiiiiiiiiiiiiiiiii760756 awardDistance:["188852"]
rollTimeSum:iiiiiiiiiiiiiiiiiiiiiiiiiiiiiiiiiiiiiiiiiiiiiiiiiiiiiiiiiiiiiiiiiiiiiiiiiiiiiiiiiiiiiiiiiiiiiiiiii1998081 awardDistance:["1126474"]
rollTimeSum:iiiiiiiiiiiiiiiiiiiiiiiiiiiiiiiiiiiiiiiiiiiiiiiiiiiiiiiiiiiiiiiiiiiiiiiiiiiiiiiiiiiiiiiiiiiiiiiiii2109393 awardDistance:["101413"]
rollTimeSum:iiiiiiiiiiiiiiiiiiiiiiiiiiiiiiiiiiiiiiiiiiiiiiiiiiiiiiiiiiiiiiiiiiiiiiiiiiiiiiiiiiiiiiiiiiiiiiiiii3596811 awardDistance:["1354132"]
rollTimeSum:iiiiiiiiiiiiiiiiiiiiiiiiiiiiiiiiiiiiiiiiiiiiiiiiiiiiiiiiiiiiiiiiiiiiiiiiiiiiiiiiiiiiiiiiiiiiiiiiii4245394 awardDistance:["590671"]
rollTimeSum:iiiiiiiiiiiiiiiiiiiiiiiiiiiiiiiiiiiiiiiiiiiiiiiiiiiiiiiiiiiiiiiiiiiiiiiiiiiiiiiiiiiiiiiiiiiiiiiiii5404608 awardDistance:["1055640"]
rollTimeSum:iiiiiiiiiiiiiiiiiiiiiiiiiiiiiiiiiiiiiiiiiiiiiiiiiiiiiiiiiiiiiiiiiiiiiiiiiiiiiiiiiiiiiiiiiiiiiiiiii5822959 awardDistance:["381051"]
rollTimeSum:iiiiiiiiiiiiiiiiiiiiiiiiiiiiiiiiiiiiiiiiiiiiiiiiiiiiiiiiiiiiiiiiiiiiiiiiiiiiiiiiiiiiiiiiiiiiiiiiii6521192 awardDistance:["635425"]
rollTimeSum:iiiiiiiiiiiiiiiiiiiiiiiiiiiiiiiiiiiiiiiiiiiiiiiiiiiiiiiiiiiiiiiiiiiiiiiiiiiiiiiiiiiiiiiiiiiiiiiiii9031452 awardDistance:["2285243"]
rollTimeSum:iiiiiiiiiiiiiiiiiiiiiiiiiiiiiiiiiiiiiiiiiiiiiiiiiiiiiiiiiiiiiiiiiiiiiiiiiiiiiiiiiiiiiiiiiiiiiiiiii9346939 awardDistance:["287450"]
rollTimeSum:iiiiiiiiiiiiiiiiiiiiiiiiiiiiiiiiiiiiiiiiiiiiiiiiiiiiiiiiiiiiiiiiiiiiiiiiiiiiiiiiiiiiiiiiiiiiiiiiiii26431 awardDistance:["618942"]
rollTimeSum:iiiiiiiiiiiiiiiiiiiiiiiiiiiiiiiiiiiiiiiiiiiiiiiiiiiiiiiiiiiiiiiiiiiiiiiiiiiiiiiiiiiiiiiiiiiiiiiiiii45625 awardDistance:["17470"]
rollTimeSum:iiiiiiiiiiiiiiiiiiiiiiiiiiiiiiiiiiiiiiiiiiiiiiiiiiiiiiiiiiiiiiiiiiiiiiiiiiiiiiiiiiiiiiiiiiiiiiiiiii255865 awardDistance:["191565"]
rollTimeSum:iiiiiiiiiiiiiiiiiiiiiiiiiiiiiiiiiiiiiiiiiiiiiiiiiiiiiiiiiiiiiiiiiiiiiiiiiiiiiiiiiiiiiiiiiiiiiiiiiii796550 awardDistance:["492228"]
rollTimeSum:iiiiiiiiiiiiiiiiiiiiiiiiiiiiiiiiiiiiiiiiiiiiiiiiiiiiiiiiiiiiiiiiiiiiiiiiiiiiiiiiiiiiiiiiiiiiiiiiiii2221975 awardDistance:["1297937"]
rollTimeSum:iiiiiiiiiiiiiiiiiiiiiiiiiiiiiiiiiiiiiiiiiiiiiiiiiiiiiiiiiiiiiiiiiiiiiiiiiiiiiiiiiiiiiiiiiiiiiiiiiii2964371 awardDistance:["675465"]
rollTimeSum:iiiiiiiiiiiiiiiiiiiiiiiiiiiiiiiiiiiiiiiiiiiiiiiiiiiiiiiiiiiiiiiiiiiiiiiiiiiiiiiiiiiiiiiiiiiiiiiiiii5721829 awardDistance:["2511732"]
rollTimeSum:iiiiiiiiiiiiiiiiiiiiiiiiiiiiiiiiiiiiiiiiiiiiiiiiiiiiiiiiiiiiiiiiiiiiiiiiiiiiiiiiiiiiiiiiiiiiiiiiiii6332133 awardDistance:["555346"]
rollTimeSum:iiiiiiiiiiiiiiiiiiiiiiiiiiiiiiiiiiiiiiiiiiiiiiiiiiiiiiiiiiiiiiiiiiiiiiiiiiiiiiiiiiiiiiiiiiiiiiiiiii6488161 awardDistance:["142042"]
rollTimeSum:iiiiiiiiiiiiiiiiiiiiiiiiiiiiiiiiiiiiiiiiiiiiiiiiiiiiiiiiiiiiiiiiiiiiiiiiiiiiiiiiiiiiiiiiiiiiiiiiiii6785738 awardDistance:["270937"]
rollTimeSum:iiiiiiiiiiiiiiiiiiiiiiiiiiiiiiiiiiiiiiiiiiiiiiiiiiiiiiiiiiiiiiiiiiiiiiiiiiiiiiiiiiiiiiiiiiiiiiiiiii8082475 awardDistance:["1180654"]
rollTimeSum:iiiiiiiiiiiiiiiiiiiiiiiiiiiiiiiiiiiiiiiiiiiiiiiiiiiiiiiiiiiiiiiiiiiiiiiiiiiiiiiiiiiiiiiiiiiiiiiiiii8847488 awardDistance:["696976"]
rollTimeSum:iiiiiiiiiiiiiiiiiiiiiiiiiiiiiiiiiiiiiiiiiiiiiiiiiiiiiiiiiiiiiiiiiiiiiiiiiiiiiiiiiiiiiiiiiiiiiiiiiii9440803 awardDistance:["539952"]
rollTimeSum:iiiiiiiiiiiiiiiiiiiiiiiiiiiiiiiiiiiiiiiiiiiiiiiiiiiiiiiiiiiiiiiiiiiiiiiiiiiiiiiiiiiiiiiiiiiiiiiiiiii891243 awardDistance:["1320511"]
rollTimeSum:iiiiiiiiiiiiiiiiiiiiiiiiiiiiiiiiiiiiiiiiiiiiiiiiiiiiiiiiiiiiiiiiiiiiiiiiiiiiiiiiiiiiiiiiiiiiiiiiiiii2492071 awardDistance:["1458029"]
rollTimeSum:iiiiiiiiiiiiiiiiiiiiiiiiiiiiiiiiiiiiiiiiiiiiiiiiiiiiiiiiiiiiiiiiiiiiiiiiiiiiiiiiiiiiiiiiiiiiiiiiiiii4244277 awardDistance:["1595452"]
rollTimeSum:iiiiiiiiiiiiiiiiiiiiiiiiiiiiiiiiiiiiiiiiiiiiiiiiiiiiiiiiiiiiiiiiiiiiiiiiiiiiiiiiiiiiiiiiiiiiiiiiiiii4441811 awardDistance:["180083"]
rollTimeSum:iiiiiiiiiiiiiiiiiiiiiiiiiiiiiiiiiiiiiiiiiiiiiiiiiiiiiiiiiiiiiiiiiiiiiiiiiiiiiiiiiiiiiiiiiiiiiiiiiiii5001645 awardDistance:["509652"]
rollTimeSum:iiiiiiiiiiiiiiiiiiiiiiiiiiiiiiiiiiiiiiiiiiiiiiiiiiiiiiiiiiiiiiiiiiiiiiiiiiiiiiiiiiiiiiiiiiiiiiiiiiii5728156 awardDistance:["661390"]
rollTimeSum:iiiiiiiiiiiiiiiiiiiiiiiiiiiiiiiiiiiiiiiiiiiiiiiiiiiiiiiiiiiiiiiiiiiiiiiiiiiiiiiiiiiiiiiiiiiiiiiiiiii6340147 awardDistance:["557357"]
rollTimeSum:iiiiiiiiiiiiiiiiiiiiiiiiiiiiiiiiiiiiiiiiiiiiiiiiiiiiiiiiiiiiiiiiiiiiiiiiiiiiiiiiiiiiiiiiiiiiiiiiiiii7072427 awardDistance:["666751"]
rollTimeSum:iiiiiiiiiiiiiiiiiiiiiiiiiiiiiiiiiiiiiiiiiiiiiiiiiiiiiiiiiiiiiiiiiiiiiiiiiiiiiiiiiiiiiiiiiiiiiiiiiiii8869299 awardDistance:["1636032"]
rollTimeSum:iiiiiiiiiiiiiiiiiiiiiiiiiiiiiiiiiiiiiiiiiiiiiiiiiiiiiiiiiiiiiiiiiiiiiiiiiiiiiiiiiiiiiiiiiiiiiiiiiiii9573834 awardDistance:["641691"]
rollTimeSum:iiiiiiiiiiiiiiiiiiiiiiiiiiiiiiiiiiiiiiiiiiiiiiiiiiiiiiiiiiiiiiiiiiiiiiiiiiiiiiiiiiiiiiiiiiiiiiiiiiii9887074 awardDistance:["285163"]
rollTimeSum:iiiiiiiiiiiiiiiiiiiiiiiiiiiiiiiiiiiiiiiiiiiiiiiiiiiiiiiiiiiiiiiiiiiiiiiiiiiiiiiiiiiiiiiiiiiiiiiiiiiii7902763 awardDistance:["7300226"]
rollTimeSum:iiiiiiiiiiiiiiiiiiiiiiiiiiiiiiiiiiiiiiiiiiiiiiiiiiiiiiiiiiiiiiiiiiiiiiiiiiiiiiiiiiiiiiiiiiiiiiiiiiiii8084603 awardDistance:["165720"]
rollTimeSum:iiiiiiiiiiiiiiiiiiiiiiiiiiiiiiiiiiiiiiiiiiiiiiiiiiiiiiiiiiiiiiiiiiiiiiiiiiiiiiiiiiiiiiiiiiiiiiiiiiiii8409491 awardDistance:["295960"]
rollTimeSum:iiiiiiiiiiiiiiiiiiiiiiiiiiiiiiiiiiiiiiiiiiiiiiiiiiiiiiiiiiiiiiiiiiiiiiiiiiiiiiiiiiiiiiiiiiiiiiiiiiiiii2116537 awardDistance:["3375080"]
rollTimeSum:iiiiiiiiiiiiiiiiiiiiiiiiiiiiiiiiiiiiiiiiiiiiiiiiiiiiiiiiiiiiiiiiiiiiiiiiiiiiiiiiiiiiiiiiiiiiiiiiiiiiii2631307 awardDistance:["468461"]
rollTimeSum:iiiiiiiiiiiiiiiiiiiiiiiiiiiiiiiiiiiiiiiiiiiiiiiiiiiiiiiiiiiiiiiiiiiiiiiiiiiiiiiiiiiiiiiiiiiiiiiiiiiiii3815350 awardDistance:["1078467"]
rollTimeSum:iiiiiiiiiiiiiiiiiiiiiiiiiiiiiiiiiiiiiiiiiiiiiiiiiiiiiiiiiiiiiiiiiiiiiiiiiiiiiiiiiiiiiiiiiiiiiiiiiiiiii5550635 awardDistance:["1580366"]
rollTimeSum:iiiiiiiiiiiiiiiiiiiiiiiiiiiiiiiiiiiiiiiiiiiiiiiiiiiiiiiiiiiiiiiiiiiiiiiiiiiiiiiiiiiiiiiiiiiiiiiiiiiiiii1456626 awardDistance:["5378422"]
rollTimeSum:iiiiiiiiiiiiiiiiiiiiiiiiiiiiiiiiiiiiiiiiiiiiiiiiiiiiiiiiiiiiiiiiiiiiiiiiiiiiiiiiiiiiiiiiiiiiiiiiiiiiiii1650445 awardDistance:["176598"]
rollTimeSum:iiiiiiiiiiiiiiiiiiiiiiiiiiiiiiiiiiiiiiiiiiiiiiiiiiiiiiiiiiiiiiiiiiiiiiiiiiiiiiiiiiiiiiiiiiiiiiiiiiiiiii1832163 awardDistance:["165608"]
rollTimeSum:iiiiiiiiiiiiiiiiiiiiiiiiiiiiiiiiiiiiiiiiiiiiiiiiiiiiiiiiiiiiiiiiiiiiiiiiiiiiiiiiiiiiiiiiiiiiiiiiiiiiiii4242864 awardDistance:["2194858"]
rollTimeSum:iiiiiiiiiiiiiiiiiiiiiiiiiiiiiiiiiiiiiiiiiiiiiiiiiiiiiiiiiiiiiiiiiiiiiiiiiiiiiiiiiiiiiiiiiiiiiiiiiiiiiii4705560 awardDistance:["421305"]
rollTimeSum:iiiiiiiiiiiiiiiiiiiiiiiiiiiiiiiiiiiiiiiiiiiiiiiiiiiiiiiiiiiiiiiiiiiiiiiiiiiiiiiiiiiiiiiiiiiiiiiiiiiiiii7905898 awardDistance:["2913714"]
rollTimeSum:iiiiiiiiiiiiiiiiiiiiiiiiiiiiiiiiiiiiiiiiiiiiiiiiiiiiiiiiiiiiiiiiiiiiiiiiiiiiiiiiiiiiiiiiiiiiiiiiiiiiiii9169538 awardDistance:["1150463"]
rollTimeSum:iiiiiiiiiiiiiiiiiiiiiiiiiiiiiiiiiiiiiiiiiiiiiiiiiiiiiiiiiiiiiiiiiiiiiiiiiiiiiiiiiiiiiiiiiiiiiiiiiiiiiii9641529 awardDistance:["430063"]
rollTimeSum:iiiiiiiiiiiiiiiiiiiiiiiiiiiiiiiiiiiiiiiiiiiiiiiiiiiiiiiiiiiiiiiiiiiiiiiiiiiiiiiiiiiiiiiiiiiiiiiiiiiiiiii110358 awardDistance:["427023"]
rollTimeSum:iiiiiiiiiiiiiiiiiiiiiiiiiiiiiiiiiiiiiiiiiiiiiiiiiiiiiiiiiiiiiiiiiiiiiiiiiiiiiiiiiiiiiiiiiiiiiiiiiiiiiiii358017 awardDistance:["225373"]
rollTimeSum:iiiiiiiiiiiiiiiiiiiiiiiiiiiiiiiiiiiiiiiiiiiiiiiiiiiiiiiiiiiiiiiiiiiiiiiiiiiiiiiiiiiiiiiiiiiiiiiiiiiiiiii2380332 awardDistance:["1841544"]
rollTimeSum:iiiiiiiiiiiiiiiiiiiiiiiiiiiiiiiiiiiiiiiiiiiiiiiiiiiiiiiiiiiiiiiiiiiiiiiiiiiiiiiiiiiiiiiiiiiiiiiiiiiiiiii6826323 awardDistance:["4048696"]
rollTimeSum:iiiiiiiiiiiiiiiiiiiiiiiiiiiiiiiiiiiiiiiiiiiiiiiiiiiiiiiiiiiiiiiiiiiiiiiiiiiiiiiiiiiiiiiiiiiiiiiiiiiiiiii6877004 awardDistance:["46135"]
rollTimeSum:iiiiiiiiiiiiiiiiiiiiiiiiiiiiiiiiiiiiiiiiiiiiiiiiiiiiiiiiiiiiiiiiiiiiiiiiiiiiiiiiiiiiiiiiiiiiiiiiiiiiiiii7999018 awardDistance:["1021716"]
rollTimeSum:iiiiiiiiiiiiiiiiiiiiiiiiiiiiiiiiiiiiiiiiiiiiiiiiiiiiiiiiiiiiiiiiiiiiiiiiiiiiiiiiiiiiiiiiiiiiiiiiiiiiiiii8776577 awardDistance:["708026"]
rollTimeSum:iiiiiiiiiiiiiiiiiiiiiiiiiiiiiiiiiiiiiiiiiiiiiiiiiiiiiiiiiiiiiiiiiiiiiiiiiiiiiiiiiiiiiiiiiiiiiiiiiiiiiiiii441252 awardDistance:["1516077"]
rollTimeSum:iiiiiiiiiiiiiiiiiiiiiiiiiiiiiiiiiiiiiiiiiiiiiiiiiiiiiiiiiiiiiiiiiiiiiiiiiiiiiiiiiiiiiiiiiiiiiiiiiiiiiiiii654057 awardDistance:["193776"]
rollTimeSum:iiiiiiiiiiiiiiiiiiiiiiiiiiiiiiiiiiiiiiiiiiiiiiiiiiiiiiiiiiiiiiiiiiiiiiiiiiiiiiiiiiiiiiiiiiiiiiiiiiiiiiiii968998 awardDistance:["286737"]
rollTimeSum:iiiiiiiiiiiiiiiiiiiiiiiiiiiiiiiiiiiiiiiiiiiiiiiiiiiiiiiiiiiiiiiiiiiiiiiiiiiiiiiiiiiiiiiiiiiiiiiiiiiiiiiii1467144 awardDistance:["453600"]
rollTimeSum:iiiiiiiiiiiiiiiiiiiiiiiiiiiiiiiiiiiiiiiiiiiiiiiiiiiiiiiiiiiiiiiiiiiiiiiiiiiiiiiiiiiiiiiiiiiiiiiiiiiiiiiii2302315 awardDistance:["760258"]
rollTimeSum:iiiiiiiiiiiiiiiiiiiiiiiiiiiiiiiiiiiiiiiiiiiiiiiiiiiiiiiiiiiiiiiiiiiiiiiiiiiiiiiiiiiiiiiiiiiiiiiiiiiiiiiii2498738 awardDistance:["178967"]
rollTimeSum:iiiiiiiiiiiiiiiiiiiiiiiiiiiiiiiiiiiiiiiiiiiiiiiiiiiiiiiiiiiiiiiiiiiiiiiiiiiiiiiiiiiiiiiiiiiiiiiiiiiiiiiii2884342 awardDistance:["351210"]
rollTimeSum:iiiiiiiiiiiiiiiiiiiiiiiiiiiiiiiiiiiiiiiiiiiiiiiiiiiiiiiiiiiiiiiiiiiiiiiiiiiiiiiiiiiiiiiiiiiiiiiiiiiiiiiii4627015 awardDistance:["1587141"]
rollTimeSum:iiiiiiiiiiiiiiiiiiiiiiiiiiiiiiiiiiiiiiiiiiiiiiiiiiiiiiiiiiiiiiiiiiiiiiiiiiiiiiiiiiiiiiiiiiiiiiiiiiiiiiiii4653428 awardDistance:["23982"]
rollTimeSum:iiiiiiiiiiiiiiiiiiiiiiiiiiiiiiiiiiiiiiiiiiiiiiiiiiiiiiiiiiiiiiiiiiiiiiiiiiiiiiiiiiiiiiiiiiiiiiiiiiiiiiiii8961530 awardDistance:["3922818"]
rollTimeSum:iiiiiiiiiiiiiiiiiiiiiiiiiiiiiiiiiiiiiiiiiiiiiiiiiiiiiiiiiiiiiiiiiiiiiiiiiiiiiiiiiiiiiiiiiiiiiiiiiiiiiiiii9476210 awardDistance:["468592"]
rollTimeSum:iiiiiiiiiiiiiiiiiiiiiiiiiiiiiiiiiiiiiiiiiiiiiiiiiiiiiiiiiiiiiiiiiiiiiiiiiiiiiiiiiiiiiiiiiiiiiiiiiiiiiiiiii1203296 awardDistance:["1573032"]
rollTimeSum:iiiiiiiiiiiiiiiiiiiiiiiiiiiiiiiiiiiiiiiiiiiiiiiiiiiiiiiiiiiiiiiiiiiiiiiiiiiiiiiiiiiiiiiiiiiiiiiiiiiiiiiiii1666441 awardDistance:["421710"]
rollTimeSum:iiiiiiiiiiiiiiiiiiiiiiiiiiiiiiiiiiiiiiiiiiiiiiiiiiiiiiiiiiiiiiiiiiiiiiiiiiiiiiiiiiiiiiiiiiiiiiiiiiiiiiiiii2421201 awardDistance:["687140"]
rollTimeSum:iiiiiiiiiiiiiiiiiiiiiiiiiiiiiiiiiiiiiiiiiiiiiiiiiiiiiiiiiiiiiiiiiiiiiiiiiiiiiiiiiiiiiiiiiiiiiiiiiiiiiiiiii2451989 awardDistance:["28034"]
rollTimeSum:iiiiiiiiiiiiiiiiiiiiiiiiiiiiiiiiiiiiiiiiiiiiiiiiiiiiiiiiiiiiiiiiiiiiiiiiiiiiiiiiiiiiiiiiiiiiiiiiiiiiiiiiii3735762 awardDistance:["1168513"]
rollTimeSum:iiiiiiiiiiiiiiiiiiiiiiiiiiiiiiiiiiiiiiiiiiiiiiiiiiiiiiiiiiiiiiiiiiiiiiiiiiiiiiiiiiiiiiiiiiiiiiiiiiiiiiiiii4023421 awardDistance:["261887"]
rollTimeSum:iiiiiiiiiiiiiiiiiiiiiiiiiiiiiiiiiiiiiiiiiiiiiiiiiiiiiiiiiiiiiiiiiiiiiiiiiiiiiiiiiiiiiiiiiiiiiiiiiiiiiiiiii7000209 awardDistance:["2710198"]
rollTimeSum:iiiiiiiiiiiiiiiiiiiiiiiiiiiiiiiiiiiiiiiiiiiiiiiiiiiiiiiiiiiiiiiiiiiiiiiiiiiiiiiiiiiiiiiiiiiiiiiiiiiiiiiiii7959162 awardDistance:["873217"]
rollTimeSum:iiiiiiiiiiiiiiiiiiiiiiiiiiiiiiiiiiiiiiiiiiiiiiiiiiiiiiiiiiiiiiiiiiiiiiiiiiiiiiiiiiiiiiiiiiiiiiiiiiiiiiiiii8251918 awardDistance:["266749"]
rollTimeSum:iiiiiiiiiiiiiiiiiiiiiiiiiiiiiiiiiiiiiiiiiiiiiiiiiiiiiiiiiiiiiiiiiiiiiiiiiiiiiiiiiiiiiiiiiiiiiiiiiiiiiiiiiii403585 awardDistance:["1958701"]
rollTimeSum:iiiiiiiiiiiiiiiiiiiiiiiiiiiiiiiiiiiiiiiiiiiiiiiiiiiiiiiiiiiiiiiiiiiiiiiiiiiiiiiiiiiiiiiiiiiiiiiiiiiiiiiiiii911457 awardDistance:["462564"]
rollTimeSum:iiiiiiiiiiiiiiiiiiiiiiiiiiiiiiiiiiiiiiiiiiiiiiiiiiiiiiiiiiiiiiiiiiiiiiiiiiiiiiiiiiiiiiiiiiiiiiiiiiiiiiiiiii1252558 awardDistance:["310496"]
rollTimeSum:iiiiiiiiiiiiiiiiiiiiiiiiiiiiiiiiiiiiiiiiiiiiiiiiiiiiiiiiiiiiiiiiiiiiiiiiiiiiiiiiiiiiiiiiiiiiiiiiiiiiiiiiiii2720176 awardDistance:["1336485"]
rollTimeSum:iiiiiiiiiiiiiiiiiiiiiiiiiiiiiiiiiiiiiiiiiiiiiiiiiiiiiiiiiiiiiiiiiiiiiiiiiiiiiiiiiiiiiiiiiiiiiiiiiiiiiiiiiii2927636 awardDistance:["188852"]
rollTimeSum:iiiiiiiiiiiiiiiiiiiiiiiiiiiiiiiiiiiiiiiiiiiiiiiiiiiiiiiiiiiiiiiiiiiiiiiiiiiiiiiiiiiiiiiiiiiiiiiiiiiiiiiiiii4164961 awardDistance:["1126474"]
rollTimeSum:iiiiiiiiiiiiiiiiiiiiiiiiiiiiiiiiiiiiiiiiiiiiiiiiiiiiiiiiiiiiiiiiiiiiiiiiiiiiiiiiiiiiiiiiiiiiiiiiiiiiiiiiiii4276273 awardDistance:["101413"]
rollTimeSum:iiiiiiiiiiiiiiiiiiiiiiiiiiiiiiiiiiiiiiiiiiiiiiiiiiiiiiiiiiiiiiiiiiiiiiiiiiiiiiiiiiiiiiiiiiiiiiiiiiiiiiiiiii5763691 awardDistance:["1354132"]
rollTimeSum:iiiiiiiiiiiiiiiiiiiiiiiiiiiiiiiiiiiiiiiiiiiiiiiiiiiiiiiiiiiiiiiiiiiiiiiiiiiiiiiiiiiiiiiiiiiiiiiiiiiiiiiiiii6412274 awardDistance:["590671"]
rollTimeSum:iiiiiiiiiiiiiiiiiiiiiiiiiiiiiiiiiiiiiiiiiiiiiiiiiiiiiiiiiiiiiiiiiiiiiiiiiiiiiiiiiiiiiiiiiiiiiiiiiiiiiiiiiii7571488 awardDistance:["1055640"]
rollTimeSum:iiiiiiiiiiiiiiiiiiiiiiiiiiiiiiiiiiiiiiiiiiiiiiiiiiiiiiiiiiiiiiiiiiiiiiiiiiiiiiiiiiiiiiiiiiiiiiiiiiiiiiiiiii7989839 awardDistance:["381051"]
rollTimeSum:iiiiiiiiiiiiiiiiiiiiiiiiiiiiiiiiiiiiiiiiiiiiiiiiiiiiiiiiiiiiiiiiiiiiiiiiiiiiiiiiiiiiiiiiiiiiiiiiiiiiiiiiiii8688072 awardDistance:["635425"]
rollTimeSum:iiiiiiiiiiiiiiiiiiiiiiiiiiiiiiiiiiiiiiiiiiiiiiiiiiiiiiiiiiiiiiiiiiiiiiiiiiiiiiiiiiiiiiiiiiiiiiiiiiiiiiiiiiii1198332 awardDistance:["2285243"]
rollTimeSum:iiiiiiiiiiiiiiiiiiiiiiiiiiiiiiiiiiiiiiiiiiiiiiiiiiiiiiiiiiiiiiiiiiiiiiiiiiiiiiiiiiiiiiiiiiiiiiiiiiiiiiiiiiii1513819 awardDistance:["287450"]
rollTimeSum:iiiiiiiiiiiiiiiiiiiiiiiiiiiiiiiiiiiiiiiiiiiiiiiiiiiiiiiiiiiiiiiiiiiiiiiiiiiiiiiiiiiiiiiiiiiiiiiiiiiiiiiiiiii2193311 awardDistance:["618942"]
rollTimeSum:iiiiiiiiiiiiiiiiiiiiiiiiiiiiiiiiiiiiiiiiiiiiiiiiiiiiiiiiiiiiiiiiiiiiiiiiiiiiiiiiiiiiiiiiiiiiiiiiiiiiiiiiiiii2212505 awardDistance:["17470"]
rollTimeSum:iiiiiiiiiiiiiiiiiiiiiiiiiiiiiiiiiiiiiiiiiiiiiiiiiiiiiiiiiiiiiiiiiiiiiiiiiiiiiiiiiiiiiiiiiiiiiiiiiiiiiiiiiiii2422745 awardDistance:["191565"]
rollTimeSum:iiiiiiiiiiiiiiiiiiiiiiiiiiiiiiiiiiiiiiiiiiiiiiiiiiiiiiiiiiiiiiiiiiiiiiiiiiiiiiiiiiiiiiiiiiiiiiiiiiiiiiiiiiii2963430 awardDistance:["492228"]
rollTimeSum:iiiiiiiiiiiiiiiiiiiiiiiiiiiiiiiiiiiiiiiiiiiiiiiiiiiiiiiiiiiiiiiiiiiiiiiiiiiiiiiiiiiiiiiiiiiiiiiiiiiiiiiiiiii4388855 awardDistance:["1297937"]
rollTimeSum:iiiiiiiiiiiiiiiiiiiiiiiiiiiiiiiiiiiiiiiiiiiiiiiiiiiiiiiiiiiiiiiiiiiiiiiiiiiiiiiiiiiiiiiiiiiiiiiiiiiiiiiiiiii5131251 awardDistance:["675465"]
rollTimeSum:iiiiiiiiiiiiiiiiiiiiiiiiiiiiiiiiiiiiiiiiiiiiiiiiiiiiiiiiiiiiiiiiiiiiiiiiiiiiiiiiiiiiiiiiiiiiiiiiiiiiiiiiiiii7888709 awardDistance:["2511732"]
rollTimeSum:iiiiiiiiiiiiiiiiiiiiiiiiiiiiiiiiiiiiiiiiiiiiiiiiiiiiiiiiiiiiiiiiiiiiiiiiiiiiiiiiiiiiiiiiiiiiiiiiiiiiiiiiiiii8499013 awardDistance:["555346"]
rollTimeSum:iiiiiiiiiiiiiiiiiiiiiiiiiiiiiiiiiiiiiiiiiiiiiiiiiiiiiiiiiiiiiiiiiiiiiiiiiiiiiiiiiiiiiiiiiiiiiiiiiiiiiiiiiiii8655041 awardDistance:["142042"]
rollTimeSum:iiiiiiiiiiiiiiiiiiiiiiiiiiiiiiiiiiiiiiiiiiiiiiiiiiiiiiiiiiiiiiiiiiiiiiiiiiiiiiiiiiiiiiiiiiiiiiiiiiiiiiiiiiii8952618 awardDistance:["270937"]
rollTimeSum:iiiiiiiiiiiiiiiiiiiiiiiiiiiiiiiiiiiiiiiiiiiiiiiiiiiiiiiiiiiiiiiiiiiiiiiiiiiiiiiiiiiiiiiiiiiiiiiiiiiiiiiiiiiii249355 awardDistance:["1180654"]
rollTimeSum:iiiiiiiiiiiiiiiiiiiiiiiiiiiiiiiiiiiiiiiiiiiiiiiiiiiiiiiiiiiiiiiiiiiiiiiiiiiiiiiiiiiiiiiiiiiiiiiiiiiiiiiiiiiii1014368 awardDistance:["696976"]
rollTimeSum:iiiiiiiiiiiiiiiiiiiiiiiiiiiiiiiiiiiiiiiiiiiiiiiiiiiiiiiiiiiiiiiiiiiiiiiiiiiiiiiiiiiiiiiiiiiiiiiiiiiiiiiiiiiii1607683 awardDistance:["539952"]
rollTimeSum:iiiiiiiiiiiiiiiiiiiiiiiiiiiiiiiiiiiiiiiiiiiiiiiiiiiiiiiiiiiiiiiiiiiiiiiiiiiiiiiiiiiiiiiiiiiiiiiiiiiiiiiiiiiii3058123 awardDistance:["1320511"]
rollTimeSum:iiiiiiiiiiiiiiiiiiiiiiiiiiiiiiiiiiiiiiiiiiiiiiiiiiiiiiiiiiiiiiiiiiiiiiiiiiiiiiiiiiiiiiiiiiiiiiiiiiiiiiiiiiiii4658951 awardDistance:["1458029"]
rollTimeSum:iiiiiiiiiiiiiiiiiiiiiiiiiiiiiiiiiiiiiiiiiiiiiiiiiiiiiiiiiiiiiiiiiiiiiiiiiiiiiiiiiiiiiiiiiiiiiiiiiiiiiiiiiiiii6411157 awardDistance:["1595452"]
rollTimeSum:iiiiiiiiiiiiiiiiiiiiiiiiiiiiiiiiiiiiiiiiiiiiiiiiiiiiiiiiiiiiiiiiiiiiiiiiiiiiiiiiiiiiiiiiiiiiiiiiiiiiiiiiiiiii6608691 awardDistance:["180083"]
rollTimeSum:iiiiiiiiiiiiiiiiiiiiiiiiiiiiiiiiiiiiiiiiiiiiiiiiiiiiiiiiiiiiiiiiiiiiiiiiiiiiiiiiiiiiiiiiiiiiiiiiiiiiiiiiiiiii7168525 awardDistance:["509652"]
rollTimeSum:iiiiiiiiiiiiiiiiiiiiiiiiiiiiiiiiiiiiiiiiiiiiiiiiiiiiiiiiiiiiiiiiiiiiiiiiiiiiiiiiiiiiiiiiiiiiiiiiiiiiiiiiiiiii7895036 awardDistance:["661390"]
