[34,35]:1000000 #[10,11]:999378
[32,33]:1000000 
[5,6,34,35]:7018 #[9,10]:1000000
[29,30]:1000000 
#[11,12]:1000000
[24,25,26]:65929 #[4,5]:1000000
#[5,6]:1000000
[33,34]:1000000 
[31,32]:1000000 #[4,5]:46899
[30,31]:1000000 
[34,35]:199894 #[3,4]:1000000
#[2,3]:1000000
[14,15,16]:56251 #[8,9]:1000000
#[6,7]:1000000
[32,33,34]:155692 #[7,8]:1000000
#[1,2]:1000000
[22,23]:1000000 
[28,29]:1000000 
[21,22]:1000000 
[1,2]:1000000 
[6,7]:1000000 
[18,19]:1000000 
[5,6]:1000000 #[10,11]:585697
[24,25]:1000000 
[19,20]:1000000 
[23,24]:1000000 
[13,14]:1000000 
[10,11]:1000000 
[2,3]:1000000 #[3,4]:409937
[9,10]:1000000 
[17,18]:1000000 
[7,8]:1000000 
[27,28]:1000000 
[25,26]:1000000 
[20,21]:1000000 
[14,15]:1000000 
[11,12]:1000000 
[12,13]:1000000 
[26,27]:1000000 #[5,6]:606893
[8,9]:1000000 #[9,10]:829314
[3,4]:1000000 
[4,5]:1000000 
[32,33]:1000000 #[4,5]:758497
[29,30]:1000000 
[16,17]:1000000 
#[11,12]:1000000
[34,35]:1000000 
[33,34]:1000000 
[15,16]:1000000 
[31,32]:1000000 
[30,31]:1000000 
#[2,3]:1000000
[22,23]:833600 #[8,9]:1000000
[7,8]:407832 #[6,7]:1000000
#[7,8]:1000000
#[1,2]:1000000
[27,28]:484104 #[10,11]:1000000
[28,29]:1000000 
#[3,4]:1000000
#[9,10]:1000000
[21,22]:1000000 
#[5,6]:1000000
[1,2]:1000000 #[2,3]:465676
[32,33]:1000000 
[6,7]:1000000 
#[4,5]:1000000
[29,30]:1000000 
[18,19]:1000000 
[5,6]:1000000 
[24,25]:1000000 #[9,10]:273972
[19,20]:1000000 #[9,10]:9175
[34,35]:1000000 
[23,24]:1000000 
[13,14]:1000000 #[3,4]:297213
[33,34]:871224 #[11,12]:1000000
[10,11]:1000000 
[2,3]:1000000 
[9,10]:1000000 
[17,18]:1000000 #[2,3]:340244
[25,26]:1000000 
[31,32]:1000000 
[20,21]:1000000 
[30,31]:1000000 
[14,15]:1000000 #[2,3]:122218
[11,12]:1000000 
#[10,11]:1000000
[12,13]:1000000 #[2,3]:29577
[26,27]:1000000 
#[8,9]:1000000
[12,13]:39194 #[6,7]:1000000
#[7,8]:1000000
[8,9]:1000000 
[22,23]:1000000 
[3,4]:1000000 
[4,5]:1000000 
#[1,2]:1000000
[32,33]:1000000 
[18,19,20]:269355 #[5,6]:1000000
[28,29]:1000000 
[7,8]:1000000 #[9,10]:971623
[29,30]:1000000 #[9,10]:10784
[34,35]:1000000 
[16,17]:1000000 
[26,27]:329428 #[4,5]:1000000
[27,28]:1000000 
#[11,12]:1000000
[21,22]:1000000 #[2,3]:644538
[33,34]:1000000 
[12,13]:430617 #[3,4]:1000000
[1,2]:1000000 
[6,7]:1000000 
[6,7]:2283 #[10,11]:1000000
[15,16]:1000000 #[9,10]:388314
[31,32]:1000000 
[18,19]:1000000 
[30,31]:1000000 
[5,6]:1000000 
[24,25]:1000000 #[11,12]:388251
[19,20]:1000000 
[23,24]:1000000 
[13,14]:1000000 
#[8,9]:1000000
#[6,7]:1000000
#[7,8]:1000000
[10,11]:1000000 
[32,33]:1000000 
[2,3]:1000000 
[22,23]:1000000 #[7,8]:104062
[9,10]:1000000 
[17,18]:1000000 
[6,7]:368175 #[1,2]:1000000
[34,35]:1000000 #[8,9]:268042
#[5,6]:1000000
[29,30]:1000000 
[25,26]:1000000 
[20,21]:1000000 
[14,15]:1000000 
[11,12]:1000000 #[4,5]:990187
[28,29]:1000000 
[33,34]:1000000 
[34,35]:390890 #[10,11]:1000000
#[2,3]:1000000
[8,9]:1000000 
[31,32]:806088 #[9,10]:1000000
[18,19]:569196 #[3,4]:1000000
[3,4]:1000000 
[4,5]:1000000 #[8,9]:425331
[21,22]:1000000 
[27,28]:877386 #[11,12]:1000000
[7,8]:1000000 #[10,11]:337766
[30,31]:1000000 
[1,2]:1000000 
[32,33]:1000000 
[26,27]:1000000 
#[6,7]:1000000
[12,13]:1000000 
[29,30]:1000000 
#[7,8]:1000000
[5,6]:1000000 
[16,17]:1000000 
[24,25]:1000000 
[3,4]:363008 #[5,6]:1000000
[19,20]:1000000 #[5,6]:11822
[22,23]:1000000 
[31,32]:698041 #[1,2]:1000000
[23,24]:1000000 
#[4,5]:1000000
[13,14]:1000000 
[34,35]:1000000 
[25,26,30,31]:37975 #[9,10]:1000000
[33,34]:1000000 
[6,7]:1000000 
[10,11]:1000000 
[2,3]:1000000 
#[2,3]:1000000
[9,10]:1000000 #[8,9]:904256
[17,18]:1000000 
[22,23]:314061 #[3,4]:1000000
[28,29]:1000000 
[15,16]:1000000 
#[10,11]:1000000
#[11,12]:1000000
[25,26]:1000000 
[33,34,35]:1000000 
[32,33]:1000000 
[20,21]:1000000 
[14,15]:1000000 
[30,31]:1000000 
[11,12]:1000000 
[18,19]:1000000 
[21,22]:1000000 
#[6,7]:1000000
[29,30]:1000000 #[3,4]:422524
[8,9]:1000000 
[1,2]:1000000 
#[5,6]:1000000
[19,20,21]:477472 #[7,8]:1000000
[34,35]:1000000 
#[4,5]:1000000
[27,28]:1000000 
[31,32]:1000000 #[9,10]:936969
[4,5]:1000000 
[7,8]:1000000 #[10,11]:738468
[3,4,30,31]:40120 #[1,2]:1000000
[33,34]:1000000 
[26,27]:1000000 
[31,32,33]:1000000 
[5,6]:1000000 
[24,25]:1000000 
[19,20]:1000000 
[22,23]:897249 #[8,9]:1000000
#[11,12]:1000000
[34,35]:448167 #[2,3]:1000000
[12,13]:1000000 
[23,24]:1000000 
[32,33]:1000000 
[13,14]:1000000 
[6,7]:1000000 
[29,30,31]:1000000 
[28,29]:1000000 
[3,4]:1000000 
[30,31]:1000000 
[10,11]:1000000 
[29,30]:1000000 
[2,3]:1000000 
[16,17]:1000000 
[9,10]:1000000 
[17,18]:1000000 
[30,31,32]:1000000 #[9,10]:909911
#[3,4]:1000000
[13,14]:278125 #[6,7]:1000000
[1,2,3]:603295 #[5,6]:1000000
[28,29]:296386 #[10,11]:1000000
[10,11,19,20]:35810 #[4,5]:1000000
[25,26]:1000000 
[21,22]:1000000 #[4,5]:51951
[31,32]:1000000 #[7,8]:965390
[18,19]:1000000 
[20,21]:1000000 #[1,2]:894113
[14,15]:1000000 
[11,12]:1000000 
[33,34]:1000000 #[5,6]:263192
[1,2]:1000000 
[34,35]:1000000 
[32,33]:1000000 
[16,17]:305024 #[11,12]:1000000
[15,16]:1000000 
[32,33,34]:1000000 
#[2,3]:1000000
[19,20]:799925 #[8,9]:1000000
[27,28]:1000000 
[22,23]:1000000 #[5,6]:364135
[8,9]:1000000 
[7,8]:1000000 
[29,30]:1000000 #[4,5]:603982
[30,31]:1000000 #[10,11]:828453
[5,6]:1000000 
[4,5]:1000000 
[24,25]:1000000 #[4,5]:89344
#[9,10]:1000000
[23,24]:1000000 
[26,27]:1000000 
[6,7]:1000000 
#[3,4]:1000000
[3,4]:806778 #[6,7]:1000000
[12,13]:1000000 
[31,32]:1000000 
[34,35]:984735 #[7,8]:1000000
[10,11]:1000000 
[28,29]:1000000 
[28,29,30]:1000000 
[33,34]:1000000 
[32,33]:1000000 
[2,3]:1000000 
[2,3]:11719 #[1,2]:1000000
[13,14]:1000000 
[25,26]:829852 #[11,12]:1000000
[9,10]:1000000 
[21,22]:1000000 
[17,18]:1000000 
[18,19]:1000000 #[4,5]:751052
#[2,3]:1000000
[33,34]:337045 #[8,9]:1000000
[29,30]:1000000 #[5,6]:998110
#[10,11]:1000000
[1,2]:1000000 
#[9,10]:1000000
[20,21]:1000000 #[4,5]:242150
[30,31]:1000000 
[14,15]:1000000 #[8,9]:176229
[22,23]:1000000 #[2,3]:184563
[11,12]:1000000 
[19,20]:1000000 
#[3,4]:1000000
#[6,7]:1000000
[34,35]:1000000 
[27,28]:1000000 
[5,6]:1000000 
[31,32]:1000000 #[9,10]:511705
[32,33]:1000000 
[24,25]:1000000 
[7,8]:1000000 #[9,10]:27362
[16,17]:1000000 
[8,9]:1000000 
#[7,8]:1000000
[6,7]:1000000 
[23,24]:1000000 
#[11,12]:1000000
[28,29]:1000000 
[4,5]:1000000 
#[1,2]:1000000
[15,16]:1000000 
#[10,11]:1000000
[29,30]:1000000 
[26,27]:1000000 
[33,34]:1000000 
#[5,6]:1000000
[12,13]:1000000 
[3,4]:1000000 
[21,22]:1000000 #[4,5]:929764
[10,11]:1000000 
[13,14]:1000000 
[2,3]:1000000 
[30,31]:1000000 
#[8,9]:1000000
#[2,3]:1000000
[9,10]:1000000 #[10,11]:432759
[17,18]:1000000 
[25,26]:1000000 
[18,19]:1000000 
[1,2]:1000000 
[34,35]:1000000 
[22,23]:1000000 
[32,33]:1000000 
[27,28,29]:949654 #[3,4]:1000000
#[9,10]:1000000
[5,6,30,31]:76431 #[6,7]:1000000
[31,32]:1000000 
[29,30,31]:499245 #[11,12]:1000000
[20,21]:1000000 
[19,20]:1000000 
[14,15]:1000000 
#[7,8]:1000000
[11,12]:1000000 
[29,30]:1000000 #[10,11]:664606
[22,23,24]:1000000 
[5,6]:1000000 
[24,25]:1000000 
#[1,2]:1000000
[33,34]:1000000 
#[5,6]:1000000
[6,7]:1000000 
[28,29]:1000000 
#[4,5]:1000000
[27,28]:1000000 
[23,24]:1000000 
[7,8]:1000000 
[21,22,23]:1000000 
[34,35]:1000000 
[30,31]:1000000 
[8,9]:1000000 
#[8,9]:1000000
#[2,3]:1000000
[32,33]:1000000 
[21,22]:1000000 
#[9,10]:1000000
[4,5]:1000000 
#[3,4]:1000000
[22,23]:1000000 
[16,17]:1000000 
[26,27]:1000000 
[10,11]:1000000 
[13,14]:1000000 
[12,13]:1000000 
[31,32]:1000000 
[33,34]:627086 #[6,7]:1000000
[20,21]:584055 #[11,12]:1000000
[1,2]:1000000 
[18,19]:1000000 
[2,3]:1000000 #[6,7]:75475
[3,4]:1000000 
#[10,11]:1000000
[9,10]:1000000 
[29,30]:1000000 
[17,18]:1000000 
[25,26]:1000000 
[33,34]:251589 #[7,8]:1000000
[15,16]:1000000 
[7,8]:585367 #[5,6]:1000000
#[4,5]:1000000
[34,35]:1000000 
#[1,2]:1000000
[19,20]:1000000 
[20,21,22]:1000000 
[33,34,35]:1000000 
[5,6,7]:1000000 
[32,33]:1000000 
[28,29]:1000000 
#[9,10]:1000000
[14,15]:1000000 #[7,8]:402356
[30,31]:1000000 
[5,6]:1000000 
[11,12]:1000000 #[8,9]:965179
[23,24,25]:1000000 
[24,25]:1000000 #[7,8]:62601
[6,7]:1000000 #[11,12]:786205
[16,17,18,19]:49635 #[2,3]:1000000
[23,24]:1000000 
[26,27]:630824 #[3,4]:1000000
[27,28]:1000000 #[7,8]:201908
[32,33]:431518 #[10,11]:1000000
[21,22]:1000000 
[31,32]:1000000 
[22,23]:1000000 
[29,30]:1000000 
#[6,7]:1000000
[33,34]:1000000 
[8,9]:1000000 
[1,2]:1000000 
[34,35]:1000000 
#[5,6]:1000000
#[4,5]:1000000
[13,14]:1000000 
[10,11]:1000000 
[18,19]:1000000 #[3,4]:492826
[2,3]:1000000 
[4,5]:1000000 
[20,21]:1000000 
[12,13]:1000000 
#[9,10]:1000000
[6,7]:651949 #[1,2]:1000000
[9,10]:1000000 
[17,18,19]:1000000 
[17,18]:1000000 
#[11,12]:1000000
[30,31]:1000000 
[25,26]:1000000 
[3,4]:1000000 
[16,17]:1000000 
#[8,9]:1000000
[28,29]:1000000 
#[2,3]:1000000
#[10,11]:1000000
[32,33]:1000000 
[19,20]:1000000 
[7,8]:1000000 
[29,30]:1000000 #[1,2]:330028
[31,32]:1000000 #[2,3]:194540
#[7,8]:1000000
[31,32,33]:1000000 
[5,6]:1000000 
[24,25]:1000000 
[22,23,32,33]:139993 #[6,7]:1000000
[22,23]:1000000 #[2,3]:174308
[34,35]:1000000 
[6,7,8]:1000000 
[33,34]:1000000 
[14,15]:1000000 
[11,12]:1000000 
[21,22]:1000000 
[15,16]:1000000 
[23,24]:1000000 
[1,2]:776905 #[4,5]:1000000
#[5,6]:1000000
[9,10,11]:1000000 #[7,8]:352742
[31,32]:409396 #[9,10]:1000000
[27,28]:1000000 #[6,7]:259272
#[3,4]:1000000
[26,27]:1000000 
#[11,12]:1000000
[12,13,14]:1000000 
#[10,11]:1000000
[30,31]:1000000 
[32,33]:1000000 
[25,26,27]:1000000 
[13,14]:1000000 
[18,19]:1000000 
[9,10]:816343 #[8,9]:1000000
[10,11]:1000000 
[29,30]:1000000 
[6,7]:1000000 
[8,9]:1000000 
[28,29]:1000000 
[2,3]:1000000 
[7,8,9]:1000000 
[34,35]:1000000 
[20,21]:1000000 
#[1,2]:1000000
[12,13]:1000000 
[17,18]:1000000 
[10,11,12]:1000000 
[30,31,32]:1000000 
[13,14,15]:1000000 #[7,8]:681651
[4,5]:1000000 
[11,12,13]:1000000 
[33,34]:1000000 #[8,9]:350638
[32,33,34]:1000000 
[25,26]:1000000 
[32,33]:596004 #[2,3]:1000000
[19,20]:1000000 
#[4,5]:1000000
[9,10]:334528 #[9,10]:1000000
[23,24,32,33]:126259 #[5,6]:1000000
[22,23]:1000000 
[3,4]:1000000 
[7,8]:1000000 
[31,32]:1000000 
[5,6]:1000000 
[24,25]:1000000 
[13,14]:524777 #[3,4]:1000000
[4,5]:205419 #[6,7]:1000000
[4,5,6]:1000000 
[21,22]:1000000 
[31,32]:121370 #[11,12]:1000000
[16,17]:1000000 
#[10,11]:1000000
[1,2]:1000000 
[23,24]:1000000 
[14,15]:1000000 
[30,31]:1000000 
[29,30]:1000000 
[3,4,5]:1000000 
[11,12]:1000000 #[8,9]:584636
[8,9,10]:1000000 
[24,25,26]:1000000 #[9,10]:670232
[34,35]:1000000 
[27,28]:1000000 
[26,27]:1000000 
[32,33]:1000000 
[18,19]:1000000 #[9,10]:297819
[33,34]:1000000 
[28,29]:1000000 
#[1,2]:1000000
[26,27,28]:1000000 
[30,31]:449940 #[7,8]:1000000
[6,7]:1000000 
[15,16]:1000000 
#[4,5]:1000000
[10,11]:1000000 #[2,3]:977349
[22,23]:833705 #[5,6]:1000000
[19,20]:860291 #[10,11]:1000000
[2,3]:1000000 #[4,5]:199770
#[11,12]:1000000
#[3,4]:1000000
[8,9]:1000000 #[1,2]:320462
[2,3,4]:1000000 
[31,32]:1000000 
#[6,7]:1000000
[17,18]:1000000 
[20,21]:1000000 
[12,13]:1000000 
[29,30]:1000000 
[25,26]:1000000 
[9,10]:1000000 
[21,22]:1000000 
[34,35]:1000000 
[5,6]:1000000 
[28,29]:568811 #[8,9]:1000000
[24,25]:1000000 #[11,12]:387817
[7,8]:1000000 
[13,14]:1000000 
