"30,31:88064""23,24:17141""8,9,10:3789""31,32:71238""7,8,5,6:1245""1,2:187358""11,12:208878""33,34:181974""2,3,6,7:3300""22,23,9,10:3899""33,34,2,3:1486\n""28,29:139122\n""17,18:164504\n""6,7:434192\n""3,4:478351\n""10,11:748730\n"20,21:55051
29,30,2,3:3211
10,11,12:350
13,14,20,21:354
2,3:184065
7,8:255072
6,7:353907
32,33:426587
28,29:69400
11,12:109114
15,16:73525
6,7:255265
10,11:268507
11,12:269225
4,5:315134
19,20:179029
3,4:104559
12,13:105509
17,18,6,7:2733
18,19:231208
21,22,10,11:6574
11,12:606766
29,30:578950
7,8:747370
8,9:800005
2,3:1001811
31,32:824631
31,32:937520
12,13:775422
15,16:731232
33,34:40591
29,30:91661
5,6:0
7,8,9:0
13,14,15:0
26,27:0
17,18:0
34,35:0
15,16,11,12:0
18,19:0
7,8:0
21,22,4,5:0
22,23:0
30,31,6,7:0
20,21:0
23,24:0
34,35:0
28,29:0
29,30,31,32:0
